[11:40:30] This is prokka 1.14.6
[11:40:30] Written by Torsten Seemann <torsten.seemann@gmail.com>
[11:40:30] Homepage is https://github.com/tseemann/prokka
[11:40:30] Local time is Tue Apr  1 11:40:30 2025
[11:40:30] You are frederick
[11:40:30] Operating system is linux
[11:40:30] You have BioPerl 1.7.8
[11:40:30] System has 12 cores.
[11:40:30] Will use maximum of 8 cores.
[11:40:30] Annotating as >>> Bacteria <<<
[11:40:30] Generating locus_tag from 'mags/M1755747002.fna' contents.
[11:40:30] Setting --locustag JIAAJODB from MD5 32aa38dbac58e1afc1d2a4d476f8e387
[11:40:30] Enabling options to ensure Genbank/ENA/DDJB submission compliance.
[11:40:30] Re-using existing --outdir prokka_output/M1755747002
[11:40:30] Using filename prefix: M1755747002.XXX
[11:40:30] Setting HMMER_NCPU=1
[11:40:30] Writing log to: prokka_output/M1755747002/M1755747002.log
[11:40:30] Command: /home/frederick/anaconda3/envs/prokka/bin/prokka mags/M1755747002.fna --outdir prokka_output/M1755747002 --prefix M1755747002 --compliant --force
[11:40:30] Appending to PATH: /home/frederick/anaconda3/envs/prokka/bin
[11:40:30] Looking for 'aragorn' - found /home/frederick/anaconda3/envs/prokka/bin/aragorn
[11:40:30] Determined aragorn version is 001002 from 'ARAGORN v1.2.41 Dean Laslett'
[11:40:30] Looking for 'barrnap' - found /home/frederick/anaconda3/envs/prokka/bin/barrnap
[11:40:30] Determined barrnap version is 000009 from 'barrnap 0.9'
[11:40:30] Looking for 'blastp' - found /home/frederick/anaconda3/envs/prokka/bin/blastp
[11:40:30] Determined blastp version is 002016 from 'blastp: 2.16.0+'
[11:40:30] Looking for 'cmpress' - found /home/frederick/anaconda3/envs/prokka/bin/cmpress
[11:40:30] Determined cmpress version is 001001 from '# INFERNAL 1.1.5 (Sep 2023)'
[11:40:30] Looking for 'cmscan' - found /home/frederick/anaconda3/envs/prokka/bin/cmscan
[11:40:30] Determined cmscan version is 001001 from '# INFERNAL 1.1.5 (Sep 2023)'
[11:40:30] Looking for 'egrep' - found /usr/bin/egrep
[11:40:30] Looking for 'find' - found /usr/bin/find
[11:40:30] Looking for 'grep' - found /usr/bin/grep
[11:40:30] Looking for 'hmmpress' - found /home/frederick/anaconda3/envs/prokka/bin/hmmpress
[11:40:30] Determined hmmpress version is 003004 from '# HMMER 3.4 (Aug 2023); http://hmmer.org/'
[11:40:30] Looking for 'hmmscan' - found /home/frederick/anaconda3/envs/prokka/bin/hmmscan
[11:40:30] Determined hmmscan version is 003004 from '# HMMER 3.4 (Aug 2023); http://hmmer.org/'
[11:40:30] Looking for 'java' - found /home/frederick/anaconda3/envs/prokka/bin/java
[11:40:30] Looking for 'makeblastdb' - found /home/frederick/anaconda3/envs/prokka/bin/makeblastdb
[11:40:30] Determined makeblastdb version is 002016 from 'makeblastdb: 2.16.0+'
[11:40:30] Looking for 'minced' - found /home/frederick/anaconda3/envs/prokka/bin/minced
[11:40:30] Determined minced version is 004002 from 'minced 0.4.2'
[11:40:30] Looking for 'parallel' - found /home/frederick/anaconda3/envs/prokka/bin/parallel
[11:40:31] Determined parallel version is 20250222 from 'GNU parallel 20250222'
[11:40:31] Looking for 'prodigal' - found /home/frederick/anaconda3/envs/prokka/bin/prodigal
[11:40:31] Determined prodigal version is 002006 from 'Prodigal V2.6.3: February, 2016'
[11:40:31] Looking for 'prokka-genbank_to_fasta_db' - found /home/frederick/anaconda3/envs/prokka/bin/prokka-genbank_to_fasta_db
[11:40:31] Looking for 'sed' - found /usr/bin/sed
[11:40:31] Looking for 'tbl2asn' - found /home/frederick/anaconda3/envs/prokka/bin/tbl2asn
[11:40:31] Determined tbl2asn version is 025007 from 'tbl2asn 25.7   arguments:'
[11:40:31] Using genetic code table 11.
[11:40:31] Loading and checking input file: mags/M1755747002.fna
[11:40:31] Wrote 195 contigs totalling 1658587 bp.
[11:40:31] Predicting tRNAs and tmRNAs
[11:40:31] Running: aragorn -l -gc11  -w prokka_output\/M1755747002\/M1755747002\.fna
[11:40:32] 1 tRNA-Val [52,127] 34 (tac)
[11:40:32] 2 tRNA-Asp [135,211] 35 (gtc)
[11:40:32] 3 tRNA-Gly [224,298] 33 (gcc)
[11:40:32] 4 tRNA-Pyl [305,380] 37 (cta)
[11:40:32] 1 tRNA-Arg c[881,955] 35 (tcg)
[11:40:32] 1 tRNA-Arg [18092,18166] 35 (acg)
[11:40:32] 1 tRNA-Glu [14282,14353] 34 (ctc)
[11:40:32] 2 tRNA-Gly [14365,14438] 33 (tcc)
[11:40:32] 1 tmRNA [12242,12592] 93,125 ANENNLLAA**
[11:40:32] 1 tRNA-Ser c[3016,3105] 35 (gga)
[11:40:32] 1 tRNA-Glu c[54,127] 35 (ttc)
[11:40:32] 2 tRNA-Asn c[137,209] 33 (gtt)
[11:40:32] Found 12 tRNAs
[11:40:32] Predicting Ribosomal RNAs
[11:40:32] Running Barrnap with 8 threads
[11:40:33] 1 gnl|Prokka|JIAAJODB_112 5015 5S ribosomal RNA (partial)
[11:40:33] 2 gnl|Prokka|JIAAJODB_119 4660 5S ribosomal RNA (partial)
[11:40:33] 3 gnl|Prokka|JIAAJODB_130 217 5S ribosomal RNA
[11:40:33] 4 gnl|Prokka|JIAAJODB_67 8949 5S ribosomal RNA (partial)
[11:40:33] Found 4 rRNAs
[11:40:33] Skipping ncRNA search, enable with --rfam if desired.
[11:40:33] Total of 15 tRNA + rRNA features
[11:40:33] Searching for CRISPR repeats
[11:40:33] CRISPR1 gnl|Prokka|JIAAJODB_5 123 with 4 spacers
[11:40:33] Found 1 CRISPRs
[11:40:33] Predicting coding sequences
[11:40:33] Contigs total 1658587 bp, so using single mode
[11:40:33] Running: prodigal -i prokka_output\/M1755747002\/M1755747002\.fna -c -m -g 11 -p single -f sco -q
[11:40:36] Found 1486 CDS
[11:40:36] Connecting features back to sequences
[11:40:36] Not using genus-specific database. Try --usegenus to enable it.
[11:40:36] Annotating CDS, please be patient.
[11:40:36] Will use 8 CPUs for similarity searching.
[11:40:36] There are still 1486 unannotated CDS left (started with 1486)
[11:40:36] Will use blast to search against /home/frederick/anaconda3/envs/prokka/db/kingdom/Bacteria/IS with 8 CPUs
[11:40:36] Running: cat prokka_output\/M1755747002\/M1755747002\.IS\.tmp\.30303\.faa | parallel --gnu --plain -j 8 --block 28966 --recstart '>' --pipe blastp -query - -db /home/frederick/anaconda3/envs/prokka/db/kingdom/Bacteria/IS -evalue 1e-30 -qcov_hsp_perc 90 -num_threads 1 -num_descriptions 1 -num_alignments 1 -seg no > prokka_output\/M1755747002\/M1755747002\.IS\.tmp\.30303\.blast 2> /dev/null
[11:40:41] Deleting unwanted file: prokka_output/M1755747002/M1755747002.IS.tmp.30303.faa
[11:40:41] Deleting unwanted file: prokka_output/M1755747002/M1755747002.IS.tmp.30303.blast
[11:40:41] There are still 1480 unannotated CDS left (started with 1486)
[11:40:41] Will use blast to search against /home/frederick/anaconda3/envs/prokka/db/kingdom/Bacteria/AMR with 8 CPUs
[11:40:41] Running: cat prokka_output\/M1755747002\/M1755747002\.AMR\.tmp\.30303\.faa | parallel --gnu --plain -j 8 --block 28875 --recstart '>' --pipe blastp -query - -db /home/frederick/anaconda3/envs/prokka/db/kingdom/Bacteria/AMR -evalue 1e-300 -qcov_hsp_perc 90 -num_threads 1 -num_descriptions 1 -num_alignments 1 -seg no > prokka_output\/M1755747002\/M1755747002\.AMR\.tmp\.30303\.blast 2> /dev/null
[11:40:45] Deleting unwanted file: prokka_output/M1755747002/M1755747002.AMR.tmp.30303.faa
[11:40:45] Deleting unwanted file: prokka_output/M1755747002/M1755747002.AMR.tmp.30303.blast
[11:40:46] There are still 1480 unannotated CDS left (started with 1486)
[11:40:46] Will use blast to search against /home/frederick/anaconda3/envs/prokka/db/kingdom/Bacteria/sprot with 8 CPUs
[11:40:46] Running: cat prokka_output\/M1755747002\/M1755747002\.sprot\.tmp\.30303\.faa | parallel --gnu --plain -j 8 --block 28875 --recstart '>' --pipe blastp -query - -db /home/frederick/anaconda3/envs/prokka/db/kingdom/Bacteria/sprot -evalue 1e-09 -qcov_hsp_perc 80 -num_threads 1 -num_descriptions 1 -num_alignments 1 -seg no > prokka_output\/M1755747002\/M1755747002\.sprot\.tmp\.30303\.blast 2> /dev/null
[11:41:07] Modify product: Probable tRNA sulfurtransferase => putative tRNA sulfurtransferase
[11:41:07] Modify product: TelA-like protein SA1238 => TelA-like protein
[11:41:07] Modify product: Uncharacterized protein Rv1488 => putative protein
[11:41:07] Modify product: UPF0371 protein DIP2346 => hypothetical protein
[11:41:07] Modify product: Peptidoglycan-N-acetylglucosamine deacetylase BC_3618 => Peptidoglycan-N-acetylglucosamine deacetylase
[11:41:07] Modify product: Probable cystine transporter YijE => putative cystine transporter YijE
[11:41:07] Modify product: Probable nicotinate-nucleotide adenylyltransferase => putative nicotinate-nucleotide adenylyltransferase
[11:41:07] Modify product: Probable transcriptional regulatory protein aq_1575 => putative transcriptional regulatory protein
[11:41:07] Modify product: Nucleoid-associated protein Cthe_2143 => Nucleoid-associated protein
[11:41:07] Modify product: Putative multidrug export ATP-binding/permease protein SAV1866 => Putative multidrug export ATP-binding/permease protein
[11:41:07] Modify product: Probable transcription repressor NiaR => putative transcription repressor NiaR
[11:41:07] Modify product: Uncharacterized protein HP_1423 => putative protein
[11:41:07] Modify product: UPF0758 protein YsxA => hypothetical protein
[11:41:07] Modify product: 23S rRNA 5-hydroxycytidine C2501 synthase => 23S rRNA 5-hydroxycytidine synthase
[11:41:07] Modify product: Uncharacterized ABC transporter ATP-binding protein YheS => putative ABC transporter ATP-binding protein YheS
[11:41:07] Modify product: UPF0126 inner membrane protein YadS => hypothetical protein
[11:41:07] Modify product: Uncharacterized ABC transporter ATP-binding protein YbiT => putative ABC transporter ATP-binding protein YbiT
[11:41:07] Modify product: Probable cobalt-factor III C(17)-methyltransferase => putative cobalt-factor III C(17)-methyltransferase
[11:41:08] Modify product: Uncharacterized ABC transporter ATP-binding protein Rv0986 => putative ABC transporter ATP-binding protein
[11:41:08] Modify product: Putative lipid kinase SP_1045 => Putative lipid kinase
[11:41:08] Modify product: UPF0073 inner membrane protein YqfA => hypothetical protein
[11:41:08] Modify product: DegV domain-containing protein SA1258 => DegV domain-containing protein
[11:41:08] Modify product: Probable heme-iron transport system permease protein IsdF => putative heme-iron transport system permease protein IsdF
[11:41:08] Modify product: Bifunctional protein FolD => Bifunctional protein FolD protein
[11:41:08] Modify product: UPF0701 protein YicC => hypothetical protein
[11:41:08] Modify product: Uncharacterized protein YqeY => putative protein YqeY
[11:41:08] Modify product: Uncharacterized protein Spy1535 => putative protein
[11:41:08] Modify product: Uncharacterized ABC transporter ATP-binding protein YknY => putative ABC transporter ATP-binding protein YknY
[11:41:08] Modify product: Uncharacterized oxidoreductase SA2266 => putative oxidoreductase
[11:41:08] Modify product: Rqc2 homolog RqcH => Rqc2 RqcH
[11:41:08] Modify product: Uncharacterized protein YjdJ => putative protein YjdJ
[11:41:08] Modify product: Uncharacterized protein Rv2927c => putative protein
[11:41:08] Modify product: Uncharacterized protein SA1069 => putative protein
[11:41:08] Modify product: Uncharacterized protein Spy1614 => putative protein
[11:41:08] Modify product: Probable protein kinase UbiB => putative protein kinase UbiB
[11:41:08] Modify product: Probable NADH oxidase => putative NADH oxidase
[11:41:08] Modify product: Probable bacterial non-heme ferritin => putative bacterial non-heme ferritin
[11:41:08] Modify product: Probable cell division protein WhiA => putative cell division protein WhiA
[11:41:08] Modify product: Probable dual-specificity RNA methyltransferase RlmN => putative dual-specificity RNA methyltransferase RlmN
[11:41:08] Modify product: Probable ribosomal protein YlxQ => putative ribosomal protein YlxQ
[11:41:08] Modify product: Transcriptional repressor SmtB homolog => Transcriptional repressor SmtB 
[11:41:08] Modify product: Uncharacterized protein YqeN => putative protein YqeN
[11:41:08] Modify product: UPF0337 protein SA1452 => hypothetical protein
[11:41:08] Modify product: Nucleotidase CA_C3379 => Nucleotidase
[11:41:08] Modify product: Probable phosphatase Rv3661 => putative phosphatase
[11:41:08] Modify product: Uncharacterized ABC transporter ATP-binding protein YbiT => putative ABC transporter ATP-binding protein YbiT
[11:41:08] Modify product: UPF0324 inner membrane protein YeiH => hypothetical protein
[11:41:08] Modify product: Putative metallophosphoesterase MG207 homolog => Putative metallophosphoesterase MG207 
[11:41:08] Modify product: Uncharacterized metal-dependent hydrolase YcfH => putative metal-dependent hydrolase YcfH
[11:41:08] Modify product: Probable ABC transporter ATP-binding/permease protein HI_0664 => putative ABC transporter ATP-binding/permease protein
[11:41:08] Modify product: Probable lipid II flippase MurJ => putative lipid II flippase MurJ
[11:41:08] Modify product: Uncharacterized protein HI_0933 => putative protein
[11:41:08] Modify product: Probable glucosamine-6-phosphate deaminase 2 => putative glucosamine-6-phosphate deaminase 2
[11:41:08] Modify product: GTP cyclohydrolase 1 type 2 homolog => GTP cyclohydrolase 1 type 2 
[11:41:08] Modify product: UPF0051 protein SA0778 => hypothetical protein
[11:41:08] Modify product: UPF0145 protein YbjQ => hypothetical protein
[11:41:08] Modify product: Calcium-transporting ATPase lmo0841 => Calcium-transporting ATPase
[11:41:08] Modify product: Dihydroorotate dehydrogenase B (NAD(+)), electron transfer subunit homolog => Dihydroorotate dehydrogenase B (NAD(+)), electron transfer subunit 
[11:41:08] Modify product: Uncharacterized ABC transporter ATP-binding protein TM_0288 => putative ABC transporter ATP-binding protein
[11:41:08] Modify product: Uncharacterized PIN and TRAM-domain containing protein YacL => putative PIN and TRAM-domain containing protein YacL
[11:41:08] Modify product: DegV domain-containing protein MW1315 => DegV domain-containing protein
[11:41:08] Cleaned 61 /product names
[11:41:08] Deleting unwanted file: prokka_output/M1755747002/M1755747002.sprot.tmp.30303.faa
[11:41:08] Deleting unwanted file: prokka_output/M1755747002/M1755747002.sprot.tmp.30303.blast
[11:41:08] There are still 706 unannotated CDS left (started with 1486)
[11:41:08] Will use hmmer3 to search against /home/frederick/anaconda3/envs/prokka/db/hmm/HAMAP.hmm with 8 CPUs
[11:41:08] Running: cat prokka_output\/M1755747002\/M1755747002\.HAMAP\.hmm\.tmp\.30303\.faa | parallel --gnu --plain -j 8 --block 12711 --recstart '>' --pipe hmmscan --noali --notextw --acc -E 1e-09 --cpu 1 /home/frederick/anaconda3/envs/prokka/db/hmm/HAMAP.hmm /dev/stdin > prokka_output\/M1755747002\/M1755747002\.HAMAP\.hmm\.tmp\.30303\.hmmer3 2> /dev/null
[11:41:15] Deleting unwanted file: prokka_output/M1755747002/M1755747002.HAMAP.hmm.tmp.30303.faa
[11:41:15] Deleting unwanted file: prokka_output/M1755747002/M1755747002.HAMAP.hmm.tmp.30303.hmmer3
[11:41:15] Labelling remaining 603 proteins as 'hypothetical protein'
[11:41:15] Possible /pseudo 'Cobalamin biosynthesis protein CbiB' at gnl|Prokka|JIAAJODB_1 position 21549
[11:41:15] Possible /pseudo 'N-acetylmuramoyl-L-alanine amidase LytC' at gnl|Prokka|JIAAJODB_15 position 6377
[11:41:15] Possible /pseudo 'Putative fluoride ion transporter CrcB' at gnl|Prokka|JIAAJODB_32 position 6973
[11:41:15] Possible /pseudo 'Chaperone protein ClpB' at gnl|Prokka|JIAAJODB_38 position 10203
[11:41:15] Possible /pseudo 'Alanine racemase' at gnl|Prokka|JIAAJODB_49 position 7226
[11:41:15] Possible /pseudo 'putative protein' at gnl|Prokka|JIAAJODB_61 position 8514
[11:41:15] Possible /pseudo 'Thymidylate synthase' at gnl|Prokka|JIAAJODB_63 position 6471
[11:41:15] Possible /pseudo 'Trigger factor' at gnl|Prokka|JIAAJODB_81 position 4489
[11:41:15] Found 727 unique /gene codes.
[11:41:15] Fixed 2 duplicate /gene - murE_1 murE_2
[11:41:15] Fixed 4 duplicate /gene - mepA_1 mepA_2 mepA_3 mepA_4
[11:41:15] Fixed 2 duplicate /gene - sstT_1 sstT_2
[11:41:15] Fixed 2 duplicate /gene - mreB_1 mreB_2
[11:41:15] Fixed 3 duplicate /gene - ykoD_1 ykoD_2 ykoD_3
[11:41:15] Fixed 2 duplicate /gene - carD_1 carD_2
[11:41:15] Fixed 3 duplicate /gene - alsT_1 alsT_2 alsT_3
[11:41:15] Fixed 2 duplicate /gene - sigM_1 sigM_2
[11:41:15] Fixed 2 duplicate /gene - aroA_1 aroA_2
[11:41:15] Fixed 3 duplicate /gene - lolD_1 lolD_2 lolD_3
[11:41:15] Fixed 7 duplicate /gene - lytC_1 lytC_2 lytC_3 lytC_4 lytC_5 lytC_6 lytC_7
[11:41:15] Fixed 4 duplicate /gene - gloB_1 gloB_2 gloB_3 gloB_4
[11:41:15] Fixed 2 duplicate /gene - pepD_1 pepD_2
[11:41:15] Fixed 2 duplicate /gene - ybiT_1 ybiT_2
[11:41:15] Fixed 2 duplicate /gene - msbA_1 msbA_2
[11:41:15] Fixed 2 duplicate /gene - carC_1 carC_2
[11:41:15] Fixed 2 duplicate /gene - rsxB_1 rsxB_2
[11:41:15] Fixed 2 duplicate /gene - alaS_1 alaS_2
[11:41:15] Fixed 2 duplicate /gene - bioB_1 bioB_2
[11:41:15] Fixed 2 duplicate /gene - ugtP_1 ugtP_2
[11:41:15] Fixed 2 duplicate /gene - smc_1 smc_2
[11:41:15] Fixed 2 duplicate /gene - fabG_1 fabG_2
[11:41:15] Fixed 2 duplicate /gene - uvrB_1 uvrB_2
[11:41:15] Fixed 2 duplicate /gene - moaA_1 moaA_2
[11:41:15] Fixed 5 duplicate /gene - ecfT_1 ecfT_2 ecfT_3 ecfT_4 ecfT_5
[11:41:15] Fixed 2 duplicate /gene - carE_1 carE_2
[11:41:15] Fixed 2 duplicate /gene - rspR_1 rspR_2
[11:41:15] Fixed 2 duplicate /gene - lysN_1 lysN_2
[11:41:15] Fixed 2 duplicate /gene - carA_1 carA_2
[11:41:15] Fixed 4 duplicate /gene - sasA_1 sasA_2 sasA_3 sasA_4
[11:41:15] Fixed 2 duplicate /gene - xerC_1 xerC_2
[11:41:15] Fixed 2 duplicate /gene - fldA_1 fldA_2
[11:41:15] Fixed 2 duplicate /gene - artM_1 artM_2
[11:41:15] Fixed 2 duplicate /gene - pspA_1 pspA_2
[11:41:15] Fixed 2 duplicate /gene - dapA_1 dapA_2
[11:41:15] Fixed 2 duplicate /gene - polC_1 polC_2
[11:41:15] Fixed 2 duplicate /gene - mtgA_1 mtgA_2
[11:41:15] Fixed 2 duplicate /gene - secA_1 secA_2
[11:41:15] Fixed 2 duplicate /gene - fusA_1 fusA_2
[11:41:15] Fixed 2 duplicate /gene - tagU_1 tagU_2
[11:41:15] Fixed 2 duplicate /gene - prsA_1 prsA_2
[11:41:15] Fixed 2 duplicate /gene - thyA_1 thyA_2
[11:41:15] Fixed 2 duplicate /gene - artQ_1 artQ_2
[11:41:15] Fixed 2 duplicate /gene - gap_1 gap_2
[11:41:15] Fixed 2 duplicate /gene - mnmE_1 mnmE_2
[11:41:15] Fixed 2 duplicate /gene - cpdA_1 cpdA_2
[11:41:15] Fixed 2 duplicate /gene - COQ5_1 COQ5_2
[11:41:15] Fixed 3 duplicate /gene - rhaR_1 rhaR_2 rhaR_3
[11:41:15] Fixed 2 duplicate /gene - clsA_1 clsA_2
[11:41:15] Fixed 2 duplicate /gene - crcB_1 crcB_2
[11:41:15] Fixed 2 duplicate /gene - murJ_1 murJ_2
[11:41:15] Fixed 2 duplicate /gene - dnaA_1 dnaA_2
[11:41:15] Fixed 2 duplicate /gene - artP_1 artP_2
[11:41:15] Fixed 2 duplicate /gene - clpB_1 clpB_2
[11:41:15] Fixed 2 duplicate /gene - hadC_1 hadC_2
[11:41:15] Fixed 4 duplicate /gene - brnQ_1 brnQ_2 brnQ_3 brnQ_4
[11:41:15] Fixed 2 duplicate /gene - ruvB_1 ruvB_2
[11:41:15] Fixed 2 duplicate /gene - tig_1 tig_2
[11:41:15] Fixed 2 duplicate /gene - cbiB_1 cbiB_2
[11:41:15] Fixed 2 duplicate /gene - lnrL_1 lnrL_2
[11:41:15] Fixed 2 duplicate /gene - macB_1 macB_2
[11:41:15] Fixed 2 duplicate /gene - asd_1 asd_2
[11:41:15] Fixed 2 duplicate /gene - btuD_1 btuD_2
[11:41:15] Fixed 2 duplicate /gene - prkC_1 prkC_2
[11:41:15] Fixed 2 duplicate /gene - hpt_1 hpt_2
[11:41:15] Fixed 65 colliding /gene names.
[11:41:15] Adding /locus_tag identifiers
[11:41:15] Assigned 1502 locus_tags to CDS and RNA features.
[11:41:15] Writing outputs to prokka_output/M1755747002/
[11:41:17] Generating annotation statistics file
[11:41:17] Generating Genbank and Sequin files
[11:41:17] Running: tbl2asn -V b -a r10k -l paired-ends -M n -N 1 -y 'Annotated using prokka 1.14.6 from https://github.com/tseemann/prokka' -Z prokka_output\/M1755747002\/M1755747002\.err -i prokka_output\/M1755747002\/M1755747002\.fsa 2> /dev/null
[11:41:26] Deleting unwanted file: prokka_output/M1755747002/errorsummary.val
[11:41:26] Deleting unwanted file: prokka_output/M1755747002/M1755747002.dr
[11:41:26] Deleting unwanted file: prokka_output/M1755747002/M1755747002.fixedproducts
[11:41:26] Deleting unwanted file: prokka_output/M1755747002/M1755747002.ecn
[11:41:26] Deleting unwanted file: prokka_output/M1755747002/M1755747002.val
[11:41:26] Repairing broken .GBK output that tbl2asn produces...
[11:41:26] Running: sed 's/COORDINATES: profile/COORDINATES:profile/' < prokka_output\/M1755747002\/M1755747002\.gbf > prokka_output\/M1755747002\/M1755747002\.gbk
[11:41:28] Deleting unwanted file: prokka_output/M1755747002/M1755747002.gbf
[11:41:28] Output files:
[11:41:28] prokka_output/M1755747002/M1755747002.err
[11:41:28] prokka_output/M1755747002/M1755747002.faa
[11:41:28] prokka_output/M1755747002/M1755747002.ffn
[11:41:28] prokka_output/M1755747002/M1755747002.fna
[11:41:28] prokka_output/M1755747002/M1755747002.fsa
[11:41:28] prokka_output/M1755747002/M1755747002.gbk
[11:41:28] prokka_output/M1755747002/M1755747002.gff
[11:41:28] prokka_output/M1755747002/M1755747002.log
[11:41:28] prokka_output/M1755747002/M1755747002.sqn
[11:41:28] prokka_output/M1755747002/M1755747002.tbl
[11:41:28] prokka_output/M1755747002/M1755747002.tsv
[11:41:28] prokka_output/M1755747002/M1755747002.txt
[11:41:28] Annotation finished successfully.
[11:41:28] Walltime used: 0.97 minutes
[11:41:28] If you use this result please cite the Prokka paper:
[11:41:28] Seemann T (2014) Prokka: rapid prokaryotic genome annotation. Bioinformatics. 30(14):2068-9.
[11:41:28] Type 'prokka --citation' for more details.
[11:41:28] Thank you, come again.
