[11:28:40] This is prokka 1.14.6
[11:28:40] Written by Torsten Seemann <torsten.seemann@gmail.com>
[11:28:40] Homepage is https://github.com/tseemann/prokka
[11:28:40] Local time is Tue Apr  1 11:28:40 2025
[11:28:40] You are frederick
[11:28:40] Operating system is linux
[11:28:40] You have BioPerl 1.7.8
[11:28:40] System has 12 cores.
[11:28:40] Will use maximum of 8 cores.
[11:28:40] Annotating as >>> Bacteria <<<
[11:28:40] Generating locus_tag from 'mags/M1337686151.fna' contents.
[11:28:40] Setting --locustag MANLFPEH from MD5 6a75f9e124bec4cd0003861e017b8a0e
[11:28:40] Enabling options to ensure Genbank/ENA/DDJB submission compliance.
[11:28:40] Re-using existing --outdir prokka_output/M1337686151
[11:28:40] Using filename prefix: M1337686151.XXX
[11:28:40] Setting HMMER_NCPU=1
[11:28:40] Writing log to: prokka_output/M1337686151/M1337686151.log
[11:28:40] Command: /home/frederick/anaconda3/envs/prokka/bin/prokka mags/M1337686151.fna --outdir prokka_output/M1337686151 --prefix M1337686151 --compliant --force
[11:28:40] Appending to PATH: /home/frederick/anaconda3/envs/prokka/bin
[11:28:40] Looking for 'aragorn' - found /home/frederick/anaconda3/envs/prokka/bin/aragorn
[11:28:40] Determined aragorn version is 001002 from 'ARAGORN v1.2.41 Dean Laslett'
[11:28:40] Looking for 'barrnap' - found /home/frederick/anaconda3/envs/prokka/bin/barrnap
[11:28:40] Determined barrnap version is 000009 from 'barrnap 0.9'
[11:28:40] Looking for 'blastp' - found /home/frederick/anaconda3/envs/prokka/bin/blastp
[11:28:40] Determined blastp version is 002016 from 'blastp: 2.16.0+'
[11:28:40] Looking for 'cmpress' - found /home/frederick/anaconda3/envs/prokka/bin/cmpress
[11:28:40] Determined cmpress version is 001001 from '# INFERNAL 1.1.5 (Sep 2023)'
[11:28:40] Looking for 'cmscan' - found /home/frederick/anaconda3/envs/prokka/bin/cmscan
[11:28:40] Determined cmscan version is 001001 from '# INFERNAL 1.1.5 (Sep 2023)'
[11:28:40] Looking for 'egrep' - found /usr/bin/egrep
[11:28:40] Looking for 'find' - found /usr/bin/find
[11:28:40] Looking for 'grep' - found /usr/bin/grep
[11:28:40] Looking for 'hmmpress' - found /home/frederick/anaconda3/envs/prokka/bin/hmmpress
[11:28:40] Determined hmmpress version is 003004 from '# HMMER 3.4 (Aug 2023); http://hmmer.org/'
[11:28:40] Looking for 'hmmscan' - found /home/frederick/anaconda3/envs/prokka/bin/hmmscan
[11:28:40] Determined hmmscan version is 003004 from '# HMMER 3.4 (Aug 2023); http://hmmer.org/'
[11:28:40] Looking for 'java' - found /home/frederick/anaconda3/envs/prokka/bin/java
[11:28:40] Looking for 'makeblastdb' - found /home/frederick/anaconda3/envs/prokka/bin/makeblastdb
[11:28:40] Determined makeblastdb version is 002016 from 'makeblastdb: 2.16.0+'
[11:28:40] Looking for 'minced' - found /home/frederick/anaconda3/envs/prokka/bin/minced
[11:28:40] Determined minced version is 004002 from 'minced 0.4.2'
[11:28:40] Looking for 'parallel' - found /home/frederick/anaconda3/envs/prokka/bin/parallel
[11:28:41] Determined parallel version is 20250222 from 'GNU parallel 20250222'
[11:28:41] Looking for 'prodigal' - found /home/frederick/anaconda3/envs/prokka/bin/prodigal
[11:28:41] Determined prodigal version is 002006 from 'Prodigal V2.6.3: February, 2016'
[11:28:41] Looking for 'prokka-genbank_to_fasta_db' - found /home/frederick/anaconda3/envs/prokka/bin/prokka-genbank_to_fasta_db
[11:28:41] Looking for 'sed' - found /usr/bin/sed
[11:28:41] Looking for 'tbl2asn' - found /home/frederick/anaconda3/envs/prokka/bin/tbl2asn
[11:28:41] Determined tbl2asn version is 025007 from 'tbl2asn 25.7   arguments:'
[11:28:41] Using genetic code table 11.
[11:28:41] Loading and checking input file: mags/M1337686151.fna
[11:28:41] Wrote 250 contigs totalling 1444254 bp.
[11:28:41] Predicting tRNAs and tmRNAs
[11:28:41] Running: aragorn -l -gc11  -w prokka_output\/M1337686151\/M1337686151\.fna
[11:28:42] 1 tmRNA c[1303,1653] 93,125 ANENNLLAA**
[11:28:42] 1 tRNA-Ser c[6324,6413] 35 (gga)
[11:28:42] 1 tRNA-Cys c[9247,9318] 33 (gca)
[11:28:42] 2 tRNA-Lys c[9339,9413] 35 (ctt)
[11:28:42] 3 tRNA-Met c[9420,9496] 35 (cat)
[11:28:42] 4 tRNA-Phe c[9511,9586] 34 (gaa)
[11:28:42] 5 tRNA-Ser c[9591,9679] 35 (tga)
[11:28:42] 6 tRNA-Gln c[9700,9775] 34 (ttg)
[11:28:42] 7 tRNA-Leu c[9823,9906] 35 (tag)
[11:28:42] 1 tRNA-Arg [5619,5693] 35 (tcg)
[11:28:42] 2 tRNA-Arg [6753,6827] 35 (cct)
[11:28:42] 1 tRNA-Arg c[1217,1291] 35 (acg)
[11:28:42] 1 tRNA-Asn [3765,3837] 33 (gtt)
[11:28:42] 2 tRNA-Glu [3847,3920] 35 (ttc)
[11:28:42] 1 tRNA-Gly c[51,124] 33 (tcc)
[11:28:42] 2 tRNA-Glu c[136,207] 34 (ctc)
[11:28:43] 1 tRNA-Val [52,127] 34 (tac)
[11:28:43] 2 tRNA-Asp [135,211] 35 (gtc)
[11:28:43] 3 tRNA-Gly [224,298] 33 (gcc)
[11:28:43] 4 tRNA-Pyl [305,380] 37 (cta)
[11:28:43] Found 20 tRNAs
[11:28:43] Predicting Ribosomal RNAs
[11:28:43] Running Barrnap with 8 threads
[11:28:43] 1 gnl|Prokka|MANLFPEH_140 3652 5S ribosomal RNA
[11:28:43] 2 gnl|Prokka|MANLFPEH_179 1 5S ribosomal RNA (partial)
[11:28:43] Found 2 rRNAs
[11:28:43] Skipping ncRNA search, enable with --rfam if desired.
[11:28:43] Total of 21 tRNA + rRNA features
[11:28:43] Searching for CRISPR repeats
[11:28:44] Found 0 CRISPRs
[11:28:44] Predicting coding sequences
[11:28:44] Contigs total 1444254 bp, so using single mode
[11:28:44] Running: prodigal -i prokka_output\/M1337686151\/M1337686151\.fna -c -m -g 11 -p single -f sco -q
[11:28:49] Found 1256 CDS
[11:28:49] Connecting features back to sequences
[11:28:49] Not using genus-specific database. Try --usegenus to enable it.
[11:28:49] Annotating CDS, please be patient.
[11:28:49] Will use 8 CPUs for similarity searching.
[11:28:49] There are still 1256 unannotated CDS left (started with 1256)
[11:28:49] Will use blast to search against /home/frederick/anaconda3/envs/prokka/db/kingdom/Bacteria/IS with 8 CPUs
[11:28:49] Running: cat prokka_output\/M1337686151\/M1337686151\.IS\.tmp\.14879\.faa | parallel --gnu --plain -j 8 --block 23756 --recstart '>' --pipe blastp -query - -db /home/frederick/anaconda3/envs/prokka/db/kingdom/Bacteria/IS -evalue 1e-30 -qcov_hsp_perc 90 -num_threads 1 -num_descriptions 1 -num_alignments 1 -seg no > prokka_output\/M1337686151\/M1337686151\.IS\.tmp\.14879\.blast 2> /dev/null
[11:28:54] Deleting unwanted file: prokka_output/M1337686151/M1337686151.IS.tmp.14879.faa
[11:28:54] Deleting unwanted file: prokka_output/M1337686151/M1337686151.IS.tmp.14879.blast
[11:28:55] There are still 1250 unannotated CDS left (started with 1256)
[11:28:55] Will use blast to search against /home/frederick/anaconda3/envs/prokka/db/kingdom/Bacteria/AMR with 8 CPUs
[11:28:55] Running: cat prokka_output\/M1337686151\/M1337686151\.AMR\.tmp\.14879\.faa | parallel --gnu --plain -j 8 --block 23655 --recstart '>' --pipe blastp -query - -db /home/frederick/anaconda3/envs/prokka/db/kingdom/Bacteria/AMR -evalue 1e-300 -qcov_hsp_perc 90 -num_threads 1 -num_descriptions 1 -num_alignments 1 -seg no > prokka_output\/M1337686151\/M1337686151\.AMR\.tmp\.14879\.blast 2> /dev/null
[11:28:59] Deleting unwanted file: prokka_output/M1337686151/M1337686151.AMR.tmp.14879.faa
[11:28:59] Deleting unwanted file: prokka_output/M1337686151/M1337686151.AMR.tmp.14879.blast
[11:28:59] There are still 1250 unannotated CDS left (started with 1256)
[11:28:59] Will use blast to search against /home/frederick/anaconda3/envs/prokka/db/kingdom/Bacteria/sprot with 8 CPUs
[11:28:59] Running: cat prokka_output\/M1337686151\/M1337686151\.sprot\.tmp\.14879\.faa | parallel --gnu --plain -j 8 --block 23655 --recstart '>' --pipe blastp -query - -db /home/frederick/anaconda3/envs/prokka/db/kingdom/Bacteria/sprot -evalue 1e-09 -qcov_hsp_perc 80 -num_threads 1 -num_descriptions 1 -num_alignments 1 -seg no > prokka_output\/M1337686151\/M1337686151\.sprot\.tmp\.14879\.blast 2> /dev/null
[11:29:18] Modify product: Putative metallophosphoesterase MG207 homolog => Putative metallophosphoesterase MG207 
[11:29:18] Modify product: Uncharacterized protein SA1069 => putative protein
[11:29:18] Modify product: Uncharacterized protein Spy1614 => putative protein
[11:29:18] Modify product: Probable nicotinate-nucleotide pyrophosphorylase [carboxylating] => putative nicotinate-nucleotide pyrophosphorylase [carboxylating]
[11:29:18] Modify product: UPF0337 protein SA1452 => hypothetical protein
[11:29:18] Modify product: Uncharacterized protein HP_1423 => putative protein
[11:29:18] Modify product: Peptidoglycan-N-acetylglucosamine deacetylase BC_3618 => Peptidoglycan-N-acetylglucosamine deacetylase
[11:29:18] Modify product: Putative multidrug export ATP-binding/permease protein SAV1866 => Putative multidrug export ATP-binding/permease protein
[11:29:18] Modify product: Uncharacterized protein YqeN => putative protein YqeN
[11:29:18] Modify product: Probable nicotinate-nucleotide adenylyltransferase => putative nicotinate-nucleotide adenylyltransferase
[11:29:18] Modify product: Uncharacterized ABC transporter ATP-binding protein Rv0986 => putative ABC transporter ATP-binding protein
[11:29:18] Modify product: Probable protein kinase UbiB => putative protein kinase UbiB
[11:29:18] Modify product: DegV domain-containing protein SA1258 => DegV domain-containing protein
[11:29:18] Modify product: UPF0297 protein EF_1202 => hypothetical protein
[11:29:18] Modify product: UPF0053 protein HI_0107 => hypothetical protein
[11:29:18] Modify product: Probable NADH oxidase => putative NADH oxidase
[11:29:18] Modify product: Putative multidrug export ATP-binding/permease protein SAV1866 => Putative multidrug export ATP-binding/permease protein
[11:29:18] Modify product: Probable transcription repressor NiaR => putative transcription repressor NiaR
[11:29:18] Modify product: Transcriptional repressor SmtB homolog => Transcriptional repressor SmtB 
[11:29:18] Modify product: Uncharacterized ABC transporter ATP-binding protein YheS => putative ABC transporter ATP-binding protein YheS
[11:29:18] Modify product: Calcium-transporting ATPase lmo0841 => Calcium-transporting ATPase
[11:29:18] Modify product: Probable bacterial non-heme ferritin => putative bacterial non-heme ferritin
[11:29:18] Modify product: Probable cysteine desulfurase => putative cysteine desulfurase
[11:29:18] Modify product: Probable phosphatase Rv3661 => putative phosphatase
[11:29:18] Modify product: Probable M18 family aminopeptidase 2 => putative M18 family aminopeptidase 2
[11:29:18] Modify product: Uncharacterized oxidoreductase SA2266 => putative oxidoreductase
[11:29:18] Modify product: UPF0701 protein YicC => hypothetical protein
[11:29:18] Modify product: UPF0126 inner membrane protein YadS => hypothetical protein
[11:29:18] Modify product: Uncharacterized protein Rv2927c => putative protein
[11:29:18] Modify product: Uncharacterized protein Spy1535 => putative protein
[11:29:18] Modify product: Uncharacterized ABC transporter ATP-binding protein TM_0288 => putative ABC transporter ATP-binding protein
[11:29:18] Modify product: Uncharacterized protein YqeY => putative protein YqeY
[11:29:18] Modify product: UPF0324 inner membrane protein YeiH => hypothetical protein
[11:29:18] Modify product: Uncharacterized PIN and TRAM-domain containing protein YacL => putative PIN and TRAM-domain containing protein YacL
[11:29:18] Modify product: Putative lipid kinase SP_1045 => Putative lipid kinase
[11:29:18] Modify product: Uncharacterized ABC transporter ATP-binding protein TM_0288 => putative ABC transporter ATP-binding protein
[11:29:18] Modify product: Probable ABC transporter ATP-binding/permease protein HI_0664 => putative ABC transporter ATP-binding/permease protein
[11:29:18] Modify product: Putative multidrug export ATP-binding/permease protein SAV1866 => Putative multidrug export ATP-binding/permease protein
[11:29:19] Modify product: Uncharacterized protein YjdJ => putative protein YjdJ
[11:29:19] Modify product: Rqc2 homolog RqcH => Rqc2 RqcH
[11:29:19] Modify product: Uncharacterized metal-dependent hydrolase YcfH => putative metal-dependent hydrolase YcfH
[11:29:19] Modify product: TelA-like protein SA1238 => TelA-like protein
[11:29:19] Modify product: Probable cell division protein WhiA => putative cell division protein WhiA
[11:29:19] Modify product: Uncharacterized protein HI_0933 => putative protein
[11:29:19] Modify product: Probable dual-specificity RNA methyltransferase RlmN => putative dual-specificity RNA methyltransferase RlmN
[11:29:19] Modify product: Probable nicotinate-nucleotide pyrophosphorylase [carboxylating] => putative nicotinate-nucleotide pyrophosphorylase [carboxylating]
[11:29:19] Modify product: Bifunctional protein FolD => Bifunctional protein FolD protein
[11:29:19] Modify product: Probable cobalt-factor III C(17)-methyltransferase => putative cobalt-factor III C(17)-methyltransferase
[11:29:19] Modify product: Probable lipid II flippase MurJ => putative lipid II flippase MurJ
[11:29:19] Modify product: Uncharacterized ABC transporter ATP-binding protein YbiT => putative ABC transporter ATP-binding protein YbiT
[11:29:19] Modify product: UPF0073 inner membrane protein YqfA => hypothetical protein
[11:29:19] Modify product: DegV domain-containing protein MW1315 => DegV domain-containing protein
[11:29:19] Modify product: Uncharacterized zinc protease Rv2782c => putative zinc protease
[11:29:19] Modify product: Uncharacterized ABC transporter ATP-binding protein YknY => putative ABC transporter ATP-binding protein YknY
[11:29:19] Modify product: Probable glucosamine-6-phosphate deaminase 2 => putative glucosamine-6-phosphate deaminase 2
[11:29:19] Modify product: Nucleoid-associated protein Cthe_2143 => Nucleoid-associated protein
[11:29:19] Modify product: UPF0758 protein YsxA => hypothetical protein
[11:29:19] Modify product: Uncharacterized ABC transporter ATP-binding protein YbiT => putative ABC transporter ATP-binding protein YbiT
[11:29:19] Modify product: Probable heme-iron transport system permease protein IsdF => putative heme-iron transport system permease protein IsdF
[11:29:19] Modify product: Uncharacterized isomerase YddE => putative isomerase YddE
[11:29:19] Modify product: UPF0145 protein YbjQ => hypothetical protein
[11:29:19] Modify product: Probable cystine transporter YijE => putative cystine transporter YijE
[11:29:19] Modify product: Probable tRNA sulfurtransferase => putative tRNA sulfurtransferase
[11:29:19] Modify product: Nucleotidase CA_C3379 => Nucleotidase
[11:29:19] Modify product: Dihydroorotate dehydrogenase B (NAD(+)), electron transfer subunit homolog => Dihydroorotate dehydrogenase B (NAD(+)), electron transfer subunit 
[11:29:19] Modify product: Probable transcriptional regulatory protein aq_1575 => putative transcriptional regulatory protein
[11:29:19] Modify product: 23S rRNA 5-hydroxycytidine C2501 synthase => 23S rRNA 5-hydroxycytidine synthase
[11:29:19] Modify product: Uncharacterized ABC transporter ATP-binding protein Rv1273c => putative ABC transporter ATP-binding protein
[11:29:19] Cleaned 68 /product names
[11:29:19] Deleting unwanted file: prokka_output/M1337686151/M1337686151.sprot.tmp.14879.faa
[11:29:19] Deleting unwanted file: prokka_output/M1337686151/M1337686151.sprot.tmp.14879.blast
[11:29:21] There are still 529 unannotated CDS left (started with 1256)
[11:29:21] Will use hmmer3 to search against /home/frederick/anaconda3/envs/prokka/db/hmm/HAMAP.hmm with 8 CPUs
[11:29:21] Running: cat prokka_output\/M1337686151\/M1337686151\.HAMAP\.hmm\.tmp\.14879\.faa | parallel --gnu --plain -j 8 --block 8939 --recstart '>' --pipe hmmscan --noali --notextw --acc -E 1e-09 --cpu 1 /home/frederick/anaconda3/envs/prokka/db/hmm/HAMAP.hmm /dev/stdin > prokka_output\/M1337686151\/M1337686151\.HAMAP\.hmm\.tmp\.14879\.hmmer3 2> /dev/null
[11:29:27] Deleting unwanted file: prokka_output/M1337686151/M1337686151.HAMAP.hmm.tmp.14879.faa
[11:29:27] Deleting unwanted file: prokka_output/M1337686151/M1337686151.HAMAP.hmm.tmp.14879.hmmer3
[11:29:27] Labelling remaining 453 proteins as 'hypothetical protein'
[11:29:27] Possible /pseudo 'putative protein' at gnl|Prokka|MANLFPEH_17 position 5118
[11:29:27] Possible /pseudo 'Putative fluoride ion transporter CrcB' at gnl|Prokka|MANLFPEH_56 position 3569
[11:29:27] Found 668 unique /gene codes.
[11:29:27] Fixed 2 duplicate /gene - argH_1 argH_2
[11:29:27] Fixed 2 duplicate /gene - gloB_1 gloB_2
[11:29:27] Fixed 2 duplicate /gene - smc_1 smc_2
[11:29:27] Fixed 3 duplicate /gene - sasA_1 sasA_2 sasA_3
[11:29:27] Fixed 2 duplicate /gene - bioB_1 bioB_2
[11:29:27] Fixed 2 duplicate /gene - moaA_1 moaA_2
[11:29:27] Fixed 2 duplicate /gene - secA_1 secA_2
[11:29:27] Fixed 2 duplicate /gene - crcB_1 crcB_2
[11:29:27] Fixed 2 duplicate /gene - hpt_1 hpt_2
[11:29:27] Fixed 2 duplicate /gene - cobD_1 cobD_2
[11:29:27] Fixed 3 duplicate /gene - btuD_1 btuD_2 btuD_3
[11:29:27] Fixed 2 duplicate /gene - polC_1 polC_2
[11:29:27] Fixed 4 duplicate /gene - brnQ_1 brnQ_2 brnQ_3 brnQ_4
[11:29:27] Fixed 2 duplicate /gene - lolD_1 lolD_2
[11:29:27] Fixed 2 duplicate /gene - carA_1 carA_2
[11:29:27] Fixed 2 duplicate /gene - dnaA_1 dnaA_2
[11:29:27] Fixed 3 duplicate /gene - ykoD_1 ykoD_2 ykoD_3
[11:29:27] Fixed 2 duplicate /gene - fusA_1 fusA_2
[11:29:27] Fixed 2 duplicate /gene - dapA_1 dapA_2
[11:29:27] Fixed 2 duplicate /gene - mutS2_1 mutS2_2
[11:29:27] Fixed 5 duplicate /gene - lytC_1 lytC_2 lytC_3 lytC_4 lytC_5
[11:29:27] Fixed 2 duplicate /gene - rsxB_1 rsxB_2
[11:29:27] Fixed 2 duplicate /gene - lnrL_1 lnrL_2
[11:29:27] Fixed 2 duplicate /gene - carC_1 carC_2
[11:29:27] Fixed 4 duplicate /gene - mepA_1 mepA_2 mepA_3 mepA_4
[11:29:27] Fixed 2 duplicate /gene - nadA_1 nadA_2
[11:29:27] Fixed 2 duplicate /gene - alsT_1 alsT_2
[11:29:27] Fixed 2 duplicate /gene - pspA_1 pspA_2
[11:29:27] Fixed 2 duplicate /gene - rlmL_1 rlmL_2
[11:29:27] Fixed 2 duplicate /gene - fldA_1 fldA_2
[11:29:27] Fixed 2 duplicate /gene - rhaR_1 rhaR_2
[11:29:27] Fixed 2 duplicate /gene - prkC_1 prkC_2
[11:29:27] Fixed 2 duplicate /gene - prsA_1 prsA_2
[11:29:27] Fixed 2 duplicate /gene - alaS_1 alaS_2
[11:29:27] Fixed 2 duplicate /gene - nadC_1 nadC_2
[11:29:27] Fixed 2 duplicate /gene - fabG_1 fabG_2
[11:29:27] Fixed 2 duplicate /gene - ugtP_1 ugtP_2
[11:29:27] Fixed 2 duplicate /gene - rspR_1 rspR_2
[11:29:27] Fixed 2 duplicate /gene - carE_1 carE_2
[11:29:27] Fixed 2 duplicate /gene - murE_1 murE_2
[11:29:27] Fixed 2 duplicate /gene - phoP_1 phoP_2
[11:29:27] Fixed 2 duplicate /gene - mreB_1 mreB_2
[11:29:27] Fixed 2 duplicate /gene - ybiT_1 ybiT_2
[11:29:27] Fixed 2 duplicate /gene - artQ_1 artQ_2
[11:29:27] Fixed 2 duplicate /gene - gap_1 gap_2
[11:29:27] Fixed 2 duplicate /gene - pepD_1 pepD_2
[11:29:27] Fixed 2 duplicate /gene - glmU_1 glmU_2
[11:29:27] Fixed 2 duplicate /gene - artP_1 artP_2
[11:29:27] Fixed 2 duplicate /gene - nadB_1 nadB_2
[11:29:27] Fixed 2 duplicate /gene - carD_1 carD_2
[11:29:27] Fixed 2 duplicate /gene - ecfT_1 ecfT_2
[11:29:27] Fixed 2 duplicate /gene - artM_1 artM_2
[11:29:27] Fixed 2 duplicate /gene - lysN_1 lysN_2
[11:29:27] Fixed 2 duplicate /gene - acpP_1 acpP_2
[11:29:27] Fixed 54 colliding /gene names.
[11:29:27] Adding /locus_tag identifiers
[11:29:27] Assigned 1278 locus_tags to CDS and RNA features.
[11:29:27] Writing outputs to prokka_output/M1337686151/
[11:29:29] Generating annotation statistics file
[11:29:29] Generating Genbank and Sequin files
[11:29:29] Running: tbl2asn -V b -a r10k -l paired-ends -M n -N 1 -y 'Annotated using prokka 1.14.6 from https://github.com/tseemann/prokka' -Z prokka_output\/M1337686151\/M1337686151\.err -i prokka_output\/M1337686151\/M1337686151\.fsa 2> /dev/null
[11:29:40] Deleting unwanted file: prokka_output/M1337686151/errorsummary.val
[11:29:40] Deleting unwanted file: prokka_output/M1337686151/M1337686151.dr
[11:29:40] Deleting unwanted file: prokka_output/M1337686151/M1337686151.fixedproducts
[11:29:40] Deleting unwanted file: prokka_output/M1337686151/M1337686151.ecn
[11:29:40] Deleting unwanted file: prokka_output/M1337686151/M1337686151.val
[11:29:40] Repairing broken .GBK output that tbl2asn produces...
[11:29:40] Running: sed 's/COORDINATES: profile/COORDINATES:profile/' < prokka_output\/M1337686151\/M1337686151\.gbf > prokka_output\/M1337686151\/M1337686151\.gbk
[11:29:42] Deleting unwanted file: prokka_output/M1337686151/M1337686151.gbf
[11:29:42] Output files:
[11:29:42] prokka_output/M1337686151/M1337686151.err
[11:29:42] prokka_output/M1337686151/M1337686151.faa
[11:29:42] prokka_output/M1337686151/M1337686151.ffn
[11:29:42] prokka_output/M1337686151/M1337686151.fna
[11:29:42] prokka_output/M1337686151/M1337686151.fsa
[11:29:42] prokka_output/M1337686151/M1337686151.gbk
[11:29:42] prokka_output/M1337686151/M1337686151.gff
[11:29:42] prokka_output/M1337686151/M1337686151.log
[11:29:42] prokka_output/M1337686151/M1337686151.sqn
[11:29:42] prokka_output/M1337686151/M1337686151.tbl
[11:29:42] prokka_output/M1337686151/M1337686151.tsv
[11:29:42] prokka_output/M1337686151/M1337686151.txt
[11:29:42] Annotation finished successfully.
[11:29:42] Walltime used: 1.03 minutes
[11:29:42] If you use this result please cite the Prokka paper:
[11:29:42] Seemann T (2014) Prokka: rapid prokaryotic genome annotation. Bioinformatics. 30(14):2068-9.
[11:29:42] Type 'prokka --citation' for more details.
[11:29:42] Thank you, come again.
