[11:39:00] This is prokka 1.14.6
[11:39:00] Written by Torsten Seemann <torsten.seemann@gmail.com>
[11:39:00] Homepage is https://github.com/tseemann/prokka
[11:39:00] Local time is Tue Apr  1 11:39:00 2025
[11:39:00] You are frederick
[11:39:00] Operating system is linux
[11:39:00] You have BioPerl 1.7.8
[11:39:00] System has 12 cores.
[11:39:00] Will use maximum of 8 cores.
[11:39:00] Annotating as >>> Bacteria <<<
[11:39:00] Generating locus_tag from 'mags/M1729578718.fna' contents.
[11:39:01] Setting --locustag KJPHKLPM from MD5 43914596af377c6c085ac968dc7f0d39
[11:39:01] Enabling options to ensure Genbank/ENA/DDJB submission compliance.
[11:39:01] Re-using existing --outdir prokka_output/M1729578718
[11:39:01] Using filename prefix: M1729578718.XXX
[11:39:01] Setting HMMER_NCPU=1
[11:39:01] Writing log to: prokka_output/M1729578718/M1729578718.log
[11:39:01] Command: /home/frederick/anaconda3/envs/prokka/bin/prokka mags/M1729578718.fna --outdir prokka_output/M1729578718 --prefix M1729578718 --compliant --force
[11:39:01] Appending to PATH: /home/frederick/anaconda3/envs/prokka/bin
[11:39:01] Looking for 'aragorn' - found /home/frederick/anaconda3/envs/prokka/bin/aragorn
[11:39:01] Determined aragorn version is 001002 from 'ARAGORN v1.2.41 Dean Laslett'
[11:39:01] Looking for 'barrnap' - found /home/frederick/anaconda3/envs/prokka/bin/barrnap
[11:39:01] Determined barrnap version is 000009 from 'barrnap 0.9'
[11:39:01] Looking for 'blastp' - found /home/frederick/anaconda3/envs/prokka/bin/blastp
[11:39:01] Determined blastp version is 002016 from 'blastp: 2.16.0+'
[11:39:01] Looking for 'cmpress' - found /home/frederick/anaconda3/envs/prokka/bin/cmpress
[11:39:01] Determined cmpress version is 001001 from '# INFERNAL 1.1.5 (Sep 2023)'
[11:39:01] Looking for 'cmscan' - found /home/frederick/anaconda3/envs/prokka/bin/cmscan
[11:39:01] Determined cmscan version is 001001 from '# INFERNAL 1.1.5 (Sep 2023)'
[11:39:01] Looking for 'egrep' - found /usr/bin/egrep
[11:39:01] Looking for 'find' - found /usr/bin/find
[11:39:01] Looking for 'grep' - found /usr/bin/grep
[11:39:01] Looking for 'hmmpress' - found /home/frederick/anaconda3/envs/prokka/bin/hmmpress
[11:39:01] Determined hmmpress version is 003004 from '# HMMER 3.4 (Aug 2023); http://hmmer.org/'
[11:39:01] Looking for 'hmmscan' - found /home/frederick/anaconda3/envs/prokka/bin/hmmscan
[11:39:01] Determined hmmscan version is 003004 from '# HMMER 3.4 (Aug 2023); http://hmmer.org/'
[11:39:01] Looking for 'java' - found /home/frederick/anaconda3/envs/prokka/bin/java
[11:39:01] Looking for 'makeblastdb' - found /home/frederick/anaconda3/envs/prokka/bin/makeblastdb
[11:39:01] Determined makeblastdb version is 002016 from 'makeblastdb: 2.16.0+'
[11:39:01] Looking for 'minced' - found /home/frederick/anaconda3/envs/prokka/bin/minced
[11:39:01] Determined minced version is 004002 from 'minced 0.4.2'
[11:39:01] Looking for 'parallel' - found /home/frederick/anaconda3/envs/prokka/bin/parallel
[11:39:01] Determined parallel version is 20250222 from 'GNU parallel 20250222'
[11:39:01] Looking for 'prodigal' - found /home/frederick/anaconda3/envs/prokka/bin/prodigal
[11:39:01] Determined prodigal version is 002006 from 'Prodigal V2.6.3: February, 2016'
[11:39:01] Looking for 'prokka-genbank_to_fasta_db' - found /home/frederick/anaconda3/envs/prokka/bin/prokka-genbank_to_fasta_db
[11:39:01] Looking for 'sed' - found /usr/bin/sed
[11:39:01] Looking for 'tbl2asn' - found /home/frederick/anaconda3/envs/prokka/bin/tbl2asn
[11:39:01] Determined tbl2asn version is 025007 from 'tbl2asn 25.7   arguments:'
[11:39:01] Using genetic code table 11.
[11:39:01] Loading and checking input file: mags/M1729578718.fna
[11:39:01] Wrote 287 contigs totalling 1413275 bp.
[11:39:01] Predicting tRNAs and tmRNAs
[11:39:01] Running: aragorn -l -gc11  -w prokka_output\/M1729578718\/M1729578718\.fna
[11:39:02] 1 tRNA-Arg [9799,9873] 35 (tcg)
[11:39:02] 2 tRNA-Arg [10933,11007] 35 (cct)
[11:39:02] 1 tRNA-Ser [13475,13564] 35 (gga)
[11:39:02] 1 tmRNA c[750,1100] 93,125 ANENNLLAA**
[11:39:02] 1 tRNA-Arg [4131,4205] 35 (acg)
[11:39:02] 1 tRNA-Leu c[3264,3348] 35 (caa)
[11:39:03] 1 tRNA-Cys c[2303,2374] 33 (gca)
[11:39:03] Found 7 tRNAs
[11:39:03] Predicting Ribosomal RNAs
[11:39:03] Running Barrnap with 8 threads
[11:39:03] 1 gnl|Prokka|KJPHKLPM_189 1 5S ribosomal RNA (partial)
[11:39:03] 2 gnl|Prokka|KJPHKLPM_83 5341 5S ribosomal RNA (partial)
[11:39:03] 3 gnl|Prokka|KJPHKLPM_85 5334 5S ribosomal RNA (partial)
[11:39:03] Found 3 rRNAs
[11:39:03] Skipping ncRNA search, enable with --rfam if desired.
[11:39:03] Total of 9 tRNA + rRNA features
[11:39:03] Searching for CRISPR repeats
[11:39:03] Found 0 CRISPRs
[11:39:03] Predicting coding sequences
[11:39:03] Contigs total 1413275 bp, so using single mode
[11:39:03] Running: prodigal -i prokka_output\/M1729578718\/M1729578718\.fna -c -m -g 11 -p single -f sco -q
[11:39:06] Found 1231 CDS
[11:39:06] Connecting features back to sequences
[11:39:06] Not using genus-specific database. Try --usegenus to enable it.
[11:39:06] Annotating CDS, please be patient.
[11:39:06] Will use 8 CPUs for similarity searching.
[11:39:06] There are still 1231 unannotated CDS left (started with 1231)
[11:39:06] Will use blast to search against /home/frederick/anaconda3/envs/prokka/db/kingdom/Bacteria/IS with 8 CPUs
[11:39:06] Running: cat prokka_output\/M1729578718\/M1729578718\.IS\.tmp\.28117\.faa | parallel --gnu --plain -j 8 --block 22803 --recstart '>' --pipe blastp -query - -db /home/frederick/anaconda3/envs/prokka/db/kingdom/Bacteria/IS -evalue 1e-30 -qcov_hsp_perc 90 -num_threads 1 -num_descriptions 1 -num_alignments 1 -seg no > prokka_output\/M1729578718\/M1729578718\.IS\.tmp\.28117\.blast 2> /dev/null
[11:39:10] Deleting unwanted file: prokka_output/M1729578718/M1729578718.IS.tmp.28117.faa
[11:39:10] Deleting unwanted file: prokka_output/M1729578718/M1729578718.IS.tmp.28117.blast
[11:39:10] There are still 1228 unannotated CDS left (started with 1231)
[11:39:10] Will use blast to search against /home/frederick/anaconda3/envs/prokka/db/kingdom/Bacteria/AMR with 8 CPUs
[11:39:10] Running: cat prokka_output\/M1729578718\/M1729578718\.AMR\.tmp\.28117\.faa | parallel --gnu --plain -j 8 --block 22781 --recstart '>' --pipe blastp -query - -db /home/frederick/anaconda3/envs/prokka/db/kingdom/Bacteria/AMR -evalue 1e-300 -qcov_hsp_perc 90 -num_threads 1 -num_descriptions 1 -num_alignments 1 -seg no > prokka_output\/M1729578718\/M1729578718\.AMR\.tmp\.28117\.blast 2> /dev/null
[11:39:14] Deleting unwanted file: prokka_output/M1729578718/M1729578718.AMR.tmp.28117.faa
[11:39:14] Deleting unwanted file: prokka_output/M1729578718/M1729578718.AMR.tmp.28117.blast
[11:39:14] There are still 1228 unannotated CDS left (started with 1231)
[11:39:14] Will use blast to search against /home/frederick/anaconda3/envs/prokka/db/kingdom/Bacteria/sprot with 8 CPUs
[11:39:14] Running: cat prokka_output\/M1729578718\/M1729578718\.sprot\.tmp\.28117\.faa | parallel --gnu --plain -j 8 --block 22781 --recstart '>' --pipe blastp -query - -db /home/frederick/anaconda3/envs/prokka/db/kingdom/Bacteria/sprot -evalue 1e-09 -qcov_hsp_perc 80 -num_threads 1 -num_descriptions 1 -num_alignments 1 -seg no > prokka_output\/M1729578718\/M1729578718\.sprot\.tmp\.28117\.blast 2> /dev/null
[11:39:30] Modify product: Uncharacterized protein HI_0933 => putative protein
[11:39:30] Modify product: Probable nicotinate-nucleotide adenylyltransferase => putative nicotinate-nucleotide adenylyltransferase
[11:39:30] Modify product: Uncharacterized protein Spy1614 => putative protein
[11:39:30] Modify product: Uncharacterized protein SA1069 => putative protein
[11:39:30] Modify product: Fatty acid-binding protein TM_1468 => Fatty acid-binding protein
[11:39:30] Modify product: Probable phosphatase Rv3661 => putative phosphatase
[11:39:30] Modify product: Probable cysteine desulfurase => putative cysteine desulfurase
[11:39:30] Modify product: UPF0051 protein SA0778 => hypothetical protein
[11:39:30] Modify product: Nucleotidase CA_C3379 => Nucleotidase
[11:39:30] Modify product: Rqc2 homolog RqcH => Rqc2 RqcH
[11:39:30] Modify product: Uncharacterized protein YjdJ => putative protein YjdJ
[11:39:30] Modify product: Probable transcriptional regulatory protein aq_1575 => putative transcriptional regulatory protein
[11:39:30] Modify product: Uncharacterized protein YqeY => putative protein YqeY
[11:39:30] Modify product: Uncharacterized metal-dependent hydrolase YcfH => putative metal-dependent hydrolase YcfH
[11:39:30] Modify product: Fatty acid-binding protein TM_1468 => Fatty acid-binding protein
[11:39:30] Modify product: Transcriptional repressor SmtB homolog => Transcriptional repressor SmtB 
[11:39:30] Modify product: Uncharacterized RNA methyltransferase SP_1029 => putative RNA methyltransferase
[11:39:30] Modify product: UPF0053 protein HI_0107 => hypothetical protein
[11:39:30] Modify product: Probable bacterial non-heme ferritin => putative bacterial non-heme ferritin
[11:39:30] Modify product: Uncharacterized PIN and TRAM-domain containing protein YacL => putative PIN and TRAM-domain containing protein YacL
[11:39:30] Modify product: GTP cyclohydrolase 1 type 2 homolog => GTP cyclohydrolase 1 type 2 
[11:39:30] Modify product: Multidrug efflux system ATP-binding protein Rv1218c => Multidrug efflux system ATP-binding protein
[11:39:30] Modify product: Probable tryptophan transport protein => putative tryptophan transport protein
[11:39:30] Modify product: Probable ABC transporter ATP-binding/permease protein HI_0664 => putative ABC transporter ATP-binding/permease protein
[11:39:30] Modify product: Putative multidrug export ATP-binding/permease protein SAV1866 => Putative multidrug export ATP-binding/permease protein
[11:39:30] Modify product: Peptidoglycan-N-acetylglucosamine deacetylase BC_3618 => Peptidoglycan-N-acetylglucosamine deacetylase
[11:39:30] Modify product: Uncharacterized ABC transporter ATP-binding protein Rv0986 => putative ABC transporter ATP-binding protein
[11:39:30] Modify product: Probable M18 family aminopeptidase 2 => putative M18 family aminopeptidase 2
[11:39:31] Modify product: UPF0073 inner membrane protein YqfA => hypothetical protein
[11:39:31] Modify product: Uncharacterized ABC transporter ATP-binding protein YbiT => putative ABC transporter ATP-binding protein YbiT
[11:39:31] Modify product: Putative transport protein Rv0205 => Putative transport protein
[11:39:31] Modify product: Probable cobalt-factor III C(17)-methyltransferase => putative cobalt-factor III C(17)-methyltransferase
[11:39:31] Modify product: UPF0324 inner membrane protein YeiH => hypothetical protein
[11:39:31] Modify product: Uncharacterized protein Rv1488 => putative protein
[11:39:31] Modify product: UPF0371 protein DIP2346 => hypothetical protein
[11:39:31] Modify product: TelA-like protein SA1238 => TelA-like protein
[11:39:31] Modify product: Uncharacterized protein YqeN => putative protein YqeN
[11:39:31] Modify product: Probable nicotinate-nucleotide pyrophosphorylase [carboxylating] => putative nicotinate-nucleotide pyrophosphorylase [carboxylating]
[11:39:31] Modify product: Dihydroorotate dehydrogenase B (NAD(+)), electron transfer subunit homolog => Dihydroorotate dehydrogenase B (NAD(+)), electron transfer subunit 
[11:39:31] Modify product: Probable cell division protein WhiA => putative cell division protein WhiA
[11:39:31] Modify product: Putative lipid kinase SP_1045 => Putative lipid kinase
[11:39:31] Modify product: Probable dual-specificity RNA methyltransferase RlmN => putative dual-specificity RNA methyltransferase RlmN
[11:39:31] Modify product: Uncharacterized protein HP_1423 => putative protein
[11:39:31] Modify product: Uncharacterized ABC transporter ATP-binding protein TM_0288 => putative ABC transporter ATP-binding protein
[11:39:31] Modify product: Putative metallophosphoesterase MG207 homolog => Putative metallophosphoesterase MG207 
[11:39:31] Modify product: Putative multidrug export ATP-binding/permease protein SAV1866 => Putative multidrug export ATP-binding/permease protein
[11:39:31] Modify product: UPF0102 protein RPA0323 => hypothetical protein
[11:39:31] Modify product: Nucleoid-associated protein Cthe_2143 => Nucleoid-associated protein
[11:39:31] Modify product: UPF0145 protein YbjQ => hypothetical protein
[11:39:31] Modify product: UPF0701 protein YicC => hypothetical protein
[11:39:31] Modify product: Uncharacterized ABC transporter ATP-binding protein YbiT => putative ABC transporter ATP-binding protein YbiT
[11:39:31] Modify product: Probable transcription repressor NiaR => putative transcription repressor NiaR
[11:39:31] Modify product: Probable lipid II flippase MurJ => putative lipid II flippase MurJ
[11:39:31] Modify product: Uncharacterized protein Rv2927c => putative protein
[11:39:31] Modify product: Probable tRNA sulfurtransferase => putative tRNA sulfurtransferase
[11:39:31] Modify product: UPF0126 inner membrane protein YadS => hypothetical protein
[11:39:31] Modify product: DegV domain-containing protein MW1315 => DegV domain-containing protein
[11:39:31] Modify product: Uncharacterized ABC transporter ATP-binding protein Rv1273c => putative ABC transporter ATP-binding protein
[11:39:31] Modify product: Probable heme-iron transport system permease protein IsdF => putative heme-iron transport system permease protein IsdF
[11:39:31] Modify product: Putative multidrug export ATP-binding/permease protein SAV1866 => Putative multidrug export ATP-binding/permease protein
[11:39:31] Cleaned 60 /product names
[11:39:31] Deleting unwanted file: prokka_output/M1729578718/M1729578718.sprot.tmp.28117.faa
[11:39:31] Deleting unwanted file: prokka_output/M1729578718/M1729578718.sprot.tmp.28117.blast
[11:39:31] There are still 585 unannotated CDS left (started with 1231)
[11:39:31] Will use hmmer3 to search against /home/frederick/anaconda3/envs/prokka/db/hmm/HAMAP.hmm with 8 CPUs
[11:39:31] Running: cat prokka_output\/M1729578718\/M1729578718\.HAMAP\.hmm\.tmp\.28117\.faa | parallel --gnu --plain -j 8 --block 9708 --recstart '>' --pipe hmmscan --noali --notextw --acc -E 1e-09 --cpu 1 /home/frederick/anaconda3/envs/prokka/db/hmm/HAMAP.hmm /dev/stdin > prokka_output\/M1729578718\/M1729578718\.HAMAP\.hmm\.tmp\.28117\.hmmer3 2> /dev/null
[11:39:36] Deleting unwanted file: prokka_output/M1729578718/M1729578718.HAMAP.hmm.tmp.28117.faa
[11:39:36] Deleting unwanted file: prokka_output/M1729578718/M1729578718.HAMAP.hmm.tmp.28117.hmmer3
[11:39:36] Labelling remaining 511 proteins as 'hypothetical protein'
[11:39:36] Possible /pseudo 'Putative fluoride ion transporter CrcB' at gnl|Prokka|KJPHKLPM_52 position 2121
[11:39:36] Possible /pseudo 'putative protein' at gnl|Prokka|KJPHKLPM_55 position 4780
[11:39:36] Possible /pseudo '3-phosphoshikimate 1-carboxyvinyltransferase' at gnl|Prokka|KJPHKLPM_64 position 485
[11:39:36] Found 594 unique /gene codes.
[11:39:36] Fixed 2 duplicate /gene - ugtP_1 ugtP_2
[11:39:36] Fixed 2 duplicate /gene - hpt_1 hpt_2
[11:39:36] Fixed 2 duplicate /gene - pspA_1 pspA_2
[11:39:36] Fixed 2 duplicate /gene - hmo_1 hmo_2
[11:39:36] Fixed 2 duplicate /gene - cpdA_1 cpdA_2
[11:39:36] Fixed 2 duplicate /gene - prsA_1 prsA_2
[11:39:36] Fixed 2 duplicate /gene - lnrL_1 lnrL_2
[11:39:36] Fixed 2 duplicate /gene - crcB_1 crcB_2
[11:39:36] Fixed 2 duplicate /gene - dapA_1 dapA_2
[11:39:36] Fixed 2 duplicate /gene - sstT_1 sstT_2
[11:39:36] Fixed 2 duplicate /gene - mnmE_1 mnmE_2
[11:39:36] Fixed 2 duplicate /gene - polC_1 polC_2
[11:39:36] Fixed 2 duplicate /gene - rlmL_1 rlmL_2
[11:39:36] Fixed 4 duplicate /gene - dnaA_1 dnaA_2 dnaA_3 dnaA_4
[11:39:36] Fixed 2 duplicate /gene - rluD_1 rluD_2
[11:39:36] Fixed 2 duplicate /gene - moaA_1 moaA_2
[11:39:36] Fixed 2 duplicate /gene - acpP_1 acpP_2
[11:39:36] Fixed 2 duplicate /gene - pepD_1 pepD_2
[11:39:36] Fixed 2 duplicate /gene - rnfC_1 rnfC_2
[11:39:36] Fixed 2 duplicate /gene - fabG_1 fabG_2
[11:39:36] Fixed 2 duplicate /gene - artQ_1 artQ_2
[11:39:36] Fixed 2 duplicate /gene - aroA_1 aroA_2
[11:39:36] Fixed 2 duplicate /gene - rhaR_1 rhaR_2
[11:39:36] Fixed 2 duplicate /gene - glgC_1 glgC_2
[11:39:36] Fixed 2 duplicate /gene - sigM_1 sigM_2
[11:39:36] Fixed 2 duplicate /gene - comEC_1 comEC_2
[11:39:36] Fixed 2 duplicate /gene - asd_1 asd_2
[11:39:36] Fixed 2 duplicate /gene - sasA_1 sasA_2
[11:39:36] Fixed 2 duplicate /gene - addA_1 addA_2
[11:39:36] Fixed 2 duplicate /gene - secA_1 secA_2
[11:39:36] Fixed 2 duplicate /gene - cobD_1 cobD_2
[11:39:36] Fixed 5 duplicate /gene - lytC_1 lytC_2 lytC_3 lytC_4 lytC_5
[11:39:36] Fixed 2 duplicate /gene - gap_1 gap_2
[11:39:36] Fixed 2 duplicate /gene - bioB_1 bioB_2
[11:39:36] Fixed 2 duplicate /gene - rspR_1 rspR_2
[11:39:36] Fixed 2 duplicate /gene - murJ_1 murJ_2
[11:39:36] Fixed 4 duplicate /gene - mepA_1 mepA_2 mepA_3 mepA_4
[11:39:36] Fixed 3 duplicate /gene - brnQ_1 brnQ_2 brnQ_3
[11:39:36] Fixed 2 duplicate /gene - carA_1 carA_2
[11:39:36] Fixed 2 duplicate /gene - ybiT_1 ybiT_2
[11:39:36] Fixed 3 duplicate /gene - gloB_1 gloB_2 gloB_3
[11:39:36] Fixed 2 duplicate /gene - lysN_1 lysN_2
[11:39:36] Fixed 2 duplicate /gene - rsmF_1 rsmF_2
[11:39:36] Fixed 2 duplicate /gene - carE_1 carE_2
[11:39:36] Fixed 2 duplicate /gene - ytrE_1 ytrE_2
[11:39:36] Fixed 45 colliding /gene names.
[11:39:36] Adding /locus_tag identifiers
[11:39:37] Assigned 1241 locus_tags to CDS and RNA features.
[11:39:37] Writing outputs to prokka_output/M1729578718/
[11:39:38] Generating annotation statistics file
[11:39:38] Generating Genbank and Sequin files
[11:39:38] Running: tbl2asn -V b -a r10k -l paired-ends -M n -N 1 -y 'Annotated using prokka 1.14.6 from https://github.com/tseemann/prokka' -Z prokka_output\/M1729578718\/M1729578718\.err -i prokka_output\/M1729578718\/M1729578718\.fsa 2> /dev/null
[11:39:46] Deleting unwanted file: prokka_output/M1729578718/errorsummary.val
[11:39:46] Deleting unwanted file: prokka_output/M1729578718/M1729578718.dr
[11:39:46] Deleting unwanted file: prokka_output/M1729578718/M1729578718.fixedproducts
[11:39:46] Deleting unwanted file: prokka_output/M1729578718/M1729578718.ecn
[11:39:46] Deleting unwanted file: prokka_output/M1729578718/M1729578718.val
[11:39:46] Repairing broken .GBK output that tbl2asn produces...
[11:39:46] Running: sed 's/COORDINATES: profile/COORDINATES:profile/' < prokka_output\/M1729578718\/M1729578718\.gbf > prokka_output\/M1729578718\/M1729578718\.gbk
[11:39:48] Deleting unwanted file: prokka_output/M1729578718/M1729578718.gbf
[11:39:48] Output files:
[11:39:48] prokka_output/M1729578718/M1729578718.err
[11:39:48] prokka_output/M1729578718/M1729578718.faa
[11:39:48] prokka_output/M1729578718/M1729578718.ffn
[11:39:48] prokka_output/M1729578718/M1729578718.fna
[11:39:48] prokka_output/M1729578718/M1729578718.fsa
[11:39:48] prokka_output/M1729578718/M1729578718.gbk
[11:39:48] prokka_output/M1729578718/M1729578718.gff
[11:39:48] prokka_output/M1729578718/M1729578718.log
[11:39:48] prokka_output/M1729578718/M1729578718.sqn
[11:39:48] prokka_output/M1729578718/M1729578718.tbl
[11:39:48] prokka_output/M1729578718/M1729578718.tsv
[11:39:48] prokka_output/M1729578718/M1729578718.txt
[11:39:48] Annotation finished successfully.
[11:39:48] Walltime used: 0.80 minutes
[11:39:48] If you use this result please cite the Prokka paper:
[11:39:48] Seemann T (2014) Prokka: rapid prokaryotic genome annotation. Bioinformatics. 30(14):2068-9.
[11:39:48] Type 'prokka --citation' for more details.
[11:39:48] Thank you, come again.
