[11:37:06] This is prokka 1.14.6
[11:37:06] Written by Torsten Seemann <torsten.seemann@gmail.com>
[11:37:06] Homepage is https://github.com/tseemann/prokka
[11:37:06] Local time is Tue Apr  1 11:37:06 2025
[11:37:06] You are frederick
[11:37:06] Operating system is linux
[11:37:06] You have BioPerl 1.7.8
[11:37:06] System has 12 cores.
[11:37:06] Will use maximum of 8 cores.
[11:37:06] Annotating as >>> Bacteria <<<
[11:37:06] Generating locus_tag from 'mags/M1670701432.fna' contents.
[11:37:06] Setting --locustag KEBPCLKB from MD5 4eb9c54bb9e3c9f596b69e49b39d9ef2
[11:37:06] Enabling options to ensure Genbank/ENA/DDJB submission compliance.
[11:37:06] Re-using existing --outdir prokka_output/M1670701432
[11:37:06] Using filename prefix: M1670701432.XXX
[11:37:06] Setting HMMER_NCPU=1
[11:37:06] Writing log to: prokka_output/M1670701432/M1670701432.log
[11:37:06] Command: /home/frederick/anaconda3/envs/prokka/bin/prokka mags/M1670701432.fna --outdir prokka_output/M1670701432 --prefix M1670701432 --compliant --force
[11:37:06] Appending to PATH: /home/frederick/anaconda3/envs/prokka/bin
[11:37:06] Looking for 'aragorn' - found /home/frederick/anaconda3/envs/prokka/bin/aragorn
[11:37:06] Determined aragorn version is 001002 from 'ARAGORN v1.2.41 Dean Laslett'
[11:37:06] Looking for 'barrnap' - found /home/frederick/anaconda3/envs/prokka/bin/barrnap
[11:37:06] Determined barrnap version is 000009 from 'barrnap 0.9'
[11:37:06] Looking for 'blastp' - found /home/frederick/anaconda3/envs/prokka/bin/blastp
[11:37:06] Determined blastp version is 002016 from 'blastp: 2.16.0+'
[11:37:06] Looking for 'cmpress' - found /home/frederick/anaconda3/envs/prokka/bin/cmpress
[11:37:06] Determined cmpress version is 001001 from '# INFERNAL 1.1.5 (Sep 2023)'
[11:37:06] Looking for 'cmscan' - found /home/frederick/anaconda3/envs/prokka/bin/cmscan
[11:37:06] Determined cmscan version is 001001 from '# INFERNAL 1.1.5 (Sep 2023)'
[11:37:06] Looking for 'egrep' - found /usr/bin/egrep
[11:37:06] Looking for 'find' - found /usr/bin/find
[11:37:06] Looking for 'grep' - found /usr/bin/grep
[11:37:06] Looking for 'hmmpress' - found /home/frederick/anaconda3/envs/prokka/bin/hmmpress
[11:37:06] Determined hmmpress version is 003004 from '# HMMER 3.4 (Aug 2023); http://hmmer.org/'
[11:37:06] Looking for 'hmmscan' - found /home/frederick/anaconda3/envs/prokka/bin/hmmscan
[11:37:06] Determined hmmscan version is 003004 from '# HMMER 3.4 (Aug 2023); http://hmmer.org/'
[11:37:06] Looking for 'java' - found /home/frederick/anaconda3/envs/prokka/bin/java
[11:37:06] Looking for 'makeblastdb' - found /home/frederick/anaconda3/envs/prokka/bin/makeblastdb
[11:37:06] Determined makeblastdb version is 002016 from 'makeblastdb: 2.16.0+'
[11:37:06] Looking for 'minced' - found /home/frederick/anaconda3/envs/prokka/bin/minced
[11:37:06] Determined minced version is 004002 from 'minced 0.4.2'
[11:37:06] Looking for 'parallel' - found /home/frederick/anaconda3/envs/prokka/bin/parallel
[11:37:07] Determined parallel version is 20250222 from 'GNU parallel 20250222'
[11:37:07] Looking for 'prodigal' - found /home/frederick/anaconda3/envs/prokka/bin/prodigal
[11:37:07] Determined prodigal version is 002006 from 'Prodigal V2.6.3: February, 2016'
[11:37:07] Looking for 'prokka-genbank_to_fasta_db' - found /home/frederick/anaconda3/envs/prokka/bin/prokka-genbank_to_fasta_db
[11:37:07] Looking for 'sed' - found /usr/bin/sed
[11:37:07] Looking for 'tbl2asn' - found /home/frederick/anaconda3/envs/prokka/bin/tbl2asn
[11:37:07] Determined tbl2asn version is 025007 from 'tbl2asn 25.7   arguments:'
[11:37:07] Using genetic code table 11.
[11:37:07] Loading and checking input file: mags/M1670701432.fna
[11:37:07] Wrote 247 contigs totalling 1482524 bp.
[11:37:07] Predicting tRNAs and tmRNAs
[11:37:07] Running: aragorn -l -gc11  -w prokka_output\/M1670701432\/M1670701432\.fna
[11:37:08] 1 tRNA-Arg [25708,25782] 35 (tcg)
[11:37:08] 1 tRNA-Arg [8606,8680] 35 (acg)
[11:37:08] 1 tRNA-Ser [3936,4025] 35 (gga)
[11:37:08] 1 tRNA-Glu [3177,3248] 34 (ctc)
[11:37:08] 2 tRNA-Gly [3260,3333] 33 (tcc)
[11:37:08] 1 tRNA-Leu c[2038,2122] 35 (caa)
[11:37:08] 1 tRNA-Cys c[1556,1627] 33 (gca)
[11:37:08] 2 tRNA-Lys c[1651,1725] 35 (ctt)
[11:37:08] 3 tRNA-Met c[1732,1808] 35 (cat)
[11:37:08] 4 tRNA-Phe c[1823,1898] 34 (gaa)
[11:37:08] 5 tRNA-Ser c[1903,1991] 35 (tga)
[11:37:08] 6 tRNA-Gln c[2014,2089] 34 (ttg)
[11:37:08] 7 tRNA-Leu c[2184,2267] 35 (tag)
[11:37:08] 1 tRNA-Arg [181,255] 35 (cct)
[11:37:08] Found 14 tRNAs
[11:37:08] Predicting Ribosomal RNAs
[11:37:08] Running Barrnap with 8 threads
[11:37:09] 1 gnl|Prokka|KEBPCLKB_192 2383 5S ribosomal RNA (partial)
[11:37:09] 2 gnl|Prokka|KEBPCLKB_2 29193 5S ribosomal RNA (partial)
[11:37:09] 3 gnl|Prokka|KEBPCLKB_27 11198 5S ribosomal RNA (partial)
[11:37:09] Found 3 rRNAs
[11:37:09] Skipping ncRNA search, enable with --rfam if desired.
[11:37:09] Total of 17 tRNA + rRNA features
[11:37:09] Searching for CRISPR repeats
[11:37:09] Found 0 CRISPRs
[11:37:09] Predicting coding sequences
[11:37:09] Contigs total 1482524 bp, so using single mode
[11:37:09] Running: prodigal -i prokka_output\/M1670701432\/M1670701432\.fna -c -m -g 11 -p single -f sco -q
[11:37:11] Found 1311 CDS
[11:37:11] Connecting features back to sequences
[11:37:11] Not using genus-specific database. Try --usegenus to enable it.
[11:37:11] Annotating CDS, please be patient.
[11:37:11] Will use 8 CPUs for similarity searching.
[11:37:11] There are still 1311 unannotated CDS left (started with 1311)
[11:37:11] Will use blast to search against /home/frederick/anaconda3/envs/prokka/db/kingdom/Bacteria/IS with 8 CPUs
[11:37:11] Running: cat prokka_output\/M1670701432\/M1670701432\.IS\.tmp\.25517\.faa | parallel --gnu --plain -j 8 --block 24116 --recstart '>' --pipe blastp -query - -db /home/frederick/anaconda3/envs/prokka/db/kingdom/Bacteria/IS -evalue 1e-30 -qcov_hsp_perc 90 -num_threads 1 -num_descriptions 1 -num_alignments 1 -seg no > prokka_output\/M1670701432\/M1670701432\.IS\.tmp\.25517\.blast 2> /dev/null
[11:37:15] Deleting unwanted file: prokka_output/M1670701432/M1670701432.IS.tmp.25517.faa
[11:37:15] Deleting unwanted file: prokka_output/M1670701432/M1670701432.IS.tmp.25517.blast
[11:37:16] There are still 1309 unannotated CDS left (started with 1311)
[11:37:16] Will use blast to search against /home/frederick/anaconda3/envs/prokka/db/kingdom/Bacteria/AMR with 8 CPUs
[11:37:16] Running: cat prokka_output\/M1670701432\/M1670701432\.AMR\.tmp\.25517\.faa | parallel --gnu --plain -j 8 --block 24091 --recstart '>' --pipe blastp -query - -db /home/frederick/anaconda3/envs/prokka/db/kingdom/Bacteria/AMR -evalue 1e-300 -qcov_hsp_perc 90 -num_threads 1 -num_descriptions 1 -num_alignments 1 -seg no > prokka_output\/M1670701432\/M1670701432\.AMR\.tmp\.25517\.blast 2> /dev/null
[11:37:19] Deleting unwanted file: prokka_output/M1670701432/M1670701432.AMR.tmp.25517.faa
[11:37:19] Deleting unwanted file: prokka_output/M1670701432/M1670701432.AMR.tmp.25517.blast
[11:37:19] There are still 1308 unannotated CDS left (started with 1311)
[11:37:19] Will use blast to search against /home/frederick/anaconda3/envs/prokka/db/kingdom/Bacteria/sprot with 8 CPUs
[11:37:19] Running: cat prokka_output\/M1670701432\/M1670701432\.sprot\.tmp\.25517\.faa | parallel --gnu --plain -j 8 --block 24026 --recstart '>' --pipe blastp -query - -db /home/frederick/anaconda3/envs/prokka/db/kingdom/Bacteria/sprot -evalue 1e-09 -qcov_hsp_perc 80 -num_threads 1 -num_descriptions 1 -num_alignments 1 -seg no > prokka_output\/M1670701432\/M1670701432\.sprot\.tmp\.25517\.blast 2> /dev/null
[11:37:37] Modify product: UPF0337 protein SA1452 => hypothetical protein
[11:37:37] Modify product: Transcriptional repressor SmtB homolog => Transcriptional repressor SmtB 
[11:37:37] Modify product: Uncharacterized ABC transporter ATP-binding protein Rv0986 => putative ABC transporter ATP-binding protein
[11:37:37] Modify product: Uncharacterized oxidoreductase SA2266 => putative oxidoreductase
[11:37:37] Modify product: Probable cobalt-factor III C(17)-methyltransferase => putative cobalt-factor III C(17)-methyltransferase
[11:37:37] Modify product: Probable glucosamine-6-phosphate deaminase 2 => putative glucosamine-6-phosphate deaminase 2
[11:37:37] Modify product: Uncharacterized protein Rv2927c => putative protein
[11:37:37] Modify product: Uncharacterized protein Spy1535 => putative protein
[11:37:37] Modify product: Uncharacterized protein YqeY => putative protein YqeY
[11:37:37] Modify product: Probable dual-specificity RNA methyltransferase RlmN => putative dual-specificity RNA methyltransferase RlmN
[11:37:37] Modify product: UPF0297 protein EF_1202 => hypothetical protein
[11:37:37] Modify product: UPF0073 inner membrane protein YqfA => hypothetical protein
[11:37:37] Modify product: Putative metallophosphoesterase MG207 homolog => Putative metallophosphoesterase MG207 
[11:37:37] Modify product: GTP cyclohydrolase 1 type 2 homolog => GTP cyclohydrolase 1 type 2 
[11:37:37] Modify product: Multidrug efflux system ATP-binding protein Rv1218c => Multidrug efflux system ATP-binding protein
[11:37:37] Modify product: Probable tryptophan transport protein => putative tryptophan transport protein
[11:37:37] Modify product: UPF0126 inner membrane protein YadS => hypothetical protein
[11:37:37] Modify product: Probable transcription repressor NiaR => putative transcription repressor NiaR
[11:37:37] Modify product: Putative multidrug export ATP-binding/permease protein SAV1866 => Putative multidrug export ATP-binding/permease protein
[11:37:37] Modify product: Probable type II secretion system protein HxcR => putative type II secretion system protein HxcR
[11:37:37] Modify product: Putative lipid kinase SP_1045 => Putative lipid kinase
[11:37:37] Modify product: Probable tRNA sulfurtransferase => putative tRNA sulfurtransferase
[11:37:37] Modify product: Uncharacterized ABC transporter ATP-binding protein TM_0288 => putative ABC transporter ATP-binding protein
[11:37:37] Modify product: Probable heme-iron transport system permease protein IsdF => putative heme-iron transport system permease protein IsdF
[11:37:37] Modify product: Nucleotidase CA_C3379 => Nucleotidase
[11:37:37] Modify product: Probable phosphatase Rv3661 => putative phosphatase
[11:37:37] Modify product: Probable cysteine desulfurase => putative cysteine desulfurase
[11:37:37] Modify product: UPF0051 protein Rv1461 => hypothetical protein
[11:37:37] Modify product: Probable ABC transporter ATP-binding/permease protein HI_0664 => putative ABC transporter ATP-binding/permease protein
[11:37:37] Modify product: Putative multidrug export ATP-binding/permease protein SAV1866 => Putative multidrug export ATP-binding/permease protein
[11:37:37] Modify product: Uncharacterized ABC transporter ATP-binding protein YheS => putative ABC transporter ATP-binding protein YheS
[11:37:37] Modify product: Probable NADH oxidase => putative NADH oxidase
[11:37:37] Modify product: Uncharacterized protein HI_0933 => putative protein
[11:37:37] Modify product: Uncharacterized metal-dependent hydrolase YcfH => putative metal-dependent hydrolase YcfH
[11:37:37] Modify product: Uncharacterized protein HP_1423 => putative protein
[11:37:37] Modify product: UPF0324 inner membrane protein YeiH => hypothetical protein
[11:37:37] Modify product: Probable bacterial non-heme ferritin => putative bacterial non-heme ferritin
[11:37:37] Modify product: Probable transcriptional regulatory protein aq_1575 => putative transcriptional regulatory protein
[11:37:38] Modify product: Probable M18 family aminopeptidase 2 => putative M18 family aminopeptidase 2
[11:37:38] Modify product: Uncharacterized ABC transporter ATP-binding protein YbiT => putative ABC transporter ATP-binding protein YbiT
[11:37:38] Modify product: Bifunctional protein FolD => Bifunctional protein FolD protein
[11:37:38] Modify product: UPF0053 protein HI_0107 => hypothetical protein
[11:37:38] Modify product: Probable cystine transporter YijE => putative cystine transporter YijE
[11:37:38] Modify product: Probable nicotinate-nucleotide adenylyltransferase => putative nicotinate-nucleotide adenylyltransferase
[11:37:38] Modify product: Rqc2 homolog RqcH => Rqc2 RqcH
[11:37:38] Modify product: Nucleoid-associated protein Cthe_2143 => Nucleoid-associated protein
[11:37:38] Modify product: Dihydroorotate dehydrogenase B (NAD(+)), electron transfer subunit homolog => Dihydroorotate dehydrogenase B (NAD(+)), electron transfer subunit 
[11:37:38] Modify product: DegV domain-containing protein MW1315 => DegV domain-containing protein
[11:37:38] Modify product: UPF0371 protein DIP2346 => hypothetical protein
[11:37:38] Modify product: Uncharacterized protein Rv1488 => putative protein
[11:37:38] Modify product: Uncharacterized RNA methyltransferase SP_1029 => putative RNA methyltransferase
[11:37:38] Modify product: Fatty acid-binding protein TM_1468 => Fatty acid-binding protein
[11:37:38] Modify product: UPF0701 protein YicC => hypothetical protein
[11:37:38] Modify product: UPF0145 protein YbjQ => hypothetical protein
[11:37:38] Modify product: Uncharacterized protein SA1069 => putative protein
[11:37:38] Modify product: Peptidoglycan-N-acetylglucosamine deacetylase BC_3618 => Peptidoglycan-N-acetylglucosamine deacetylase
[11:37:38] Modify product: Probable cell division protein WhiA => putative cell division protein WhiA
[11:37:38] Modify product: Probable pyridine nucleotide-disulfide oxidoreductase RclA => putative pyridine nucleotide-disulfide oxidoreductase RclA
[11:37:38] Modify product: Probable protein kinase UbiB => putative protein kinase UbiB
[11:37:38] Modify product: Probable ribosomal protein YlxQ => putative ribosomal protein YlxQ
[11:37:38] Modify product: TelA-like protein SA1238 => TelA-like protein
[11:37:38] Modify product: Uncharacterized ABC transporter ATP-binding protein YbiT => putative ABC transporter ATP-binding protein YbiT
[11:37:38] Modify product: Uncharacterized PIN and TRAM-domain containing protein YacL => putative PIN and TRAM-domain containing protein YacL
[11:37:38] Modify product: Uncharacterized protein YqeN => putative protein YqeN
[11:37:38] Modify product: Uncharacterized ABC transporter ATP-binding protein TM_0288 => putative ABC transporter ATP-binding protein
[11:37:38] Modify product: Probable nicotinate-nucleotide pyrophosphorylase [carboxylating] => putative nicotinate-nucleotide pyrophosphorylase [carboxylating]
[11:37:38] Cleaned 66 /product names
[11:37:38] Deleting unwanted file: prokka_output/M1670701432/M1670701432.sprot.tmp.25517.faa
[11:37:38] Deleting unwanted file: prokka_output/M1670701432/M1670701432.sprot.tmp.25517.blast
[11:37:38] There are still 577 unannotated CDS left (started with 1311)
[11:37:38] Will use hmmer3 to search against /home/frederick/anaconda3/envs/prokka/db/hmm/HAMAP.hmm with 8 CPUs
[11:37:38] Running: cat prokka_output\/M1670701432\/M1670701432\.HAMAP\.hmm\.tmp\.25517\.faa | parallel --gnu --plain -j 8 --block 9577 --recstart '>' --pipe hmmscan --noali --notextw --acc -E 1e-09 --cpu 1 /home/frederick/anaconda3/envs/prokka/db/hmm/HAMAP.hmm /dev/stdin > prokka_output\/M1670701432\/M1670701432\.HAMAP\.hmm\.tmp\.25517\.hmmer3 2> /dev/null
[11:37:43] Modify product: Uncharacterized Nudix hydrolase NudL => putative Nudix hydrolase NudL
[11:37:43] Cleaned 1 /product names
[11:37:43] Deleting unwanted file: prokka_output/M1670701432/M1670701432.HAMAP.hmm.tmp.25517.faa
[11:37:43] Deleting unwanted file: prokka_output/M1670701432/M1670701432.HAMAP.hmm.tmp.25517.hmmer3
[11:37:43] Labelling remaining 496 proteins as 'hypothetical protein'
[11:37:43] Possible /pseudo 'Ribosomal RNA large subunit methyltransferase H' at gnl|Prokka|KEBPCLKB_1 position 3350
[11:37:43] Possible /pseudo 'N-acetylmuramoyl-L-alanine amidase LytC' at gnl|Prokka|KEBPCLKB_1 position 55687
[11:37:43] Possible /pseudo 'Central glycolytic genes regulator' at gnl|Prokka|KEBPCLKB_12 position 13890
[11:37:43] Possible /pseudo 'Pur operon repressor' at gnl|Prokka|KEBPCLKB_14 position 4363
[11:37:43] Possible /pseudo 'Polyisoprenyl-teichoic acid--peptidoglycan teichoic acid transferase TagU' at gnl|Prokka|KEBPCLKB_62 position 1240
[11:37:43] Found 682 unique /gene codes.
[11:37:43] Fixed 2 duplicate /gene - bcrA_1 bcrA_2
[11:37:43] Fixed 2 duplicate /gene - prsA_1 prsA_2
[11:37:43] Fixed 2 duplicate /gene - phoP_1 phoP_2
[11:37:43] Fixed 2 duplicate /gene - gap_1 gap_2
[11:37:43] Fixed 2 duplicate /gene - btuD_1 btuD_2
[11:37:43] Fixed 2 duplicate /gene - gloB_1 gloB_2
[11:37:43] Fixed 2 duplicate /gene - rspR_1 rspR_2
[11:37:43] Fixed 2 duplicate /gene - cggR_1 cggR_2
[11:37:43] Fixed 2 duplicate /gene - lnrL_1 lnrL_2
[11:37:43] Fixed 2 duplicate /gene - carA_1 carA_2
[11:37:43] Fixed 2 duplicate /gene - ybiT_1 ybiT_2
[11:37:43] Fixed 2 duplicate /gene - rlmH_1 rlmH_2
[11:37:43] Fixed 2 duplicate /gene - clsA_1 clsA_2
[11:37:43] Fixed 2 duplicate /gene - artQ_1 artQ_2
[11:37:43] Fixed 2 duplicate /gene - yxdL_1 yxdL_2
[11:37:43] Fixed 2 duplicate /gene - addA_1 addA_2
[11:37:43] Fixed 2 duplicate /gene - polC_1 polC_2
[11:37:43] Fixed 2 duplicate /gene - artM_1 artM_2
[11:37:43] Fixed 4 duplicate /gene - mepA_1 mepA_2 mepA_3 mepA_4
[11:37:43] Fixed 2 duplicate /gene - rhaR_1 rhaR_2
[11:37:43] Fixed 2 duplicate /gene - acpP_1 acpP_2
[11:37:43] Fixed 2 duplicate /gene - dapA_1 dapA_2
[11:37:43] Fixed 2 duplicate /gene - alr_1 alr_2
[11:37:43] Fixed 2 duplicate /gene - fusA_1 fusA_2
[11:37:43] Fixed 2 duplicate /gene - carC_1 carC_2
[11:37:43] Fixed 2 duplicate /gene - pepD_1 pepD_2
[11:37:43] Fixed 2 duplicate /gene - tuaG_1 tuaG_2
[11:37:43] Fixed 2 duplicate /gene - hpt_1 hpt_2
[11:37:43] Fixed 2 duplicate /gene - purR_1 purR_2
[11:37:43] Fixed 2 duplicate /gene - alaS_1 alaS_2
[11:37:43] Fixed 2 duplicate /gene - tagU_1 tagU_2
[11:37:43] Fixed 2 duplicate /gene - fabG_1 fabG_2
[11:37:43] Fixed 2 duplicate /gene - ecfT_1 ecfT_2
[11:37:43] Fixed 3 duplicate /gene - brnQ_1 brnQ_2 brnQ_3
[11:37:43] Fixed 2 duplicate /gene - glmU_1 glmU_2
[11:37:43] Fixed 2 duplicate /gene - rsxB_1 rsxB_2
[11:37:43] Fixed 2 duplicate /gene - fldA_1 fldA_2
[11:37:43] Fixed 2 duplicate /gene - sasA_1 sasA_2
[11:37:43] Fixed 2 duplicate /gene - rlmL_1 rlmL_2
[11:37:43] Fixed 2 duplicate /gene - mreB_1 mreB_2
[11:37:43] Fixed 2 duplicate /gene - COQ5_1 COQ5_2
[11:37:43] Fixed 2 duplicate /gene - asd_1 asd_2
[11:37:43] Fixed 2 duplicate /gene - alsT_1 alsT_2
[11:37:43] Fixed 2 duplicate /gene - artP_1 artP_2
[11:37:43] Fixed 10 duplicate /gene - lytC_1 lytC_2 lytC_3 lytC_4 lytC_5 lytC_6 lytC_7 lytC_8 lytC_9 lytC_10
[11:37:43] Fixed 2 duplicate /gene - rluD_1 rluD_2
[11:37:43] Fixed 2 duplicate /gene - dnaA_1 dnaA_2
[11:37:43] Fixed 2 duplicate /gene - ykoD_1 ykoD_2
[11:37:43] Fixed 2 duplicate /gene - uvrA_1 uvrA_2
[11:37:43] Fixed 2 duplicate /gene - comEC_1 comEC_2
[11:37:43] Fixed 50 colliding /gene names.
[11:37:43] Adding /locus_tag identifiers
[11:37:43] Assigned 1328 locus_tags to CDS and RNA features.
[11:37:43] Writing outputs to prokka_output/M1670701432/
[11:37:45] Generating annotation statistics file
[11:37:45] Generating Genbank and Sequin files
[11:37:45] Running: tbl2asn -V b -a r10k -l paired-ends -M n -N 1 -y 'Annotated using prokka 1.14.6 from https://github.com/tseemann/prokka' -Z prokka_output\/M1670701432\/M1670701432\.err -i prokka_output\/M1670701432\/M1670701432\.fsa 2> /dev/null
[11:37:53] Deleting unwanted file: prokka_output/M1670701432/errorsummary.val
[11:37:53] Deleting unwanted file: prokka_output/M1670701432/M1670701432.dr
[11:37:53] Deleting unwanted file: prokka_output/M1670701432/M1670701432.fixedproducts
[11:37:53] Deleting unwanted file: prokka_output/M1670701432/M1670701432.ecn
[11:37:53] Deleting unwanted file: prokka_output/M1670701432/M1670701432.val
[11:37:53] Repairing broken .GBK output that tbl2asn produces...
[11:37:53] Running: sed 's/COORDINATES: profile/COORDINATES:profile/' < prokka_output\/M1670701432\/M1670701432\.gbf > prokka_output\/M1670701432\/M1670701432\.gbk
[11:37:55] Deleting unwanted file: prokka_output/M1670701432/M1670701432.gbf
[11:37:55] Output files:
[11:37:55] prokka_output/M1670701432/M1670701432.err
[11:37:55] prokka_output/M1670701432/M1670701432.faa
[11:37:55] prokka_output/M1670701432/M1670701432.ffn
[11:37:55] prokka_output/M1670701432/M1670701432.fna
[11:37:55] prokka_output/M1670701432/M1670701432.fsa
[11:37:55] prokka_output/M1670701432/M1670701432.gbk
[11:37:55] prokka_output/M1670701432/M1670701432.gff
[11:37:55] prokka_output/M1670701432/M1670701432.log
[11:37:55] prokka_output/M1670701432/M1670701432.sqn
[11:37:55] prokka_output/M1670701432/M1670701432.tbl
[11:37:55] prokka_output/M1670701432/M1670701432.tsv
[11:37:55] prokka_output/M1670701432/M1670701432.txt
[11:37:55] Annotation finished successfully.
[11:37:55] Walltime used: 0.82 minutes
[11:37:55] If you use this result please cite the Prokka paper:
[11:37:55] Seemann T (2014) Prokka: rapid prokaryotic genome annotation. Bioinformatics. 30(14):2068-9.
[11:37:55] Type 'prokka --citation' for more details.
[11:37:55] Share and enjoy!
