[11:41:28] This is prokka 1.14.6
[11:41:28] Written by Torsten Seemann <torsten.seemann@gmail.com>
[11:41:28] Homepage is https://github.com/tseemann/prokka
[11:41:28] Local time is Tue Apr  1 11:41:28 2025
[11:41:28] You are frederick
[11:41:28] Operating system is linux
[11:41:28] You have BioPerl 1.7.8
[11:41:28] System has 12 cores.
[11:41:28] Will use maximum of 8 cores.
[11:41:28] Annotating as >>> Bacteria <<<
[11:41:28] Generating locus_tag from 'mags/M1791056217.fna' contents.
[11:41:28] Setting --locustag AKBMDOOL from MD5 a4b6d8852a1bad910903037c530a811f
[11:41:28] Enabling options to ensure Genbank/ENA/DDJB submission compliance.
[11:41:28] Re-using existing --outdir prokka_output/M1791056217
[11:41:28] Using filename prefix: M1791056217.XXX
[11:41:28] Setting HMMER_NCPU=1
[11:41:28] Writing log to: prokka_output/M1791056217/M1791056217.log
[11:41:28] Command: /home/frederick/anaconda3/envs/prokka/bin/prokka mags/M1791056217.fna --outdir prokka_output/M1791056217 --prefix M1791056217 --compliant --force
[11:41:28] Appending to PATH: /home/frederick/anaconda3/envs/prokka/bin
[11:41:28] Looking for 'aragorn' - found /home/frederick/anaconda3/envs/prokka/bin/aragorn
[11:41:28] Determined aragorn version is 001002 from 'ARAGORN v1.2.41 Dean Laslett'
[11:41:28] Looking for 'barrnap' - found /home/frederick/anaconda3/envs/prokka/bin/barrnap
[11:41:28] Determined barrnap version is 000009 from 'barrnap 0.9'
[11:41:28] Looking for 'blastp' - found /home/frederick/anaconda3/envs/prokka/bin/blastp
[11:41:28] Determined blastp version is 002016 from 'blastp: 2.16.0+'
[11:41:28] Looking for 'cmpress' - found /home/frederick/anaconda3/envs/prokka/bin/cmpress
[11:41:28] Determined cmpress version is 001001 from '# INFERNAL 1.1.5 (Sep 2023)'
[11:41:28] Looking for 'cmscan' - found /home/frederick/anaconda3/envs/prokka/bin/cmscan
[11:41:28] Determined cmscan version is 001001 from '# INFERNAL 1.1.5 (Sep 2023)'
[11:41:28] Looking for 'egrep' - found /usr/bin/egrep
[11:41:28] Looking for 'find' - found /usr/bin/find
[11:41:28] Looking for 'grep' - found /usr/bin/grep
[11:41:28] Looking for 'hmmpress' - found /home/frederick/anaconda3/envs/prokka/bin/hmmpress
[11:41:28] Determined hmmpress version is 003004 from '# HMMER 3.4 (Aug 2023); http://hmmer.org/'
[11:41:28] Looking for 'hmmscan' - found /home/frederick/anaconda3/envs/prokka/bin/hmmscan
[11:41:28] Determined hmmscan version is 003004 from '# HMMER 3.4 (Aug 2023); http://hmmer.org/'
[11:41:28] Looking for 'java' - found /home/frederick/anaconda3/envs/prokka/bin/java
[11:41:28] Looking for 'makeblastdb' - found /home/frederick/anaconda3/envs/prokka/bin/makeblastdb
[11:41:28] Determined makeblastdb version is 002016 from 'makeblastdb: 2.16.0+'
[11:41:28] Looking for 'minced' - found /home/frederick/anaconda3/envs/prokka/bin/minced
[11:41:29] Determined minced version is 004002 from 'minced 0.4.2'
[11:41:29] Looking for 'parallel' - found /home/frederick/anaconda3/envs/prokka/bin/parallel
[11:41:29] Determined parallel version is 20250222 from 'GNU parallel 20250222'
[11:41:29] Looking for 'prodigal' - found /home/frederick/anaconda3/envs/prokka/bin/prodigal
[11:41:29] Determined prodigal version is 002006 from 'Prodigal V2.6.3: February, 2016'
[11:41:29] Looking for 'prokka-genbank_to_fasta_db' - found /home/frederick/anaconda3/envs/prokka/bin/prokka-genbank_to_fasta_db
[11:41:29] Looking for 'sed' - found /usr/bin/sed
[11:41:29] Looking for 'tbl2asn' - found /home/frederick/anaconda3/envs/prokka/bin/tbl2asn
[11:41:29] Determined tbl2asn version is 025007 from 'tbl2asn 25.7   arguments:'
[11:41:29] Using genetic code table 11.
[11:41:29] Loading and checking input file: mags/M1791056217.fna
[11:41:29] Wrote 113 contigs totalling 1723295 bp.
[11:41:29] Predicting tRNAs and tmRNAs
[11:41:29] Running: aragorn -l -gc11  -w prokka_output\/M1791056217\/M1791056217\.fna
[11:41:30] 1 tRNA-Arg c[21515,21589] 35 (cct)
[11:41:30] 2 tRNA-Arg c[22649,22723] 35 (tcg)
[11:41:30] 1 tmRNA [11160,11510] 93,125 ANENNLLAA**
[11:41:30] 1 tRNA-Val [52,127] 34 (tac)
[11:41:30] 2 tRNA-Asp [135,211] 35 (gtc)
[11:41:30] 3 tRNA-Gly [224,298] 33 (gcc)
[11:41:30] 4 tRNA-Pyl [305,380] 37 (cta)
[11:41:30] 1 tRNA-Arg [9116,9190] 35 (acg)
[11:41:30] 1 tRNA-Val c[1,76] 34 (tac)
[11:41:30] 2 tRNA-Glu c[82,155] 35 (ttc)
[11:41:30] 3 tRNA-Asn c[165,237] 33 (gtt)
[11:41:30] 1 tRNA-Leu c[3496,3580] 35 (caa)
[11:41:30] 1 tRNA-Cys c[12555,12626] 33 (gca)
[11:41:30] 2 tRNA-Lys c[12647,12721] 35 (ctt)
[11:41:30] 3 tRNA-Met c[12728,12804] 35 (cat)
[11:41:30] 4 tRNA-Phe c[12819,12894] 34 (gaa)
[11:41:30] 5 tRNA-Ser c[12899,12987] 35 (tga)
[11:41:30] 6 tRNA-Gln c[13008,13083] 34 (ttg)
[11:41:30] 7 tRNA-Leu c[13178,13261] 35 (tag)
[11:41:30] 1 tRNA-Ser [6772,6861] 35 (gga)
[11:41:31] 1 tRNA-Gly c[51,124] 33 (tcc)
[11:41:31] 2 tRNA-Glu c[136,207] 34 (ctc)
[11:41:31] Found 22 tRNAs
[11:41:31] Predicting Ribosomal RNAs
[11:41:31] Running Barrnap with 8 threads
[11:41:31] 1 gnl|Prokka|AKBMDOOL_25 245 5S ribosomal RNA
[11:41:31] 2 gnl|Prokka|AKBMDOOL_41 15252 5S ribosomal RNA (partial)
[11:41:31] 3 gnl|Prokka|AKBMDOOL_53 13 16S ribosomal RNA
[11:41:31] 4 gnl|Prokka|AKBMDOOL_6 39033 5S ribosomal RNA (partial)
[11:41:31] Found 4 rRNAs
[11:41:31] Skipping ncRNA search, enable with --rfam if desired.
[11:41:31] Total of 25 tRNA + rRNA features
[11:41:31] Searching for CRISPR repeats
[11:41:31] CRISPR1 gnl|Prokka|AKBMDOOL_2 50502 with 17 spacers
[11:41:32] Found 1 CRISPRs
[11:41:32] Predicting coding sequences
[11:41:32] Contigs total 1723295 bp, so using single mode
[11:41:32] Running: prodigal -i prokka_output\/M1791056217\/M1791056217\.fna -c -m -g 11 -p single -f sco -q
[11:41:36] Found 1501 CDS
[11:41:36] Connecting features back to sequences
[11:41:36] Not using genus-specific database. Try --usegenus to enable it.
[11:41:36] Annotating CDS, please be patient.
[11:41:36] Will use 8 CPUs for similarity searching.
[11:41:37] There are still 1501 unannotated CDS left (started with 1501)
[11:41:37] Will use blast to search against /home/frederick/anaconda3/envs/prokka/db/kingdom/Bacteria/IS with 8 CPUs
[11:41:37] Running: cat prokka_output\/M1791056217\/M1791056217\.IS\.tmp\.31590\.faa | parallel --gnu --plain -j 8 --block 30816 --recstart '>' --pipe blastp -query - -db /home/frederick/anaconda3/envs/prokka/db/kingdom/Bacteria/IS -evalue 1e-30 -qcov_hsp_perc 90 -num_threads 1 -num_descriptions 1 -num_alignments 1 -seg no > prokka_output\/M1791056217\/M1791056217\.IS\.tmp\.31590\.blast 2> /dev/null
[11:41:42] Deleting unwanted file: prokka_output/M1791056217/M1791056217.IS.tmp.31590.faa
[11:41:42] Deleting unwanted file: prokka_output/M1791056217/M1791056217.IS.tmp.31590.blast
[11:41:42] There are still 1494 unannotated CDS left (started with 1501)
[11:41:42] Will use blast to search against /home/frederick/anaconda3/envs/prokka/db/kingdom/Bacteria/AMR with 8 CPUs
[11:41:42] Running: cat prokka_output\/M1791056217\/M1791056217\.AMR\.tmp\.31590\.faa | parallel --gnu --plain -j 8 --block 30722 --recstart '>' --pipe blastp -query - -db /home/frederick/anaconda3/envs/prokka/db/kingdom/Bacteria/AMR -evalue 1e-300 -qcov_hsp_perc 90 -num_threads 1 -num_descriptions 1 -num_alignments 1 -seg no > prokka_output\/M1791056217\/M1791056217\.AMR\.tmp\.31590\.blast 2> /dev/null
[11:41:46] Deleting unwanted file: prokka_output/M1791056217/M1791056217.AMR.tmp.31590.faa
[11:41:46] Deleting unwanted file: prokka_output/M1791056217/M1791056217.AMR.tmp.31590.blast
[11:41:47] There are still 1493 unannotated CDS left (started with 1501)
[11:41:47] Will use blast to search against /home/frederick/anaconda3/envs/prokka/db/kingdom/Bacteria/sprot with 8 CPUs
[11:41:47] Running: cat prokka_output\/M1791056217\/M1791056217\.sprot\.tmp\.31590\.faa | parallel --gnu --plain -j 8 --block 30657 --recstart '>' --pipe blastp -query - -db /home/frederick/anaconda3/envs/prokka/db/kingdom/Bacteria/sprot -evalue 1e-09 -qcov_hsp_perc 80 -num_threads 1 -num_descriptions 1 -num_alignments 1 -seg no > prokka_output\/M1791056217\/M1791056217\.sprot\.tmp\.31590\.blast 2> /dev/null
[11:42:05] Modify product: Fatty acid-binding protein TM_1468 => Fatty acid-binding protein
[11:42:05] Modify product: Uncharacterized protein HP_1423 => putative protein
[11:42:05] Modify product: UPF0073 inner membrane protein YqfA => hypothetical protein
[11:42:05] Modify product: Uncharacterized ABC transporter ATP-binding protein YknY => putative ABC transporter ATP-binding protein YknY
[11:42:05] Modify product: Probable nicotinate-nucleotide pyrophosphorylase [carboxylating] => putative nicotinate-nucleotide pyrophosphorylase [carboxylating]
[11:42:05] Modify product: Probable M18 family aminopeptidase 2 => putative M18 family aminopeptidase 2
[11:42:06] Modify product: UPF0701 protein YicC => hypothetical protein
[11:42:06] Modify product: Probable dual-specificity RNA methyltransferase RlmN => putative dual-specificity RNA methyltransferase RlmN
[11:42:06] Modify product: Uncharacterized oxidoreductase SA2266 => putative oxidoreductase
[11:42:06] Modify product: Uncharacterized isomerase YddE => putative isomerase YddE
[11:42:06] Modify product: GTP cyclohydrolase 1 type 2 homolog => GTP cyclohydrolase 1 type 2 
[11:42:06] Modify product: Multidrug efflux system ATP-binding protein Rv1218c => Multidrug efflux system ATP-binding protein
[11:42:06] Modify product: Probable tryptophan transport protein => putative tryptophan transport protein
[11:42:06] Modify product: UPF0324 inner membrane protein YeiH => hypothetical protein
[11:42:06] Modify product: Rqc2 homolog RqcH => Rqc2 RqcH
[11:42:06] Modify product: Uncharacterized protein YjdJ => putative protein YjdJ
[11:42:06] Modify product: UPF0337 protein SA1452 => hypothetical protein
[11:42:06] Modify product: Probable cobalt-factor III C(17)-methyltransferase => putative cobalt-factor III C(17)-methyltransferase
[11:42:06] Modify product: Uncharacterized ABC transporter ATP-binding protein Rv0986 => putative ABC transporter ATP-binding protein
[11:42:06] Modify product: Putative multidrug export ATP-binding/permease protein SAV1866 => Putative multidrug export ATP-binding/permease protein
[11:42:06] Modify product: UPF0702 transmembrane protein YetF => hypothetical protein
[11:42:06] Modify product: Probable transcription repressor NiaR => putative transcription repressor NiaR
[11:42:06] Modify product: Putative multidrug export ATP-binding/permease protein SAV1866 => Putative multidrug export ATP-binding/permease protein
[11:42:06] Modify product: Probable NADH oxidase => putative NADH oxidase
[11:42:06] Modify product: UPF0053 protein HI_0107 => hypothetical protein
[11:42:06] Modify product: UPF0102 protein RPA0323 => hypothetical protein
[11:42:06] Modify product: Probable nicotinate-nucleotide adenylyltransferase => putative nicotinate-nucleotide adenylyltransferase
[11:42:06] Modify product: Probable cystine transporter YijE => putative cystine transporter YijE
[11:42:06] Modify product: Uncharacterized ABC transporter ATP-binding protein YbiT => putative ABC transporter ATP-binding protein YbiT
[11:42:06] Modify product: Probable tRNA sulfurtransferase => putative tRNA sulfurtransferase
[11:42:06] Modify product: Uncharacterized ABC transporter ATP-binding protein TM_0288 => putative ABC transporter ATP-binding protein
[11:42:06] Modify product: Uncharacterized RNA methyltransferase SP_1029 => putative RNA methyltransferase
[11:42:06] Modify product: Putative lipid kinase SP_1045 => Putative lipid kinase
[11:42:06] Modify product: Putative multidrug export ATP-binding/permease protein SAV1866 => Putative multidrug export ATP-binding/permease protein
[11:42:06] Modify product: Uncharacterized ABC transporter ATP-binding protein TM_0288 => putative ABC transporter ATP-binding protein
[11:42:06] Modify product: Putative multidrug export ATP-binding/permease protein SAV1866 => Putative multidrug export ATP-binding/permease protein
[11:42:06] Modify product: Probable ABC transporter ATP-binding/permease protein HI_0664 => putative ABC transporter ATP-binding/permease protein
[11:42:08] Modify product: Fatty acid-binding protein TM_1468 => Fatty acid-binding protein
[11:42:08] Modify product: Uncharacterized ABC transporter ATP-binding protein TM_0288 => putative ABC transporter ATP-binding protein
[11:42:08] Modify product: Dihydroorotate dehydrogenase B (NAD(+)), electron transfer subunit homolog => Dihydroorotate dehydrogenase B (NAD(+)), electron transfer subunit 
[11:42:08] Modify product: Uncharacterized protein HI_0933 => putative protein
[11:42:08] Modify product: Uncharacterized protein Rv2927c => putative protein
[11:42:08] Modify product: Uncharacterized protein SA1069 => putative protein
[11:42:08] Modify product: Uncharacterized protein Spy1614 => putative protein
[11:42:08] Modify product: Bifunctional protein FolD => Bifunctional protein FolD protein
[11:42:08] Modify product: Uncharacterized ABC transporter ATP-binding protein YheS => putative ABC transporter ATP-binding protein YheS
[11:42:08] Modify product: UPF0126 inner membrane protein YadS => hypothetical protein
[11:42:08] Modify product: Probable heme-iron transport system permease protein IsdF => putative heme-iron transport system permease protein IsdF
[11:42:08] Modify product: Probable lipid II flippase MurJ => putative lipid II flippase MurJ
[11:42:08] Modify product: Uncharacterized ABC transporter ATP-binding protein TM_0288 => putative ABC transporter ATP-binding protein
[11:42:08] Modify product: Probable cell division protein WhiA => putative cell division protein WhiA
[11:42:08] Modify product: Uncharacterized metal-dependent hydrolase YcfH => putative metal-dependent hydrolase YcfH
[11:42:08] Modify product: TelA-like protein SA1238 => TelA-like protein
[11:42:08] Modify product: UPF0297 protein EF_1202 => hypothetical protein
[11:42:08] Modify product: Peptidoglycan-N-acetylglucosamine deacetylase BC_3618 => Peptidoglycan-N-acetylglucosamine deacetylase
[11:42:08] Modify product: Transcriptional repressor SmtB homolog => Transcriptional repressor SmtB 
[11:42:08] Modify product: Putative metallophosphoesterase MG207 homolog => Putative metallophosphoesterase MG207 
[11:42:08] Modify product: Probable transcriptional regulatory protein aq_1575 => putative transcriptional regulatory protein
[11:42:08] Modify product: Nucleotidase CA_C3379 => Nucleotidase
[11:42:08] Modify product: Uncharacterized protein YqeN => putative protein YqeN
[11:42:08] Modify product: Probable bacterial non-heme ferritin => putative bacterial non-heme ferritin
[11:42:08] Modify product: Probable glucosamine-6-phosphate deaminase 2 => putative glucosamine-6-phosphate deaminase 2
[11:42:08] Modify product: Probable ribosomal protein YlxQ => putative ribosomal protein YlxQ
[11:42:08] Modify product: GTP-binding protein TypA/BipA homolog => GTP-binding protein TypA/BipA 
[11:42:08] Modify product: Uncharacterized protein Spy1535 => putative protein
[11:42:08] Modify product: UPF0051 protein SA0778 => hypothetical protein
[11:42:08] Modify product: Probable cysteine desulfurase => putative cysteine desulfurase
[11:42:08] Modify product: Probable phosphatase Rv3661 => putative phosphatase
[11:42:08] Modify product: UPF0145 protein YbjQ => hypothetical protein
[11:42:08] Modify product: Nucleoid-associated protein Cthe_2143 => Nucleoid-associated protein
[11:42:08] Modify product: Uncharacterized zinc protease Rv2782c => putative zinc protease
[11:42:08] Modify product: DegV domain-containing protein MW1315 => DegV domain-containing protein
[11:42:08] Modify product: Uncharacterized protein Rv1488 => putative protein
[11:42:08] Modify product: UPF0371 protein DIP2346 => hypothetical protein
[11:42:08] Modify product: Uncharacterized ABC transporter ATP-binding protein YbiT => putative ABC transporter ATP-binding protein YbiT
[11:42:08] Modify product: Uncharacterized protein YqeY => putative protein YqeY
[11:42:08] Cleaned 76 /product names
[11:42:08] Deleting unwanted file: prokka_output/M1791056217/M1791056217.sprot.tmp.31590.faa
[11:42:08] Deleting unwanted file: prokka_output/M1791056217/M1791056217.sprot.tmp.31590.blast
[11:42:09] There are still 663 unannotated CDS left (started with 1501)
[11:42:09] Will use hmmer3 to search against /home/frederick/anaconda3/envs/prokka/db/hmm/HAMAP.hmm with 8 CPUs
[11:42:09] Running: cat prokka_output\/M1791056217\/M1791056217\.HAMAP\.hmm\.tmp\.31590\.faa | parallel --gnu --plain -j 8 --block 12846 --recstart '>' --pipe hmmscan --noali --notextw --acc -E 1e-09 --cpu 1 /home/frederick/anaconda3/envs/prokka/db/hmm/HAMAP.hmm /dev/stdin > prokka_output\/M1791056217\/M1791056217\.HAMAP\.hmm\.tmp\.31590\.hmmer3 2> /dev/null
[11:42:15] Modify product: Uncharacterized Nudix hydrolase NudL => putative Nudix hydrolase NudL
[11:42:15] Cleaned 1 /product names
[11:42:15] Deleting unwanted file: prokka_output/M1791056217/M1791056217.HAMAP.hmm.tmp.31590.faa
[11:42:15] Deleting unwanted file: prokka_output/M1791056217/M1791056217.HAMAP.hmm.tmp.31590.hmmer3
[11:42:15] Labelling remaining 563 proteins as 'hypothetical protein'
[11:42:15] Possible /pseudo 'Putative fluoride ion transporter CrcB' at gnl|Prokka|AKBMDOOL_18 position 12514
[11:42:15] Possible /pseudo 'Polyisoprenyl-teichoic acid--peptidoglycan teichoic acid transferase TagU' at gnl|Prokka|AKBMDOOL_27 position 3179
[11:42:15] Possible /pseudo 'putative protein' at gnl|Prokka|AKBMDOOL_38 position 9561
[11:42:15] Found 766 unique /gene codes.
[11:42:15] Fixed 3 duplicate /gene - dnaA_1 dnaA_2 dnaA_3
[11:42:15] Fixed 2 duplicate /gene - polC_1 polC_2
[11:42:15] Fixed 4 duplicate /gene - rhaR_1 rhaR_2 rhaR_3 rhaR_4
[11:42:15] Fixed 2 duplicate /gene - sstT_1 sstT_2
[11:42:15] Fixed 2 duplicate /gene - smc_1 smc_2
[11:42:15] Fixed 2 duplicate /gene - COQ5_1 COQ5_2
[11:42:15] Fixed 5 duplicate /gene - lytC_1 lytC_2 lytC_3 lytC_4 lytC_5
[11:42:15] Fixed 2 duplicate /gene - xerC_1 xerC_2
[11:42:15] Fixed 2 duplicate /gene - msbA_1 msbA_2
[11:42:15] Fixed 2 duplicate /gene - topA_1 topA_2
[11:42:15] Fixed 2 duplicate /gene - pepD_1 pepD_2
[11:42:15] Fixed 3 duplicate /gene - ykoD_1 ykoD_2 ykoD_3
[11:42:15] Fixed 2 duplicate /gene - rsxB_1 rsxB_2
[11:42:15] Fixed 2 duplicate /gene - carD_1 carD_2
[11:42:15] Fixed 2 duplicate /gene - mnmE_1 mnmE_2
[11:42:15] Fixed 2 duplicate /gene - ybiT_1 ybiT_2
[11:42:15] Fixed 2 duplicate /gene - carC_1 carC_2
[11:42:15] Fixed 2 duplicate /gene - murJ_1 murJ_2
[11:42:15] Fixed 2 duplicate /gene - fabG_1 fabG_2
[11:42:15] Fixed 2 duplicate /gene - crcB_1 crcB_2
[11:42:15] Fixed 2 duplicate /gene - ytrE_1 ytrE_2
[11:42:15] Fixed 2 duplicate /gene - der_1 der_2
[11:42:15] Fixed 2 duplicate /gene - artQ_1 artQ_2
[11:42:15] Fixed 2 duplicate /gene - mreB_1 mreB_2
[11:42:15] Fixed 2 duplicate /gene - alr1_1 alr1_2
[11:42:15] Fixed 2 duplicate /gene - ugtP_1 ugtP_2
[11:42:15] Fixed 2 duplicate /gene - gap_1 gap_2
[11:42:15] Fixed 5 duplicate /gene - mepA_1 mepA_2 mepA_3 mepA_4 mepA_5
[11:42:15] Fixed 3 duplicate /gene - lnrL_1 lnrL_2 lnrL_3
[11:42:15] Fixed 2 duplicate /gene - asd_1 asd_2
[11:42:15] Fixed 2 duplicate /gene - phoP_1 phoP_2
[11:42:15] Fixed 2 duplicate /gene - rluD_1 rluD_2
[11:42:15] Fixed 2 duplicate /gene - bcrA_1 bcrA_2
[11:42:15] Fixed 2 duplicate /gene - carE_1 carE_2
[11:42:15] Fixed 2 duplicate /gene - glgC_1 glgC_2
[11:42:15] Fixed 2 duplicate /gene - rlmL_1 rlmL_2
[11:42:15] Fixed 2 duplicate /gene - clsA_1 clsA_2
[11:42:15] Fixed 2 duplicate /gene - comEC_1 comEC_2
[11:42:15] Fixed 2 duplicate /gene - pspA_1 pspA_2
[11:42:15] Fixed 2 duplicate /gene - hpt_1 hpt_2
[11:42:15] Fixed 2 duplicate /gene - rspR_1 rspR_2
[11:42:15] Fixed 2 duplicate /gene - ruvB_1 ruvB_2
[11:42:15] Fixed 4 duplicate /gene - sasA_1 sasA_2 sasA_3 sasA_4
[11:42:15] Fixed 2 duplicate /gene - btuD_1 btuD_2
[11:42:15] Fixed 2 duplicate /gene - artP_1 artP_2
[11:42:15] Fixed 2 duplicate /gene - tagU_1 tagU_2
[11:42:15] Fixed 2 duplicate /gene - carA_1 carA_2
[11:42:15] Fixed 2 duplicate /gene - cpdA_1 cpdA_2
[11:42:15] Fixed 2 duplicate /gene - dapA_1 dapA_2
[11:42:15] Fixed 2 duplicate /gene - lysN_1 lysN_2
[11:42:15] Fixed 4 duplicate /gene - brnQ_1 brnQ_2 brnQ_3 brnQ_4
[11:42:15] Fixed 3 duplicate /gene - ecfT_1 ecfT_2 ecfT_3
[11:42:15] Fixed 2 duplicate /gene - fldA_1 fldA_2
[11:42:15] Fixed 2 duplicate /gene - mtgA_1 mtgA_2
[11:42:15] Fixed 2 duplicate /gene - alaS_1 alaS_2
[11:42:15] Fixed 2 duplicate /gene - tuaG_1 tuaG_2
[11:42:15] Fixed 2 duplicate /gene - murE_1 murE_2
[11:42:15] Fixed 2 duplicate /gene - sigM_1 sigM_2
[11:42:15] Fixed 2 duplicate /gene - fusA_1 fusA_2
[11:42:15] Fixed 2 duplicate /gene - secA_1 secA_2
[11:42:15] Fixed 2 duplicate /gene - acpP_1 acpP_2
[11:42:15] Fixed 2 duplicate /gene - bioB_1 bioB_2
[11:42:15] Fixed 2 duplicate /gene - moaA_1 moaA_2
[11:42:15] Fixed 2 duplicate /gene - hmo_1 hmo_2
[11:42:15] Fixed 3 duplicate /gene - alsT_1 alsT_2 alsT_3
[11:42:15] Fixed 2 duplicate /gene - gloB_1 gloB_2
[11:42:15] Fixed 2 duplicate /gene - hadC_1 hadC_2
[11:42:15] Fixed 2 duplicate /gene - cysG_1 cysG_2
[11:42:15] Fixed 2 duplicate /gene - artM_1 artM_2
[11:42:15] Fixed 2 duplicate /gene - prsA_1 prsA_2
[11:42:15] Fixed 70 colliding /gene names.
[11:42:15] Adding /locus_tag identifiers
[11:42:15] Assigned 1527 locus_tags to CDS and RNA features.
[11:42:15] Writing outputs to prokka_output/M1791056217/
[11:42:17] Generating annotation statistics file
[11:42:17] Generating Genbank and Sequin files
[11:42:17] Running: tbl2asn -V b -a r10k -l paired-ends -M n -N 1 -y 'Annotated using prokka 1.14.6 from https://github.com/tseemann/prokka' -Z prokka_output\/M1791056217\/M1791056217\.err -i prokka_output\/M1791056217\/M1791056217\.fsa 2> /dev/null
[11:42:26] Deleting unwanted file: prokka_output/M1791056217/errorsummary.val
[11:42:26] Deleting unwanted file: prokka_output/M1791056217/M1791056217.dr
[11:42:26] Deleting unwanted file: prokka_output/M1791056217/M1791056217.fixedproducts
[11:42:26] Deleting unwanted file: prokka_output/M1791056217/M1791056217.ecn
[11:42:26] Deleting unwanted file: prokka_output/M1791056217/M1791056217.val
[11:42:26] Repairing broken .GBK output that tbl2asn produces...
[11:42:26] Running: sed 's/COORDINATES: profile/COORDINATES:profile/' < prokka_output\/M1791056217\/M1791056217\.gbf > prokka_output\/M1791056217\/M1791056217\.gbk
[11:42:28] Deleting unwanted file: prokka_output/M1791056217/M1791056217.gbf
[11:42:28] Output files:
[11:42:28] prokka_output/M1791056217/M1791056217.err
[11:42:28] prokka_output/M1791056217/M1791056217.faa
[11:42:28] prokka_output/M1791056217/M1791056217.ffn
[11:42:28] prokka_output/M1791056217/M1791056217.fna
[11:42:28] prokka_output/M1791056217/M1791056217.fsa
[11:42:28] prokka_output/M1791056217/M1791056217.gbk
[11:42:28] prokka_output/M1791056217/M1791056217.gff
[11:42:28] prokka_output/M1791056217/M1791056217.log
[11:42:28] prokka_output/M1791056217/M1791056217.sqn
[11:42:28] prokka_output/M1791056217/M1791056217.tbl
[11:42:28] prokka_output/M1791056217/M1791056217.tsv
[11:42:28] prokka_output/M1791056217/M1791056217.txt
[11:42:28] Annotation finished successfully.
[11:42:28] Walltime used: 1.00 minutes
[11:42:28] If you use this result please cite the Prokka paper:
[11:42:28] Seemann T (2014) Prokka: rapid prokaryotic genome annotation. Bioinformatics. 30(14):2068-9.
[11:42:28] Type 'prokka --citation' for more details.
[11:42:28] Thank you, come again.
