[11:30:32] This is prokka 1.14.6
[11:30:32] Written by Torsten Seemann <torsten.seemann@gmail.com>
[11:30:32] Homepage is https://github.com/tseemann/prokka
[11:30:32] Local time is Tue Apr  1 11:30:32 2025
[11:30:32] You are frederick
[11:30:32] Operating system is linux
[11:30:32] You have BioPerl 1.7.8
[11:30:32] System has 12 cores.
[11:30:32] Will use maximum of 8 cores.
[11:30:32] Annotating as >>> Bacteria <<<
[11:30:32] Generating locus_tag from 'mags/M1351804467.fna' contents.
[11:30:32] Setting --locustag GEFBOJOP from MD5 0efb8389b7fd38512de0ee019e94c801
[11:30:32] Enabling options to ensure Genbank/ENA/DDJB submission compliance.
[11:30:32] Re-using existing --outdir prokka_output/M1351804467
[11:30:32] Using filename prefix: M1351804467.XXX
[11:30:32] Setting HMMER_NCPU=1
[11:30:32] Writing log to: prokka_output/M1351804467/M1351804467.log
[11:30:32] Command: /home/frederick/anaconda3/envs/prokka/bin/prokka mags/M1351804467.fna --outdir prokka_output/M1351804467 --prefix M1351804467 --compliant --force
[11:30:32] Appending to PATH: /home/frederick/anaconda3/envs/prokka/bin
[11:30:32] Looking for 'aragorn' - found /home/frederick/anaconda3/envs/prokka/bin/aragorn
[11:30:32] Determined aragorn version is 001002 from 'ARAGORN v1.2.41 Dean Laslett'
[11:30:32] Looking for 'barrnap' - found /home/frederick/anaconda3/envs/prokka/bin/barrnap
[11:30:32] Determined barrnap version is 000009 from 'barrnap 0.9'
[11:30:32] Looking for 'blastp' - found /home/frederick/anaconda3/envs/prokka/bin/blastp
[11:30:32] Determined blastp version is 002016 from 'blastp: 2.16.0+'
[11:30:32] Looking for 'cmpress' - found /home/frederick/anaconda3/envs/prokka/bin/cmpress
[11:30:32] Determined cmpress version is 001001 from '# INFERNAL 1.1.5 (Sep 2023)'
[11:30:32] Looking for 'cmscan' - found /home/frederick/anaconda3/envs/prokka/bin/cmscan
[11:30:32] Determined cmscan version is 001001 from '# INFERNAL 1.1.5 (Sep 2023)'
[11:30:32] Looking for 'egrep' - found /usr/bin/egrep
[11:30:32] Looking for 'find' - found /usr/bin/find
[11:30:32] Looking for 'grep' - found /usr/bin/grep
[11:30:32] Looking for 'hmmpress' - found /home/frederick/anaconda3/envs/prokka/bin/hmmpress
[11:30:32] Determined hmmpress version is 003004 from '# HMMER 3.4 (Aug 2023); http://hmmer.org/'
[11:30:32] Looking for 'hmmscan' - found /home/frederick/anaconda3/envs/prokka/bin/hmmscan
[11:30:32] Determined hmmscan version is 003004 from '# HMMER 3.4 (Aug 2023); http://hmmer.org/'
[11:30:32] Looking for 'java' - found /home/frederick/anaconda3/envs/prokka/bin/java
[11:30:32] Looking for 'makeblastdb' - found /home/frederick/anaconda3/envs/prokka/bin/makeblastdb
[11:30:32] Determined makeblastdb version is 002016 from 'makeblastdb: 2.16.0+'
[11:30:32] Looking for 'minced' - found /home/frederick/anaconda3/envs/prokka/bin/minced
[11:30:32] Determined minced version is 004002 from 'minced 0.4.2'
[11:30:32] Looking for 'parallel' - found /home/frederick/anaconda3/envs/prokka/bin/parallel
[11:30:32] Determined parallel version is 20250222 from 'GNU parallel 20250222'
[11:30:32] Looking for 'prodigal' - found /home/frederick/anaconda3/envs/prokka/bin/prodigal
[11:30:32] Determined prodigal version is 002006 from 'Prodigal V2.6.3: February, 2016'
[11:30:32] Looking for 'prokka-genbank_to_fasta_db' - found /home/frederick/anaconda3/envs/prokka/bin/prokka-genbank_to_fasta_db
[11:30:32] Looking for 'sed' - found /usr/bin/sed
[11:30:33] Looking for 'tbl2asn' - found /home/frederick/anaconda3/envs/prokka/bin/tbl2asn
[11:30:33] Determined tbl2asn version is 025007 from 'tbl2asn 25.7   arguments:'
[11:30:33] Using genetic code table 11.
[11:30:33] Loading and checking input file: mags/M1351804467.fna
[11:30:33] Wrote 289 contigs totalling 965700 bp.
[11:30:33] Predicting tRNAs and tmRNAs
[11:30:33] Running: aragorn -l -gc11  -w prokka_output\/M1351804467\/M1351804467\.fna
[11:30:33] 1 tmRNA c[139,489] 93,125 ANENNLLAA**
[11:30:33] 1 tRNA-Arg [3054,3128] 35 (tcg)
[11:30:34] 1 tRNA-Cys c[1548,1619] 33 (gca)
[11:30:34] 2 tRNA-Lys c[1643,1717] 35 (ctt)
[11:30:34] 3 tRNA-Gln c[1727,1801] 33 (ctg)
[11:30:34] 4 tRNA-Pyl c[1820,1896] 36 (cta)
[11:30:34] 5 tRNA-Gly c[1906,1980] 33 (gcc)
[11:30:34] 6 tRNA-Leu c[2005,2088] 35 (tag)
[11:30:34] 1 tRNA-Arg c[1541,1615] 35 (cct)
[11:30:34] Found 9 tRNAs
[11:30:34] Predicting Ribosomal RNAs
[11:30:34] Running Barrnap with 8 threads
[11:30:34] Found 0 rRNAs
[11:30:34] Skipping ncRNA search, enable with --rfam if desired.
[11:30:34] Total of 8 tRNA + rRNA features
[11:30:34] Searching for CRISPR repeats
[11:30:35] Found 0 CRISPRs
[11:30:35] Predicting coding sequences
[11:30:35] Contigs total 965700 bp, so using single mode
[11:30:35] Running: prodigal -i prokka_output\/M1351804467\/M1351804467\.fna -c -m -g 11 -p single -f sco -q
[11:30:37] Found 847 CDS
[11:30:37] Connecting features back to sequences
[11:30:37] Not using genus-specific database. Try --usegenus to enable it.
[11:30:37] Annotating CDS, please be patient.
[11:30:37] Will use 8 CPUs for similarity searching.
[11:30:37] There are still 847 unannotated CDS left (started with 847)
[11:30:37] Will use blast to search against /home/frederick/anaconda3/envs/prokka/db/kingdom/Bacteria/IS with 8 CPUs
[11:30:37] Running: cat prokka_output\/M1351804467\/M1351804467\.IS\.tmp\.17016\.faa | parallel --gnu --plain -j 8 --block 14292 --recstart '>' --pipe blastp -query - -db /home/frederick/anaconda3/envs/prokka/db/kingdom/Bacteria/IS -evalue 1e-30 -qcov_hsp_perc 90 -num_threads 1 -num_descriptions 1 -num_alignments 1 -seg no > prokka_output\/M1351804467\/M1351804467\.IS\.tmp\.17016\.blast 2> /dev/null
[11:30:40] Deleting unwanted file: prokka_output/M1351804467/M1351804467.IS.tmp.17016.faa
[11:30:40] Deleting unwanted file: prokka_output/M1351804467/M1351804467.IS.tmp.17016.blast
[11:30:41] There are still 846 unannotated CDS left (started with 847)
[11:30:41] Will use blast to search against /home/frederick/anaconda3/envs/prokka/db/kingdom/Bacteria/AMR with 8 CPUs
[11:30:41] Running: cat prokka_output\/M1351804467\/M1351804467\.AMR\.tmp\.17016\.faa | parallel --gnu --plain -j 8 --block 14264 --recstart '>' --pipe blastp -query - -db /home/frederick/anaconda3/envs/prokka/db/kingdom/Bacteria/AMR -evalue 1e-300 -qcov_hsp_perc 90 -num_threads 1 -num_descriptions 1 -num_alignments 1 -seg no > prokka_output\/M1351804467\/M1351804467\.AMR\.tmp\.17016\.blast 2> /dev/null
[11:30:43] Deleting unwanted file: prokka_output/M1351804467/M1351804467.AMR.tmp.17016.faa
[11:30:43] Deleting unwanted file: prokka_output/M1351804467/M1351804467.AMR.tmp.17016.blast
[11:30:44] There are still 846 unannotated CDS left (started with 847)
[11:30:44] Will use blast to search against /home/frederick/anaconda3/envs/prokka/db/kingdom/Bacteria/sprot with 8 CPUs
[11:30:44] Running: cat prokka_output\/M1351804467\/M1351804467\.sprot\.tmp\.17016\.faa | parallel --gnu --plain -j 8 --block 14264 --recstart '>' --pipe blastp -query - -db /home/frederick/anaconda3/envs/prokka/db/kingdom/Bacteria/sprot -evalue 1e-09 -qcov_hsp_perc 80 -num_threads 1 -num_descriptions 1 -num_alignments 1 -seg no > prokka_output\/M1351804467\/M1351804467\.sprot\.tmp\.17016\.blast 2> /dev/null
[11:30:55] Modify product: Uncharacterized PIN and TRAM-domain containing protein YacL => putative PIN and TRAM-domain containing protein YacL
[11:30:55] Modify product: Probable ABC transporter ATP-binding/permease protein HI_0664 => putative ABC transporter ATP-binding/permease protein
[11:30:55] Modify product: Uncharacterized protein Rv2927c => putative protein
[11:30:55] Modify product: Probable cobalt-factor III C(17)-methyltransferase => putative cobalt-factor III C(17)-methyltransferase
[11:30:55] Modify product: UPF0126 inner membrane protein YadS => hypothetical protein
[11:30:55] Modify product: Uncharacterized ABC transporter ATP-binding protein YknY => putative ABC transporter ATP-binding protein YknY
[11:30:55] Modify product: Nucleotidase CA_C3379 => Nucleotidase
[11:30:55] Modify product: 30S ribosomal protein S1 homolog => 30S ribosomal protein S1 
[11:30:55] Modify product: Probable dual-specificity RNA methyltransferase RlmN => putative dual-specificity RNA methyltransferase RlmN
[11:30:55] Modify product: Putative metallophosphoesterase MG207 homolog => Putative metallophosphoesterase MG207 
[11:30:55] Modify product: UPF0051 protein SA0778 => hypothetical protein
[11:30:55] Modify product: Putative lipid kinase SP_1045 => Putative lipid kinase
[11:30:55] Modify product: Probable phosphatase Rv3661 => putative phosphatase
[11:30:55] Modify product: Probable cysteine desulfurase => putative cysteine desulfurase
[11:30:55] Modify product: DegV domain-containing protein SA1258 => DegV domain-containing protein
[11:30:55] Modify product: Probable nicotinate-nucleotide pyrophosphorylase [carboxylating] => putative nicotinate-nucleotide pyrophosphorylase [carboxylating]
[11:30:55] Modify product: Uncharacterized ABC transporter ATP-binding protein YbiT => putative ABC transporter ATP-binding protein YbiT
[11:30:55] Modify product: Uncharacterized ABC transporter ATP-binding protein Rv0986 => putative ABC transporter ATP-binding protein
[11:30:55] Modify product: Uncharacterized metal-dependent hydrolase YcfH => putative metal-dependent hydrolase YcfH
[11:30:55] Modify product: Rqc2 homolog RqcH => Rqc2 RqcH
[11:30:55] Modify product: Uncharacterized protein YjdJ => putative protein YjdJ
[11:30:55] Modify product: Probable bacterial non-heme ferritin => putative bacterial non-heme ferritin
[11:30:55] Modify product: Probable heme-iron transport system permease protein IsdF => putative heme-iron transport system permease protein IsdF
[11:30:55] Modify product: Uncharacterized ABC transporter ATP-binding protein TM_0288 => putative ABC transporter ATP-binding protein
[11:30:55] Modify product: Transcriptional repressor SmtB homolog => Transcriptional repressor SmtB 
[11:30:55] Modify product: Nucleoid-associated protein Cthe_2143 => Nucleoid-associated protein
[11:30:55] Modify product: Bifunctional protein FolD => Bifunctional protein FolD protein
[11:30:55] Modify product: Probable nicotinate-nucleotide adenylyltransferase => putative nicotinate-nucleotide adenylyltransferase
[11:30:55] Modify product: Probable M18 family aminopeptidase 2 => putative M18 family aminopeptidase 2
[11:30:55] Modify product: UPF0324 inner membrane protein YeiH => hypothetical protein
[11:30:56] Modify product: Probable cystine transporter YijE => putative cystine transporter YijE
[11:30:56] Modify product: Probable tRNA sulfurtransferase => putative tRNA sulfurtransferase
[11:30:56] Modify product: Probable lipid II flippase MurJ => putative lipid II flippase MurJ
[11:30:56] Modify product: Peptidoglycan-N-acetylglucosamine deacetylase BC_3618 => Peptidoglycan-N-acetylglucosamine deacetylase
[11:30:56] Modify product: Uncharacterized protein HI_0933 => putative protein
[11:30:56] Modify product: Uncharacterized ABC transporter ATP-binding protein YheS => putative ABC transporter ATP-binding protein YheS
[11:30:56] Modify product: Putative multidrug export ATP-binding/permease protein SAV1866 => Putative multidrug export ATP-binding/permease protein
[11:30:56] Modify product: Probable glucosamine-6-phosphate deaminase 2 => putative glucosamine-6-phosphate deaminase 2
[11:30:56] Modify product: Uncharacterized protein Spy1614 => putative protein
[11:30:56] Modify product: Uncharacterized protein HP_1423 => putative protein
[11:30:56] Modify product: Putative multidrug export ATP-binding/permease protein SAV1866 => Putative multidrug export ATP-binding/permease protein
[11:30:56] Modify product: Probable transcriptional regulatory protein aq_1575 => putative transcriptional regulatory protein
[11:30:56] Modify product: Uncharacterized protein Rv1488 => putative protein
[11:30:56] Modify product: UPF0145 protein YbjQ => hypothetical protein
[11:30:56] Modify product: Uncharacterized protein Spy1535 => putative protein
[11:30:56] Modify product: Uncharacterized protein YggR => putative protein YggR
[11:30:56] Modify product: Probable transcription repressor NiaR => putative transcription repressor NiaR
[11:30:56] Cleaned 47 /product names
[11:30:56] Deleting unwanted file: prokka_output/M1351804467/M1351804467.sprot.tmp.17016.faa
[11:30:56] Deleting unwanted file: prokka_output/M1351804467/M1351804467.sprot.tmp.17016.blast
[11:30:56] There are still 368 unannotated CDS left (started with 847)
[11:30:56] Will use hmmer3 to search against /home/frederick/anaconda3/envs/prokka/db/hmm/HAMAP.hmm with 8 CPUs
[11:30:56] Running: cat prokka_output\/M1351804467\/M1351804467\.HAMAP\.hmm\.tmp\.17016\.faa | parallel --gnu --plain -j 8 --block 5591 --recstart '>' --pipe hmmscan --noali --notextw --acc -E 1e-09 --cpu 1 /home/frederick/anaconda3/envs/prokka/db/hmm/HAMAP.hmm /dev/stdin > prokka_output\/M1351804467\/M1351804467\.HAMAP\.hmm\.tmp\.17016\.hmmer3 2> /dev/null
[11:31:00] Deleting unwanted file: prokka_output/M1351804467/M1351804467.HAMAP.hmm.tmp.17016.faa
[11:31:00] Deleting unwanted file: prokka_output/M1351804467/M1351804467.HAMAP.hmm.tmp.17016.hmmer3
[11:31:00] Labelling remaining 306 proteins as 'hypothetical protein'
[11:31:00] Possible /pseudo 'Siroheme synthase' at gnl|Prokka|GEFBOJOP_11 position 2606
[11:31:00] Possible /pseudo 'Putative fluoride ion transporter CrcB' at gnl|Prokka|GEFBOJOP_150 position 1402
[11:31:00] Possible /pseudo 'UDP-N-acetylmuramoyl-tripeptide--D-alanyl-D-alanine ligase' at gnl|Prokka|GEFBOJOP_206 position 1555
[11:31:00] Found 465 unique /gene codes.
[11:31:00] Fixed 2 duplicate /gene - rluD_1 rluD_2
[11:31:00] Fixed 2 duplicate /gene - regX3_1 regX3_2
[11:31:00] Fixed 2 duplicate /gene - rspR_1 rspR_2
[11:31:00] Fixed 2 duplicate /gene - dnaA_1 dnaA_2
[11:31:00] Fixed 2 duplicate /gene - moaA_1 moaA_2
[11:31:00] Fixed 2 duplicate /gene - crcB_1 crcB_2
[11:31:00] Fixed 2 duplicate /gene - ugtP_1 ugtP_2
[11:31:00] Fixed 2 duplicate /gene - acpP_1 acpP_2
[11:31:00] Fixed 2 duplicate /gene - fldA_1 fldA_2
[11:31:00] Fixed 5 duplicate /gene - lytC_1 lytC_2 lytC_3 lytC_4 lytC_5
[11:31:00] Fixed 2 duplicate /gene - polC_1 polC_2
[11:31:00] Fixed 2 duplicate /gene - fabG_1 fabG_2
[11:31:00] Fixed 3 duplicate /gene - cysG_1 cysG_2 cysG_3
[11:31:00] Fixed 2 duplicate /gene - ruvB_1 ruvB_2
[11:31:00] Fixed 2 duplicate /gene - bioB_1 bioB_2
[11:31:00] Fixed 2 duplicate /gene - alr1_1 alr1_2
[11:31:00] Fixed 2 duplicate /gene - murF_1 murF_2
[11:31:00] Fixed 2 duplicate /gene - carC_1 carC_2
[11:31:00] Fixed 2 duplicate /gene - rlmL_1 rlmL_2
[11:31:00] Fixed 2 duplicate /gene - pspA_1 pspA_2
[11:31:00] Fixed 2 duplicate /gene - lnrL_1 lnrL_2
[11:31:00] Fixed 2 duplicate /gene - carD_1 carD_2
[11:31:00] Fixed 2 duplicate /gene - hmo_1 hmo_2
[11:31:00] Fixed 2 duplicate /gene - hpt_1 hpt_2
[11:31:00] Fixed 2 duplicate /gene - carA_1 carA_2
[11:31:00] Fixed 2 duplicate /gene - mepA_1 mepA_2
[11:31:00] Fixed 2 duplicate /gene - mtgA_1 mtgA_2
[11:31:00] Fixed 27 colliding /gene names.
[11:31:00] Adding /locus_tag identifiers
[11:31:00] Assigned 856 locus_tags to CDS and RNA features.
[11:31:00] Writing outputs to prokka_output/M1351804467/
[11:31:02] Generating annotation statistics file
[11:31:02] Generating Genbank and Sequin files
[11:31:02] Running: tbl2asn -V b -a r10k -l paired-ends -M n -N 1 -y 'Annotated using prokka 1.14.6 from https://github.com/tseemann/prokka' -Z prokka_output\/M1351804467\/M1351804467\.err -i prokka_output\/M1351804467\/M1351804467\.fsa 2> /dev/null
[11:31:10] Deleting unwanted file: prokka_output/M1351804467/errorsummary.val
[11:31:10] Deleting unwanted file: prokka_output/M1351804467/M1351804467.dr
[11:31:10] Deleting unwanted file: prokka_output/M1351804467/M1351804467.fixedproducts
[11:31:10] Deleting unwanted file: prokka_output/M1351804467/M1351804467.ecn
[11:31:10] Deleting unwanted file: prokka_output/M1351804467/M1351804467.val
[11:31:10] Repairing broken .GBK output that tbl2asn produces...
[11:31:10] Running: sed 's/COORDINATES: profile/COORDINATES:profile/' < prokka_output\/M1351804467\/M1351804467\.gbf > prokka_output\/M1351804467\/M1351804467\.gbk
[11:31:11] Deleting unwanted file: prokka_output/M1351804467/M1351804467.gbf
[11:31:11] Output files:
[11:31:11] prokka_output/M1351804467/M1351804467.err
[11:31:11] prokka_output/M1351804467/M1351804467.faa
[11:31:11] prokka_output/M1351804467/M1351804467.ffn
[11:31:11] prokka_output/M1351804467/M1351804467.fna
[11:31:11] prokka_output/M1351804467/M1351804467.fsa
[11:31:11] prokka_output/M1351804467/M1351804467.gbk
[11:31:11] prokka_output/M1351804467/M1351804467.gff
[11:31:11] prokka_output/M1351804467/M1351804467.log
[11:31:11] prokka_output/M1351804467/M1351804467.sqn
[11:31:11] prokka_output/M1351804467/M1351804467.tbl
[11:31:11] prokka_output/M1351804467/M1351804467.tsv
[11:31:11] prokka_output/M1351804467/M1351804467.txt
[11:31:11] Annotation finished successfully.
[11:31:11] Walltime used: 0.65 minutes
[11:31:11] If you use this result please cite the Prokka paper:
[11:31:11] Seemann T (2014) Prokka: rapid prokaryotic genome annotation. Bioinformatics. 30(14):2068-9.
[11:31:11] Type 'prokka --citation' for more details.
[11:31:11] Share and enjoy!
