[11:27:36] This is prokka 1.14.6
[11:27:36] Written by Torsten Seemann <torsten.seemann@gmail.com>
[11:27:36] Homepage is https://github.com/tseemann/prokka
[11:27:36] Local time is Tue Apr  1 11:27:36 2025
[11:27:36] You are frederick
[11:27:36] Operating system is linux
[11:27:36] You have BioPerl 1.7.8
[11:27:36] System has 12 cores.
[11:27:36] Will use maximum of 8 cores.
[11:27:36] Annotating as >>> Bacteria <<<
[11:27:36] Generating locus_tag from 'mags/M1327201444.fna' contents.
[11:27:36] Setting --locustag FAMGLANL from MD5 fa605a75b202b2bb904f08221d767c42
[11:27:36] Enabling options to ensure Genbank/ENA/DDJB submission compliance.
[11:27:36] Re-using existing --outdir prokka_output/M1327201444
[11:27:36] Using filename prefix: M1327201444.XXX
[11:27:36] Setting HMMER_NCPU=1
[11:27:36] Writing log to: prokka_output/M1327201444/M1327201444.log
[11:27:36] Command: /home/frederick/anaconda3/envs/prokka/bin/prokka mags/M1327201444.fna --outdir prokka_output/M1327201444 --prefix M1327201444 --compliant --force
[11:27:36] Appending to PATH: /home/frederick/anaconda3/envs/prokka/bin
[11:27:36] Looking for 'aragorn' - found /home/frederick/anaconda3/envs/prokka/bin/aragorn
[11:27:36] Determined aragorn version is 001002 from 'ARAGORN v1.2.41 Dean Laslett'
[11:27:36] Looking for 'barrnap' - found /home/frederick/anaconda3/envs/prokka/bin/barrnap
[11:27:36] Determined barrnap version is 000009 from 'barrnap 0.9'
[11:27:36] Looking for 'blastp' - found /home/frederick/anaconda3/envs/prokka/bin/blastp
[11:27:36] Determined blastp version is 002016 from 'blastp: 2.16.0+'
[11:27:36] Looking for 'cmpress' - found /home/frederick/anaconda3/envs/prokka/bin/cmpress
[11:27:36] Determined cmpress version is 001001 from '# INFERNAL 1.1.5 (Sep 2023)'
[11:27:36] Looking for 'cmscan' - found /home/frederick/anaconda3/envs/prokka/bin/cmscan
[11:27:36] Determined cmscan version is 001001 from '# INFERNAL 1.1.5 (Sep 2023)'
[11:27:36] Looking for 'egrep' - found /usr/bin/egrep
[11:27:36] Looking for 'find' - found /usr/bin/find
[11:27:36] Looking for 'grep' - found /usr/bin/grep
[11:27:36] Looking for 'hmmpress' - found /home/frederick/anaconda3/envs/prokka/bin/hmmpress
[11:27:36] Determined hmmpress version is 003004 from '# HMMER 3.4 (Aug 2023); http://hmmer.org/'
[11:27:36] Looking for 'hmmscan' - found /home/frederick/anaconda3/envs/prokka/bin/hmmscan
[11:27:36] Determined hmmscan version is 003004 from '# HMMER 3.4 (Aug 2023); http://hmmer.org/'
[11:27:36] Looking for 'java' - found /home/frederick/anaconda3/envs/prokka/bin/java
[11:27:36] Looking for 'makeblastdb' - found /home/frederick/anaconda3/envs/prokka/bin/makeblastdb
[11:27:36] Determined makeblastdb version is 002016 from 'makeblastdb: 2.16.0+'
[11:27:36] Looking for 'minced' - found /home/frederick/anaconda3/envs/prokka/bin/minced
[11:27:36] Determined minced version is 004002 from 'minced 0.4.2'
[11:27:36] Looking for 'parallel' - found /home/frederick/anaconda3/envs/prokka/bin/parallel
[11:27:37] Determined parallel version is 20250222 from 'GNU parallel 20250222'
[11:27:37] Looking for 'prodigal' - found /home/frederick/anaconda3/envs/prokka/bin/prodigal
[11:27:37] Determined prodigal version is 002006 from 'Prodigal V2.6.3: February, 2016'
[11:27:37] Looking for 'prokka-genbank_to_fasta_db' - found /home/frederick/anaconda3/envs/prokka/bin/prokka-genbank_to_fasta_db
[11:27:37] Looking for 'sed' - found /usr/bin/sed
[11:27:39] Looking for 'tbl2asn' - found /home/frederick/anaconda3/envs/prokka/bin/tbl2asn
[11:27:39] Determined tbl2asn version is 025007 from 'tbl2asn 25.7   arguments:'
[11:27:39] Using genetic code table 11.
[11:27:39] Loading and checking input file: mags/M1327201444.fna
[11:27:39] Wrote 205 contigs totalling 1495613 bp.
[11:27:39] Predicting tRNAs and tmRNAs
[11:27:39] Running: aragorn -l -gc11  -w prokka_output\/M1327201444\/M1327201444\.fna
[11:27:40] 1 tRNA-Glu c[54,127] 35 (ttc)
[11:27:40] 2 tRNA-Asn c[137,209] 33 (gtt)
[11:27:40] 1 tRNA-Arg c[5196,5270] 35 (acg)
[11:27:40] 1 tRNA-Leu [2708,2792] 35 (caa)
[11:27:40] 1 tRNA-Glu [2354,2425] 34 (ctc)
[11:27:40] 2 tRNA-Gly [2437,2510] 33 (tcc)
[11:27:40] 1 tRNA-Arg c[178,252] 35 (cct)
[11:27:40] 2 tRNA-Arg c[1312,1386] 35 (tcg)
[11:27:40] Found 8 tRNAs
[11:27:40] Predicting Ribosomal RNAs
[11:27:40] Running Barrnap with 8 threads
[11:27:41] 1 gnl|Prokka|FAMGLANL_175 49 5S ribosomal RNA
[11:27:41] 2 gnl|Prokka|FAMGLANL_3 218 5S ribosomal RNA
[11:27:41] 3 gnl|Prokka|FAMGLANL_49 16 5S ribosomal RNA
[11:27:41] Found 3 rRNAs
[11:27:41] Skipping ncRNA search, enable with --rfam if desired.
[11:27:41] Total of 11 tRNA + rRNA features
[11:27:41] Searching for CRISPR repeats
[11:27:41] Found 0 CRISPRs
[11:27:41] Predicting coding sequences
[11:27:41] Contigs total 1495613 bp, so using single mode
[11:27:41] Running: prodigal -i prokka_output\/M1327201444\/M1327201444\.fna -c -m -g 11 -p single -f sco -q
[11:27:44] Found 1302 CDS
[11:27:44] Connecting features back to sequences
[11:27:44] Not using genus-specific database. Try --usegenus to enable it.
[11:27:44] Annotating CDS, please be patient.
[11:27:44] Will use 8 CPUs for similarity searching.
[11:27:44] There are still 1302 unannotated CDS left (started with 1302)
[11:27:44] Will use blast to search against /home/frederick/anaconda3/envs/prokka/db/kingdom/Bacteria/IS with 8 CPUs
[11:27:44] Running: cat prokka_output\/M1327201444\/M1327201444\.IS\.tmp\.13760\.faa | parallel --gnu --plain -j 8 --block 25576 --recstart '>' --pipe blastp -query - -db /home/frederick/anaconda3/envs/prokka/db/kingdom/Bacteria/IS -evalue 1e-30 -qcov_hsp_perc 90 -num_threads 1 -num_descriptions 1 -num_alignments 1 -seg no > prokka_output\/M1327201444\/M1327201444\.IS\.tmp\.13760\.blast 2> /dev/null
[11:27:50] Deleting unwanted file: prokka_output/M1327201444/M1327201444.IS.tmp.13760.faa
[11:27:50] Deleting unwanted file: prokka_output/M1327201444/M1327201444.IS.tmp.13760.blast
[11:27:50] There are still 1300 unannotated CDS left (started with 1302)
[11:27:50] Will use blast to search against /home/frederick/anaconda3/envs/prokka/db/kingdom/Bacteria/AMR with 8 CPUs
[11:27:50] Running: cat prokka_output\/M1327201444\/M1327201444\.AMR\.tmp\.13760\.faa | parallel --gnu --plain -j 8 --block 25527 --recstart '>' --pipe blastp -query - -db /home/frederick/anaconda3/envs/prokka/db/kingdom/Bacteria/AMR -evalue 1e-300 -qcov_hsp_perc 90 -num_threads 1 -num_descriptions 1 -num_alignments 1 -seg no > prokka_output\/M1327201444\/M1327201444\.AMR\.tmp\.13760\.blast 2> /dev/null
[11:27:55] Deleting unwanted file: prokka_output/M1327201444/M1327201444.AMR.tmp.13760.faa
[11:27:55] Deleting unwanted file: prokka_output/M1327201444/M1327201444.AMR.tmp.13760.blast
[11:27:55] There are still 1300 unannotated CDS left (started with 1302)
[11:27:55] Will use blast to search against /home/frederick/anaconda3/envs/prokka/db/kingdom/Bacteria/sprot with 8 CPUs
[11:27:55] Running: cat prokka_output\/M1327201444\/M1327201444\.sprot\.tmp\.13760\.faa | parallel --gnu --plain -j 8 --block 25527 --recstart '>' --pipe blastp -query - -db /home/frederick/anaconda3/envs/prokka/db/kingdom/Bacteria/sprot -evalue 1e-09 -qcov_hsp_perc 80 -num_threads 1 -num_descriptions 1 -num_alignments 1 -seg no > prokka_output\/M1327201444\/M1327201444\.sprot\.tmp\.13760\.blast 2> /dev/null
[11:28:18] Modify product: Uncharacterized protein HP_1423 => putative protein
[11:28:18] Modify product: Probable cobalt-factor III C(17)-methyltransferase => putative cobalt-factor III C(17)-methyltransferase
[11:28:18] Modify product: Probable NADH oxidase => putative NADH oxidase
[11:28:18] Modify product: Probable transcription repressor NiaR => putative transcription repressor NiaR
[11:28:18] Modify product: Uncharacterized oxidoreductase SA2266 => putative oxidoreductase
[11:28:18] Modify product: Uncharacterized protein YjdJ => putative protein YjdJ
[11:28:18] Modify product: Rqc2 homolog RqcH => Rqc2 RqcH
[11:28:18] Modify product: UPF0324 inner membrane protein YeiH => hypothetical protein
[11:28:18] Modify product: Putative metallophosphoesterase MG207 homolog => Putative metallophosphoesterase MG207 
[11:28:18] Modify product: Nucleotidase CA_C3379 => Nucleotidase
[11:28:18] Modify product: Peptidoglycan-N-acetylglucosamine deacetylase BC_3618 => Peptidoglycan-N-acetylglucosamine deacetylase
[11:28:18] Modify product: UPF0701 protein YicC => hypothetical protein
[11:28:18] Modify product: Uncharacterized protein HI_0933 => putative protein
[11:28:18] Modify product: Putative lipid kinase SP_1045 => Putative lipid kinase
[11:28:18] Modify product: Probable lipid II flippase MurJ => putative lipid II flippase MurJ
[11:28:18] Modify product: Probable heme-iron transport system permease protein IsdF => putative heme-iron transport system permease protein IsdF
[11:28:18] Modify product: Uncharacterized metal-dependent hydrolase YcfH => putative metal-dependent hydrolase YcfH
[11:28:18] Modify product: UPF0073 inner membrane protein YqfA => hypothetical protein
[11:28:18] Modify product: UPF0758 protein YsxA => hypothetical protein
[11:28:18] Modify product: Probable nicotinate-nucleotide adenylyltransferase => putative nicotinate-nucleotide adenylyltransferase
[11:28:18] Modify product: Nucleoid-associated protein Cthe_2143 => Nucleoid-associated protein
[11:28:18] Modify product: Putative multidrug export ATP-binding/permease protein SAV1866 => Putative multidrug export ATP-binding/permease protein
[11:28:18] Modify product: Uncharacterized ABC transporter ATP-binding protein YknY => putative ABC transporter ATP-binding protein YknY
[11:28:18] Modify product: Probable nicotinate-nucleotide pyrophosphorylase [carboxylating] => putative nicotinate-nucleotide pyrophosphorylase [carboxylating]
[11:28:18] Modify product: Uncharacterized ABC transporter ATP-binding protein TM_0288 => putative ABC transporter ATP-binding protein
[11:28:18] Modify product: Putative multidrug export ATP-binding/permease protein SAV1866 => Putative multidrug export ATP-binding/permease protein
[11:28:18] Modify product: Probable ABC transporter ATP-binding/permease protein HI_0664 => putative ABC transporter ATP-binding/permease protein
[11:28:18] Modify product: TelA-like protein SA1238 => TelA-like protein
[11:28:18] Modify product: Calcium-transporting ATPase lmo0841 => Calcium-transporting ATPase
[11:28:18] Modify product: Probable cystine transporter YijE => putative cystine transporter YijE
[11:28:18] Modify product: Probable bacterial non-heme ferritin => putative bacterial non-heme ferritin
[11:28:18] Modify product: Uncharacterized ABC transporter ATP-binding protein YheS => putative ABC transporter ATP-binding protein YheS
[11:28:18] Modify product: Uncharacterized protein YqeN => putative protein YqeN
[11:28:18] Modify product: UPF0126 inner membrane protein YadS => hypothetical protein
[11:28:18] Modify product: Bifunctional protein FolD => Bifunctional protein FolD protein
[11:28:18] Modify product: UPF0053 protein HI_0107 => hypothetical protein
[11:28:18] Modify product: Uncharacterized protein Spy1614 => putative protein
[11:28:18] Modify product: Uncharacterized protein SA1069 => putative protein
[11:28:18] Modify product: Uncharacterized protein Rv2927c => putative protein
[11:28:18] Modify product: Probable transcriptional regulatory protein aq_1575 => putative transcriptional regulatory protein
[11:28:18] Modify product: Uncharacterized protein Spy1535 => putative protein
[11:28:18] Modify product: GTP cyclohydrolase 1 type 2 homolog => GTP cyclohydrolase 1 type 2 
[11:28:18] Modify product: Multidrug efflux system ATP-binding protein Rv1218c => Multidrug efflux system ATP-binding protein
[11:28:18] Modify product: Uncharacterized isomerase YddE => putative isomerase YddE
[11:28:18] Modify product: UPF0371 protein DIP2346 => hypothetical protein
[11:28:18] Modify product: 23S rRNA 5-hydroxycytidine C2501 synthase => 23S rRNA 5-hydroxycytidine synthase
[11:28:18] Modify product: Probable cell division protein WhiA => putative cell division protein WhiA
[11:28:18] Modify product: Probable glucosamine-6-phosphate deaminase 2 => putative glucosamine-6-phosphate deaminase 2
[11:28:18] Modify product: Uncharacterized ABC transporter ATP-binding protein YbiT => putative ABC transporter ATP-binding protein YbiT
[11:28:18] Modify product: Fatty acid-binding protein TM_1468 => Fatty acid-binding protein
[11:28:19] Modify product: Fatty acid-binding protein TM_1468 => Fatty acid-binding protein
[11:28:19] Modify product: Uncharacterized ABC transporter ATP-binding protein TM_0288 => putative ABC transporter ATP-binding protein
[11:28:19] Modify product: Uncharacterized ABC transporter ATP-binding protein Rv1273c => putative ABC transporter ATP-binding protein
[11:28:19] Modify product: Putative multidrug export ATP-binding/permease protein SAV1866 => Putative multidrug export ATP-binding/permease protein
[11:28:19] Modify product: Probable tRNA sulfurtransferase => putative tRNA sulfurtransferase
[11:28:19] Modify product: Uncharacterized ABC transporter ATP-binding protein YbiT => putative ABC transporter ATP-binding protein YbiT
[11:28:19] Modify product: Probable dual-specificity RNA methyltransferase RlmN => putative dual-specificity RNA methyltransferase RlmN
[11:28:19] Modify product: Transcriptional repressor SmtB homolog => Transcriptional repressor SmtB 
[11:28:19] Modify product: Uncharacterized protein YqeY => putative protein YqeY
[11:28:19] Modify product: UPF0051 protein SA0778 => hypothetical protein
[11:28:19] Modify product: Probable cysteine desulfurase => putative cysteine desulfurase
[11:28:19] Modify product: Uncharacterized ABC transporter ATP-binding protein YknY => putative ABC transporter ATP-binding protein YknY
[11:28:19] Modify product: Dihydroorotate dehydrogenase B (NAD(+)), electron transfer subunit homolog => Dihydroorotate dehydrogenase B (NAD(+)), electron transfer subunit 
[11:28:19] Modify product: UPF0145 protein YbjQ => hypothetical protein
[11:28:19] Modify product: Multidrug efflux system ATP-binding protein Rv1218c => Multidrug efflux system ATP-binding protein
[11:28:19] Modify product: Probable M18 family aminopeptidase 2 => putative M18 family aminopeptidase 2
[11:28:19] Modify product: Putative multidrug export ATP-binding/permease protein SAV1866 => Putative multidrug export ATP-binding/permease protein
[11:28:19] Modify product: UPF0337 protein SA1452 => hypothetical protein
[11:28:19] Modify product: UPF0297 protein EF_1202 => hypothetical protein
[11:28:19] Modify product: Probable protein kinase UbiB => putative protein kinase UbiB
[11:28:19] Cleaned 70 /product names
[11:28:19] Deleting unwanted file: prokka_output/M1327201444/M1327201444.sprot.tmp.13760.faa
[11:28:19] Deleting unwanted file: prokka_output/M1327201444/M1327201444.sprot.tmp.13760.blast
[11:28:19] There are still 540 unannotated CDS left (started with 1302)
[11:28:19] Will use hmmer3 to search against /home/frederick/anaconda3/envs/prokka/db/hmm/HAMAP.hmm with 8 CPUs
[11:28:19] Running: cat prokka_output\/M1327201444\/M1327201444\.HAMAP\.hmm\.tmp\.13760\.faa | parallel --gnu --plain -j 8 --block 9731 --recstart '>' --pipe hmmscan --noali --notextw --acc -E 1e-09 --cpu 1 /home/frederick/anaconda3/envs/prokka/db/hmm/HAMAP.hmm /dev/stdin > prokka_output\/M1327201444\/M1327201444\.HAMAP\.hmm\.tmp\.13760\.hmmer3 2> /dev/null
[11:28:24] Deleting unwanted file: prokka_output/M1327201444/M1327201444.HAMAP.hmm.tmp.13760.faa
[11:28:24] Deleting unwanted file: prokka_output/M1327201444/M1327201444.HAMAP.hmm.tmp.13760.hmmer3
[11:28:24] Labelling remaining 460 proteins as 'hypothetical protein'
[11:28:24] Possible /pseudo 'Putative fluoride ion transporter CrcB' at gnl|Prokka|FAMGLANL_7 position 13778
[11:28:24] Possible /pseudo 'tRNA uridine 5-carboxymethylaminomethyl modification enzyme MnmG' at gnl|Prokka|FAMGLANL_31 position 7619
[11:28:24] Possible /pseudo '2-aminoadipate transaminase' at gnl|Prokka|FAMGLANL_41 position 2324
[11:28:24] Possible /pseudo 'putative protein' at gnl|Prokka|FAMGLANL_76 position 674
[11:28:24] Possible /pseudo 'Polyisoprenyl-teichoic acid--peptidoglycan teichoic acid transferase TagU' at gnl|Prokka|FAMGLANL_82 position 5087
[11:28:24] Possible /pseudo 'putative ABC transporter ATP-binding protein' at gnl|Prokka|FAMGLANL_91 position 4347
[11:28:24] Found 701 unique /gene codes.
[11:28:24] Fixed 3 duplicate /gene - brnQ_1 brnQ_2 brnQ_3
[11:28:24] Fixed 2 duplicate /gene - tagU_1 tagU_2
[11:28:24] Fixed 2 duplicate /gene - carA_1 carA_2
[11:28:24] Fixed 2 duplicate /gene - pepD_1 pepD_2
[11:28:24] Fixed 2 duplicate /gene - cysG_1 cysG_2
[11:28:24] Fixed 2 duplicate /gene - macB_1 macB_2
[11:28:24] Fixed 2 duplicate /gene - acpP_1 acpP_2
[11:28:24] Fixed 9 duplicate /gene - lytC_1 lytC_2 lytC_3 lytC_4 lytC_5 lytC_6 lytC_7 lytC_8 lytC_9
[11:28:24] Fixed 2 duplicate /gene - ybiT_1 ybiT_2
[11:28:24] Fixed 2 duplicate /gene - crcB_1 crcB_2
[11:28:24] Fixed 2 duplicate /gene - rluD_1 rluD_2
[11:28:24] Fixed 2 duplicate /gene - lnrL_1 lnrL_2
[11:28:24] Fixed 2 duplicate /gene - ecfT_1 ecfT_2
[11:28:24] Fixed 2 duplicate /gene - prsA_1 prsA_2
[11:28:24] Fixed 2 duplicate /gene - murJ_1 murJ_2
[11:28:24] Fixed 3 duplicate /gene - rhaR_1 rhaR_2 rhaR_3
[11:28:24] Fixed 2 duplicate /gene - msbA_1 msbA_2
[11:28:24] Fixed 2 duplicate /gene - sasA_1 sasA_2
[11:28:24] Fixed 2 duplicate /gene - alr1_1 alr1_2
[11:28:24] Fixed 3 duplicate /gene - alsT_1 alsT_2 alsT_3
[11:28:24] Fixed 2 duplicate /gene - sigM_1 sigM_2
[11:28:24] Fixed 2 duplicate /gene - cpdA_1 cpdA_2
[11:28:24] Fixed 2 duplicate /gene - fusA_1 fusA_2
[11:28:24] Fixed 3 duplicate /gene - mepA_1 mepA_2 mepA_3
[11:28:24] Fixed 2 duplicate /gene - pspA_1 pspA_2
[11:28:24] Fixed 2 duplicate /gene - hmo_1 hmo_2
[11:28:24] Fixed 2 duplicate /gene - carD_1 carD_2
[11:28:24] Fixed 2 duplicate /gene - dapA_1 dapA_2
[11:28:24] Fixed 2 duplicate /gene - moaA_1 moaA_2
[11:28:24] Fixed 2 duplicate /gene - uvrA_1 uvrA_2
[11:28:24] Fixed 2 duplicate /gene - sstT_1 sstT_2
[11:28:24] Fixed 2 duplicate /gene - fldA_1 fldA_2
[11:28:24] Fixed 3 duplicate /gene - lysN_1 lysN_2 lysN_3
[11:28:24] Fixed 2 duplicate /gene - artQ_1 artQ_2
[11:28:24] Fixed 2 duplicate /gene - hpt_1 hpt_2
[11:28:24] Fixed 2 duplicate /gene - rsxB_1 rsxB_2
[11:28:24] Fixed 2 duplicate /gene - artM_1 artM_2
[11:28:24] Fixed 2 duplicate /gene - carC_1 carC_2
[11:28:24] Fixed 2 duplicate /gene - yknY_1 yknY_2
[11:28:24] Fixed 2 duplicate /gene - comEC_1 comEC_2
[11:28:24] Fixed 2 duplicate /gene - carE_1 carE_2
[11:28:24] Fixed 2 duplicate /gene - mreB_1 mreB_2
[11:28:24] Fixed 2 duplicate /gene - artP_1 artP_2
[11:28:24] Fixed 2 duplicate /gene - COQ5_1 COQ5_2
[11:28:24] Fixed 2 duplicate /gene - dnaA_1 dnaA_2
[11:28:24] Fixed 2 duplicate /gene - murE_1 murE_2
[11:28:24] Fixed 2 duplicate /gene - glmU_1 glmU_2
[11:28:24] Fixed 2 duplicate /gene - gloB_1 gloB_2
[11:28:24] Fixed 2 duplicate /gene - rlmL_1 rlmL_2
[11:28:24] Fixed 2 duplicate /gene - tuaG_1 tuaG_2
[11:28:24] Fixed 2 duplicate /gene - ugtP_1 ugtP_2
[11:28:24] Fixed 2 duplicate /gene - phoP_1 phoP_2
[11:28:24] Fixed 2 duplicate /gene - fabG_1 fabG_2
[11:28:24] Fixed 2 duplicate /gene - asd_1 asd_2
[11:28:24] Fixed 2 duplicate /gene - mnmG_1 mnmG_2
[11:28:24] Fixed 2 duplicate /gene - mnmE_1 mnmE_2
[11:28:24] Fixed 56 colliding /gene names.
[11:28:24] Adding /locus_tag identifiers
[11:28:24] Assigned 1313 locus_tags to CDS and RNA features.
[11:28:24] Writing outputs to prokka_output/M1327201444/
[11:28:26] Generating annotation statistics file
[11:28:26] Generating Genbank and Sequin files
[11:28:26] Running: tbl2asn -V b -a r10k -l paired-ends -M n -N 1 -y 'Annotated using prokka 1.14.6 from https://github.com/tseemann/prokka' -Z prokka_output\/M1327201444\/M1327201444\.err -i prokka_output\/M1327201444\/M1327201444\.fsa 2> /dev/null
[11:28:37] Deleting unwanted file: prokka_output/M1327201444/errorsummary.val
[11:28:37] Deleting unwanted file: prokka_output/M1327201444/M1327201444.dr
[11:28:37] Deleting unwanted file: prokka_output/M1327201444/M1327201444.fixedproducts
[11:28:37] Deleting unwanted file: prokka_output/M1327201444/M1327201444.ecn
[11:28:37] Deleting unwanted file: prokka_output/M1327201444/M1327201444.val
[11:28:37] Repairing broken .GBK output that tbl2asn produces...
[11:28:37] Running: sed 's/COORDINATES: profile/COORDINATES:profile/' < prokka_output\/M1327201444\/M1327201444\.gbf > prokka_output\/M1327201444\/M1327201444\.gbk
[11:28:40] Deleting unwanted file: prokka_output/M1327201444/M1327201444.gbf
[11:28:40] Output files:
[11:28:40] prokka_output/M1327201444/M1327201444.err
[11:28:40] prokka_output/M1327201444/M1327201444.faa
[11:28:40] prokka_output/M1327201444/M1327201444.ffn
[11:28:40] prokka_output/M1327201444/M1327201444.fna
[11:28:40] prokka_output/M1327201444/M1327201444.fsa
[11:28:40] prokka_output/M1327201444/M1327201444.gbk
[11:28:40] prokka_output/M1327201444/M1327201444.gff
[11:28:40] prokka_output/M1327201444/M1327201444.log
[11:28:40] prokka_output/M1327201444/M1327201444.sqn
[11:28:40] prokka_output/M1327201444/M1327201444.tbl
[11:28:40] prokka_output/M1327201444/M1327201444.tsv
[11:28:40] prokka_output/M1327201444/M1327201444.txt
[11:28:40] Annotation finished successfully.
[11:28:40] Walltime used: 1.07 minutes
[11:28:40] If you use this result please cite the Prokka paper:
[11:28:40] Seemann T (2014) Prokka: rapid prokaryotic genome annotation. Bioinformatics. 30(14):2068-9.
[11:28:40] Type 'prokka --citation' for more details.
[11:28:40] Thank you, come again.
