[11:46:20] This is prokka 1.14.6
[11:46:20] Written by Torsten Seemann <torsten.seemann@gmail.com>
[11:46:20] Homepage is https://github.com/tseemann/prokka
[11:46:20] Local time is Tue Apr  1 11:46:20 2025
[11:46:20] You are frederick
[11:46:20] Operating system is linux
[11:46:20] You have BioPerl 1.7.8
[11:46:20] System has 12 cores.
[11:46:20] Will use maximum of 8 cores.
[11:46:20] Annotating as >>> Bacteria <<<
[11:46:20] Generating locus_tag from 'mags/M1934342320.fna' contents.
[11:46:20] Setting --locustag MLNBGCCH from MD5 657b0cc1cf52e238753ba596ba142027
[11:46:20] Enabling options to ensure Genbank/ENA/DDJB submission compliance.
[11:46:20] Re-using existing --outdir prokka_output/M1934342320
[11:46:20] Using filename prefix: M1934342320.XXX
[11:46:20] Setting HMMER_NCPU=1
[11:46:20] Writing log to: prokka_output/M1934342320/M1934342320.log
[11:46:20] Command: /home/frederick/anaconda3/envs/prokka/bin/prokka mags/M1934342320.fna --outdir prokka_output/M1934342320 --prefix M1934342320 --compliant --force
[11:46:20] Appending to PATH: /home/frederick/anaconda3/envs/prokka/bin
[11:46:20] Looking for 'aragorn' - found /home/frederick/anaconda3/envs/prokka/bin/aragorn
[11:46:20] Determined aragorn version is 001002 from 'ARAGORN v1.2.41 Dean Laslett'
[11:46:20] Looking for 'barrnap' - found /home/frederick/anaconda3/envs/prokka/bin/barrnap
[11:46:20] Determined barrnap version is 000009 from 'barrnap 0.9'
[11:46:20] Looking for 'blastp' - found /home/frederick/anaconda3/envs/prokka/bin/blastp
[11:46:20] Determined blastp version is 002016 from 'blastp: 2.16.0+'
[11:46:20] Looking for 'cmpress' - found /home/frederick/anaconda3/envs/prokka/bin/cmpress
[11:46:20] Determined cmpress version is 001001 from '# INFERNAL 1.1.5 (Sep 2023)'
[11:46:20] Looking for 'cmscan' - found /home/frederick/anaconda3/envs/prokka/bin/cmscan
[11:46:20] Determined cmscan version is 001001 from '# INFERNAL 1.1.5 (Sep 2023)'
[11:46:20] Looking for 'egrep' - found /usr/bin/egrep
[11:46:20] Looking for 'find' - found /usr/bin/find
[11:46:20] Looking for 'grep' - found /usr/bin/grep
[11:46:20] Looking for 'hmmpress' - found /home/frederick/anaconda3/envs/prokka/bin/hmmpress
[11:46:20] Determined hmmpress version is 003004 from '# HMMER 3.4 (Aug 2023); http://hmmer.org/'
[11:46:20] Looking for 'hmmscan' - found /home/frederick/anaconda3/envs/prokka/bin/hmmscan
[11:46:20] Determined hmmscan version is 003004 from '# HMMER 3.4 (Aug 2023); http://hmmer.org/'
[11:46:20] Looking for 'java' - found /home/frederick/anaconda3/envs/prokka/bin/java
[11:46:20] Looking for 'makeblastdb' - found /home/frederick/anaconda3/envs/prokka/bin/makeblastdb
[11:46:20] Determined makeblastdb version is 002016 from 'makeblastdb: 2.16.0+'
[11:46:20] Looking for 'minced' - found /home/frederick/anaconda3/envs/prokka/bin/minced
[11:46:20] Determined minced version is 004002 from 'minced 0.4.2'
[11:46:20] Looking for 'parallel' - found /home/frederick/anaconda3/envs/prokka/bin/parallel
[11:46:21] Determined parallel version is 20250222 from 'GNU parallel 20250222'
[11:46:21] Looking for 'prodigal' - found /home/frederick/anaconda3/envs/prokka/bin/prodigal
[11:46:21] Determined prodigal version is 002006 from 'Prodigal V2.6.3: February, 2016'
[11:46:21] Looking for 'prokka-genbank_to_fasta_db' - found /home/frederick/anaconda3/envs/prokka/bin/prokka-genbank_to_fasta_db
[11:46:21] Looking for 'sed' - found /usr/bin/sed
[11:46:21] Looking for 'tbl2asn' - found /home/frederick/anaconda3/envs/prokka/bin/tbl2asn
[11:46:21] Determined tbl2asn version is 025007 from 'tbl2asn 25.7   arguments:'
[11:46:21] Using genetic code table 11.
[11:46:21] Loading and checking input file: mags/M1934342320.fna
[11:46:21] Wrote 59 contigs totalling 1791866 bp.
[11:46:21] Predicting tRNAs and tmRNAs
[11:46:21] Running: aragorn -l -gc11  -w prokka_output\/M1934342320\/M1934342320\.fna
[11:46:22] 1 tRNA-Gly c[51,124] 33 (tcc)
[11:46:22] 2 tRNA-Glu c[136,207] 34 (ctc)
[11:46:22] 3 tRNA-Ser c[17851,17940] 35 (gga)
[11:46:22] 4 tRNA-Arg c[56700,56774] 35 (acg)
[11:46:22] 1 tRNA-Arg c[21560,21634] 35 (cct)
[11:46:22] 2 tRNA-Arg c[22694,22768] 35 (tcg)
[11:46:22] 1 tRNA-Val [52,127] 34 (tac)
[11:46:22] 2 tRNA-Asp [135,211] 35 (gtc)
[11:46:22] 3 tRNA-Gly [224,298] 33 (gcc)
[11:46:22] 4 tRNA-Pyl [305,380] 37 (cta)
[11:46:22] 1 tmRNA [42885,43235] 93,125 ANENNLLAA**
[11:46:22] 1 tRNA-Leu c[36274,36358] 35 (caa)
[11:46:22] 1 tRNA-Glu c[54,127] 35 (ttc)
[11:46:22] 2 tRNA-Asn c[137,209] 33 (gtt)
[11:46:22] 1 tRNA-Cys c[10936,11007] 33 (gca)
[11:46:22] 2 tRNA-Lys c[11028,11102] 35 (ctt)
[11:46:22] 3 tRNA-Met c[11109,11185] 35 (cat)
[11:46:22] 4 tRNA-Phe c[11200,11275] 34 (gaa)
[11:46:22] 5 tRNA-Ser c[11280,11368] 35 (tga)
[11:46:22] 6 tRNA-Gln c[11389,11464] 34 (ttg)
[11:46:22] 7 tRNA-Leu c[11559,11642] 35 (tag)
[11:46:22] Found 21 tRNAs
[11:46:22] Predicting Ribosomal RNAs
[11:46:22] Running Barrnap with 8 threads
[11:46:23] 1 gnl|Prokka|MLNBGCCH_26 25347 5S ribosomal RNA (partial)
[11:46:23] 2 gnl|Prokka|MLNBGCCH_27 217 5S ribosomal RNA
[11:46:23] 3 gnl|Prokka|MLNBGCCH_52 5281 5S ribosomal RNA (partial)
[11:46:23] Found 3 rRNAs
[11:46:23] Skipping ncRNA search, enable with --rfam if desired.
[11:46:23] Total of 23 tRNA + rRNA features
[11:46:23] Searching for CRISPR repeats
[11:46:23] Found 0 CRISPRs
[11:46:23] Predicting coding sequences
[11:46:23] Contigs total 1791866 bp, so using single mode
[11:46:23] Running: prodigal -i prokka_output\/M1934342320\/M1934342320\.fna -c -m -g 11 -p single -f sco -q
[11:46:26] Found 1593 CDS
[11:46:26] Connecting features back to sequences
[11:46:26] Not using genus-specific database. Try --usegenus to enable it.
[11:46:26] Annotating CDS, please be patient.
[11:46:26] Will use 8 CPUs for similarity searching.
[11:46:26] There are still 1593 unannotated CDS left (started with 1593)
[11:46:26] Will use blast to search against /home/frederick/anaconda3/envs/prokka/db/kingdom/Bacteria/IS with 8 CPUs
[11:46:26] Running: cat prokka_output\/M1934342320\/M1934342320\.IS\.tmp\.38407\.faa | parallel --gnu --plain -j 8 --block 32892 --recstart '>' --pipe blastp -query - -db /home/frederick/anaconda3/envs/prokka/db/kingdom/Bacteria/IS -evalue 1e-30 -qcov_hsp_perc 90 -num_threads 1 -num_descriptions 1 -num_alignments 1 -seg no > prokka_output\/M1934342320\/M1934342320\.IS\.tmp\.38407\.blast 2> /dev/null
[11:46:32] Deleting unwanted file: prokka_output/M1934342320/M1934342320.IS.tmp.38407.faa
[11:46:32] Deleting unwanted file: prokka_output/M1934342320/M1934342320.IS.tmp.38407.blast
[11:46:32] There are still 1585 unannotated CDS left (started with 1593)
[11:46:32] Will use blast to search against /home/frederick/anaconda3/envs/prokka/db/kingdom/Bacteria/AMR with 8 CPUs
[11:46:32] Running: cat prokka_output\/M1934342320\/M1934342320\.AMR\.tmp\.38407\.faa | parallel --gnu --plain -j 8 --block 32780 --recstart '>' --pipe blastp -query - -db /home/frederick/anaconda3/envs/prokka/db/kingdom/Bacteria/AMR -evalue 1e-300 -qcov_hsp_perc 90 -num_threads 1 -num_descriptions 1 -num_alignments 1 -seg no > prokka_output\/M1934342320\/M1934342320\.AMR\.tmp\.38407\.blast 2> /dev/null
[11:46:36] Deleting unwanted file: prokka_output/M1934342320/M1934342320.AMR.tmp.38407.faa
[11:46:36] Deleting unwanted file: prokka_output/M1934342320/M1934342320.AMR.tmp.38407.blast
[11:46:37] There are still 1584 unannotated CDS left (started with 1593)
[11:46:37] Will use blast to search against /home/frederick/anaconda3/envs/prokka/db/kingdom/Bacteria/sprot with 8 CPUs
[11:46:37] Running: cat prokka_output\/M1934342320\/M1934342320\.sprot\.tmp\.38407\.faa | parallel --gnu --plain -j 8 --block 32714 --recstart '>' --pipe blastp -query - -db /home/frederick/anaconda3/envs/prokka/db/kingdom/Bacteria/sprot -evalue 1e-09 -qcov_hsp_perc 80 -num_threads 1 -num_descriptions 1 -num_alignments 1 -seg no > prokka_output\/M1934342320\/M1934342320\.sprot\.tmp\.38407\.blast 2> /dev/null
[11:46:58] Modify product: Putative lipid kinase SP_1045 => Putative lipid kinase
[11:46:58] Modify product: Probable protein kinase UbiB => putative protein kinase UbiB
[11:46:58] Modify product: Probable lipid II flippase MurJ => putative lipid II flippase MurJ
[11:46:58] Modify product: Probable heme-iron transport system permease protein IsdF => putative heme-iron transport system permease protein IsdF
[11:46:58] Modify product: Bifunctional protein FolD => Bifunctional protein FolD protein
[11:46:58] Modify product: Peptidoglycan-N-acetylglucosamine deacetylase BC_3618 => Peptidoglycan-N-acetylglucosamine deacetylase
[11:46:58] Modify product: Uncharacterized protein Spy1614 => putative protein
[11:46:58] Modify product: Uncharacterized protein SA1069 => putative protein
[11:46:58] Modify product: Uncharacterized protein Rv2927c => putative protein
[11:46:58] Modify product: Uncharacterized protein Spy1535 => putative protein
[11:46:58] Modify product: Probable sensor histidine kinase TcrY => putative sensor histidine kinase TcrY
[11:46:58] Modify product: Uncharacterized protein YqeY => putative protein YqeY
[11:46:58] Modify product: UPF0701 protein YicC => hypothetical protein
[11:46:58] Modify product: Probable dual-specificity RNA methyltransferase RlmN => putative dual-specificity RNA methyltransferase RlmN
[11:46:59] Modify product: Probable cobalt-factor III C(17)-methyltransferase => putative cobalt-factor III C(17)-methyltransferase
[11:46:59] Modify product: Uncharacterized ABC transporter ATP-binding protein Rv0986 => putative ABC transporter ATP-binding protein
[11:46:59] Modify product: Nucleoid-associated protein Cthe_2143 => Nucleoid-associated protein
[11:46:59] Modify product: Putative multidrug export ATP-binding/permease protein SAV1866 => Putative multidrug export ATP-binding/permease protein
[11:46:59] Modify product: Probable ABC transporter ATP-binding/permease protein HI_0664 => putative ABC transporter ATP-binding/permease protein
[11:46:59] Modify product: Probable bacterial non-heme ferritin => putative bacterial non-heme ferritin
[11:46:59] Modify product: UPF0297 protein EF_1202 => hypothetical protein
[11:46:59] Modify product: Uncharacterized ABC transporter ATP-binding protein TM_0288 => putative ABC transporter ATP-binding protein
[11:46:59] Modify product: GTP cyclohydrolase 1 type 2 homolog => GTP cyclohydrolase 1 type 2 
[11:46:59] Modify product: Multidrug efflux system ATP-binding protein Rv1218c => Multidrug efflux system ATP-binding protein
[11:46:59] Modify product: Probable tryptophan transport protein => putative tryptophan transport protein
[11:46:59] Modify product: Fatty acid-binding protein TM_1468 => Fatty acid-binding protein
[11:46:59] Modify product: Uncharacterized ABC transporter ATP-binding protein YheS => putative ABC transporter ATP-binding protein YheS
[11:46:59] Modify product: Uncharacterized protein YjdJ => putative protein YjdJ
[11:46:59] Modify product: Rqc2 homolog RqcH => Rqc2 RqcH
[11:46:59] Modify product: Uncharacterized zinc protease Rv2782c => putative zinc protease
[11:46:59] Modify product: Fatty acid-binding protein TM_1468 => Fatty acid-binding protein
[11:46:59] Modify product: Probable ribosomal protein YlxQ => putative ribosomal protein YlxQ
[11:46:59] Modify product: Uncharacterized ABC transporter ATP-binding protein YknY => putative ABC transporter ATP-binding protein YknY
[11:46:59] Modify product: Uncharacterized protein Rv1488 => putative protein
[11:46:59] Modify product: UPF0371 protein DIP2346 => hypothetical protein
[11:46:59] Modify product: Probable pyridine nucleotide-disulfide oxidoreductase RclA => putative pyridine nucleotide-disulfide oxidoreductase RclA
[11:46:59] Modify product: Uncharacterized oxidoreductase SA2266 => putative oxidoreductase
[11:46:59] Modify product: Uncharacterized protein NMB0459 => putative protein
[11:46:59] Modify product: UPF0758 protein YsxA => hypothetical protein
[11:46:59] Modify product: Probable nicotinate-nucleotide adenylyltransferase => putative nicotinate-nucleotide adenylyltransferase
[11:46:59] Modify product: Probable cystine transporter YijE => putative cystine transporter YijE
[11:46:59] Modify product: DegV domain-containing protein MW1315 => DegV domain-containing protein
[11:46:59] Modify product: Calcium-transporting ATPase lmo0841 => Calcium-transporting ATPase
[11:46:59] Modify product: Probable nicotinate-nucleotide pyrophosphorylase [carboxylating] => putative nicotinate-nucleotide pyrophosphorylase [carboxylating]
[11:46:59] Modify product: Probable M18 family aminopeptidase 2 => putative M18 family aminopeptidase 2
[11:46:59] Modify product: Uncharacterized protein YqeN => putative protein YqeN
[11:46:59] Modify product: Putative metallophosphoesterase MG207 homolog => Putative metallophosphoesterase MG207 
[11:46:59] Modify product: Probable glucosamine-6-phosphate deaminase 2 => putative glucosamine-6-phosphate deaminase 2
[11:46:59] Modify product: Uncharacterized protein HP_1423 => putative protein
[11:46:59] Modify product: GTP-binding protein TypA/BipA homolog => GTP-binding protein TypA/BipA 
[11:46:59] Modify product: TelA-like protein SA1238 => TelA-like protein
[11:46:59] Modify product: UPF0073 inner membrane protein YqfA => hypothetical protein
[11:46:59] Modify product: Uncharacterized metal-dependent hydrolase YcfH => putative metal-dependent hydrolase YcfH
[11:46:59] Modify product: UPF0337 protein SA1452 => hypothetical protein
[11:46:59] Modify product: Probable transcriptional regulatory protein aq_1575 => putative transcriptional regulatory protein
[11:46:59] Modify product: UPF0324 inner membrane protein YeiH => hypothetical protein
[11:46:59] Modify product: Probable NADH oxidase => putative NADH oxidase
[11:46:59] Modify product: Putative multidrug export ATP-binding/permease protein SAV1866 => Putative multidrug export ATP-binding/permease protein
[11:46:59] Modify product: Probable transcription repressor NiaR => putative transcription repressor NiaR
[11:46:59] Modify product: UPF0053 protein HI_0107 => hypothetical protein
[11:46:59] Modify product: UPF0126 inner membrane protein YadS => hypothetical protein
[11:46:59] Modify product: Uncharacterized ABC transporter ATP-binding protein TM_0288 => putative ABC transporter ATP-binding protein
[11:46:59] Modify product: Uncharacterized RNA methyltransferase SP_1029 => putative RNA methyltransferase
[11:46:59] Modify product: Nucleotidase CA_C3379 => Nucleotidase
[11:46:59] Modify product: Probable phosphatase Rv3661 => putative phosphatase
[11:46:59] Modify product: Probable cysteine desulfurase => putative cysteine desulfurase
[11:46:59] Modify product: UPF0051 protein SA0778 => hypothetical protein
[11:46:59] Modify product: Uncharacterized ABC transporter ATP-binding protein YbiT => putative ABC transporter ATP-binding protein YbiT
[11:46:59] Modify product: Probable phosphatase YcdX => putative phosphatase YcdX
[11:46:59] Modify product: Probable cell division protein WhiA => putative cell division protein WhiA
[11:46:59] Modify product: Uncharacterized ABC transporter ATP-binding protein TM_0288 => putative ABC transporter ATP-binding protein
[11:46:59] Modify product: Uncharacterized ABC transporter ATP-binding protein YbiT => putative ABC transporter ATP-binding protein YbiT
[11:46:59] Modify product: Transcriptional repressor SmtB homolog => Transcriptional repressor SmtB 
[11:46:59] Modify product: UPF0145 protein YbjQ => hypothetical protein
[11:46:59] Modify product: Probable tRNA sulfurtransferase => putative tRNA sulfurtransferase
[11:46:59] Modify product: Dihydroorotate dehydrogenase B (NAD(+)), electron transfer subunit homolog => Dihydroorotate dehydrogenase B (NAD(+)), electron transfer subunit 
[11:46:59] Modify product: Uncharacterized protein HI_0933 => putative protein
[11:46:59] Cleaned 77 /product names
[11:46:59] Deleting unwanted file: prokka_output/M1934342320/M1934342320.sprot.tmp.38407.faa
[11:46:59] Deleting unwanted file: prokka_output/M1934342320/M1934342320.sprot.tmp.38407.blast
[11:47:00] There are still 733 unannotated CDS left (started with 1593)
[11:47:00] Will use hmmer3 to search against /home/frederick/anaconda3/envs/prokka/db/hmm/HAMAP.hmm with 8 CPUs
[11:47:00] Running: cat prokka_output\/M1934342320\/M1934342320\.HAMAP\.hmm\.tmp\.38407\.faa | parallel --gnu --plain -j 8 --block 14325 --recstart '>' --pipe hmmscan --noali --notextw --acc -E 1e-09 --cpu 1 /home/frederick/anaconda3/envs/prokka/db/hmm/HAMAP.hmm /dev/stdin > prokka_output\/M1934342320\/M1934342320\.HAMAP\.hmm\.tmp\.38407\.hmmer3 2> /dev/null
[11:47:06] Modify product: Uncharacterized Nudix hydrolase NudL => putative Nudix hydrolase NudL
[11:47:06] Cleaned 1 /product names
[11:47:06] Deleting unwanted file: prokka_output/M1934342320/M1934342320.HAMAP.hmm.tmp.38407.faa
[11:47:06] Deleting unwanted file: prokka_output/M1934342320/M1934342320.HAMAP.hmm.tmp.38407.hmmer3
[11:47:06] Labelling remaining 635 proteins as 'hypothetical protein'
[11:47:06] Possible /pseudo 'Polyisoprenyl-teichoic acid--peptidoglycan teichoic acid transferase TagU' at gnl|Prokka|MLNBGCCH_1 position 172335
[11:47:06] Possible /pseudo 'putative protein' at gnl|Prokka|MLNBGCCH_3 position 56683
[11:47:06] Possible /pseudo 'Putative fluoride ion transporter CrcB' at gnl|Prokka|MLNBGCCH_21 position 20916
[11:47:06] Found 779 unique /gene codes.
[11:47:06] Fixed 2 duplicate /gene - artP_1 artP_2
[11:47:06] Fixed 2 duplicate /gene - glmU_1 glmU_2
[11:47:06] Fixed 3 duplicate /gene - ecfT_1 ecfT_2 ecfT_3
[11:47:06] Fixed 8 duplicate /gene - lytC_1 lytC_2 lytC_3 lytC_4 lytC_5 lytC_6 lytC_7 lytC_8
[11:47:06] Fixed 3 duplicate /gene - xerC_1 xerC_2 xerC_3
[11:47:06] Fixed 2 duplicate /gene - rspR_1 rspR_2
[11:47:06] Fixed 2 duplicate /gene - macB_1 macB_2
[11:47:06] Fixed 2 duplicate /gene - btuD_1 btuD_2
[11:47:06] Fixed 2 duplicate /gene - mtgA_1 mtgA_2
[11:47:06] Fixed 2 duplicate /gene - pspA_1 pspA_2
[11:47:06] Fixed 2 duplicate /gene - hlyB_1 hlyB_2
[11:47:06] Fixed 2 duplicate /gene - fldA_1 fldA_2
[11:47:06] Fixed 2 duplicate /gene - addA_1 addA_2
[11:47:06] Fixed 2 duplicate /gene - sstT_1 sstT_2
[11:47:06] Fixed 2 duplicate /gene - ybiT_1 ybiT_2
[11:47:06] Fixed 2 duplicate /gene - lexA_1 lexA_2
[11:47:06] Fixed 2 duplicate /gene - artQ_1 artQ_2
[11:47:06] Fixed 2 duplicate /gene - comEC_1 comEC_2
[11:47:06] Fixed 2 duplicate /gene - ecsA_1 ecsA_2
[11:47:06] Fixed 3 duplicate /gene - msbA_1 msbA_2 msbA_3
[11:47:06] Fixed 2 duplicate /gene - acpP_1 acpP_2
[11:47:06] Fixed 4 duplicate /gene - bcrA_1 bcrA_2 bcrA_3 bcrA_4
[11:47:06] Fixed 2 duplicate /gene - hmo_1 hmo_2
[11:47:06] Fixed 2 duplicate /gene - artM_1 artM_2
[11:47:06] Fixed 4 duplicate /gene - brnQ_1 brnQ_2 brnQ_3 brnQ_4
[11:47:06] Fixed 2 duplicate /gene - rsxB_1 rsxB_2
[11:47:06] Fixed 5 duplicate /gene - mepA_1 mepA_2 mepA_3 mepA_4 mepA_5
[11:47:06] Fixed 2 duplicate /gene - carD_1 carD_2
[11:47:06] Fixed 2 duplicate /gene - tagU_1 tagU_2
[11:47:06] Fixed 2 duplicate /gene - mnmE_1 mnmE_2
[11:47:06] Fixed 3 duplicate /gene - sasA_1 sasA_2 sasA_3
[11:47:06] Fixed 2 duplicate /gene - carC_1 carC_2
[11:47:06] Fixed 2 duplicate /gene - hpt_1 hpt_2
[11:47:06] Fixed 2 duplicate /gene - carE_1 carE_2
[11:47:06] Fixed 2 duplicate /gene - carA_1 carA_2
[11:47:06] Fixed 2 duplicate /gene - polC_1 polC_2
[11:47:06] Fixed 3 duplicate /gene - gloB_1 gloB_2 gloB_3
[11:47:06] Fixed 2 duplicate /gene - lnrL_1 lnrL_2
[11:47:06] Fixed 2 duplicate /gene - clsA_1 clsA_2
[11:47:06] Fixed 2 duplicate /gene - dnaA_1 dnaA_2
[11:47:06] Fixed 3 duplicate /gene - rhaR_1 rhaR_2 rhaR_3
[11:47:06] Fixed 2 duplicate /gene - rluD_1 rluD_2
[11:47:06] Fixed 2 duplicate /gene - dapA_1 dapA_2
[11:47:06] Fixed 2 duplicate /gene - secA_1 secA_2
[11:47:06] Fixed 2 duplicate /gene - ugtP_1 ugtP_2
[11:47:06] Fixed 2 duplicate /gene - prsA_1 prsA_2
[11:47:06] Fixed 2 duplicate /gene - lysN_1 lysN_2
[11:47:06] Fixed 2 duplicate /gene - cysG_1 cysG_2
[11:47:06] Fixed 4 duplicate /gene - lolD_1 lolD_2 lolD_3 lolD_4
[11:47:06] Fixed 2 duplicate /gene - fabG_1 fabG_2
[11:47:06] Fixed 2 duplicate /gene - crcB_1 crcB_2
[11:47:06] Fixed 2 duplicate /gene - phoP_1 phoP_2
[11:47:06] Fixed 2 duplicate /gene - mreB_1 mreB_2
[11:47:06] Fixed 2 duplicate /gene - smc_1 smc_2
[11:47:06] Fixed 2 duplicate /gene - rlmL_1 rlmL_2
[11:47:06] Fixed 2 duplicate /gene - pepD_1 pepD_2
[11:47:06] Fixed 3 duplicate /gene - ykoD_1 ykoD_2 ykoD_3
[11:47:06] Fixed 2 duplicate /gene - COQ5_1 COQ5_2
[11:47:06] Fixed 2 duplicate /gene - cobD_1 cobD_2
[11:47:06] Fixed 2 duplicate /gene - fusA_1 fusA_2
[11:47:06] Fixed 2 duplicate /gene - bioB_1 bioB_2
[11:47:06] Fixed 2 duplicate /gene - asd_1 asd_2
[11:47:06] Fixed 2 duplicate /gene - ruvB_1 ruvB_2
[11:47:06] Fixed 2 duplicate /gene - alaS_1 alaS_2
[11:47:06] Fixed 2 duplicate /gene - hadC_1 hadC_2
[11:47:06] Fixed 2 duplicate /gene - gap_1 gap_2
[11:47:06] Fixed 2 duplicate /gene - sigM_1 sigM_2
[11:47:06] Fixed 2 duplicate /gene - cpdA_1 cpdA_2
[11:47:06] Fixed 2 duplicate /gene - moaA_1 moaA_2
[11:47:06] Fixed 3 duplicate /gene - alsT_1 alsT_2 alsT_3
[11:47:06] Fixed 2 duplicate /gene - tuaG_1 tuaG_2
[11:47:06] Fixed 2 duplicate /gene - aspC_1 aspC_2
[11:47:06] Fixed 72 colliding /gene names.
[11:47:06] Adding /locus_tag identifiers
[11:47:06] Assigned 1617 locus_tags to CDS and RNA features.
[11:47:06] Writing outputs to prokka_output/M1934342320/
[11:47:08] Generating annotation statistics file
[11:47:08] Generating Genbank and Sequin files
[11:47:08] Running: tbl2asn -V b -a r10k -l paired-ends -M n -N 1 -y 'Annotated using prokka 1.14.6 from https://github.com/tseemann/prokka' -Z prokka_output\/M1934342320\/M1934342320\.err -i prokka_output\/M1934342320\/M1934342320\.fsa 2> /dev/null
[11:47:19] Deleting unwanted file: prokka_output/M1934342320/errorsummary.val
[11:47:19] Deleting unwanted file: prokka_output/M1934342320/M1934342320.dr
[11:47:19] Deleting unwanted file: prokka_output/M1934342320/M1934342320.fixedproducts
[11:47:19] Deleting unwanted file: prokka_output/M1934342320/M1934342320.ecn
[11:47:19] Deleting unwanted file: prokka_output/M1934342320/M1934342320.val
[11:47:19] Repairing broken .GBK output that tbl2asn produces...
[11:47:19] Running: sed 's/COORDINATES: profile/COORDINATES:profile/' < prokka_output\/M1934342320\/M1934342320\.gbf > prokka_output\/M1934342320\/M1934342320\.gbk
[11:47:22] Deleting unwanted file: prokka_output/M1934342320/M1934342320.gbf
[11:47:22] Output files:
[11:47:22] prokka_output/M1934342320/M1934342320.err
[11:47:22] prokka_output/M1934342320/M1934342320.faa
[11:47:22] prokka_output/M1934342320/M1934342320.ffn
[11:47:22] prokka_output/M1934342320/M1934342320.fna
[11:47:22] prokka_output/M1934342320/M1934342320.fsa
[11:47:22] prokka_output/M1934342320/M1934342320.gbk
[11:47:22] prokka_output/M1934342320/M1934342320.gff
[11:47:22] prokka_output/M1934342320/M1934342320.log
[11:47:22] prokka_output/M1934342320/M1934342320.sqn
[11:47:22] prokka_output/M1934342320/M1934342320.tbl
[11:47:22] prokka_output/M1934342320/M1934342320.tsv
[11:47:22] prokka_output/M1934342320/M1934342320.txt
[11:47:22] Annotation finished successfully.
[11:47:22] Walltime used: 1.03 minutes
[11:47:22] If you use this result please cite the Prokka paper:
[11:47:22] Seemann T (2014) Prokka: rapid prokaryotic genome annotation. Bioinformatics. 30(14):2068-9.
[11:47:22] Type 'prokka --citation' for more details.
[11:47:22] Thank you, come again.
