[11:23:42] This is prokka 1.14.6
[11:23:42] Written by Torsten Seemann <torsten.seemann@gmail.com>
[11:23:42] Homepage is https://github.com/tseemann/prokka
[11:23:42] Local time is Tue Apr  1 11:23:42 2025
[11:23:42] You are frederick
[11:23:42] Operating system is linux
[11:23:42] You have BioPerl 1.7.8
[11:23:42] System has 12 cores.
[11:23:42] Will use maximum of 8 cores.
[11:23:42] Annotating as >>> Bacteria <<<
[11:23:42] Generating locus_tag from 'mags/M1248619108.fna' contents.
[11:23:42] Setting --locustag MCEMKNIG from MD5 6ce64720c3fe454abfec065a08f23f3a
[11:23:42] Enabling options to ensure Genbank/ENA/DDJB submission compliance.
[11:23:42] Re-using existing --outdir prokka_output/M1248619108
[11:23:42] Using filename prefix: M1248619108.XXX
[11:23:42] Setting HMMER_NCPU=1
[11:23:42] Writing log to: prokka_output/M1248619108/M1248619108.log
[11:23:42] Command: /home/frederick/anaconda3/envs/prokka/bin/prokka mags/M1248619108.fna --outdir prokka_output/M1248619108 --prefix M1248619108 --compliant --force
[11:23:42] Appending to PATH: /home/frederick/anaconda3/envs/prokka/bin
[11:23:42] Looking for 'aragorn' - found /home/frederick/anaconda3/envs/prokka/bin/aragorn
[11:23:42] Determined aragorn version is 001002 from 'ARAGORN v1.2.41 Dean Laslett'
[11:23:42] Looking for 'barrnap' - found /home/frederick/anaconda3/envs/prokka/bin/barrnap
[11:23:42] Determined barrnap version is 000009 from 'barrnap 0.9'
[11:23:42] Looking for 'blastp' - found /home/frederick/anaconda3/envs/prokka/bin/blastp
[11:23:42] Determined blastp version is 002016 from 'blastp: 2.16.0+'
[11:23:42] Looking for 'cmpress' - found /home/frederick/anaconda3/envs/prokka/bin/cmpress
[11:23:42] Determined cmpress version is 001001 from '# INFERNAL 1.1.5 (Sep 2023)'
[11:23:42] Looking for 'cmscan' - found /home/frederick/anaconda3/envs/prokka/bin/cmscan
[11:23:42] Determined cmscan version is 001001 from '# INFERNAL 1.1.5 (Sep 2023)'
[11:23:42] Looking for 'egrep' - found /usr/bin/egrep
[11:23:42] Looking for 'find' - found /usr/bin/find
[11:23:42] Looking for 'grep' - found /usr/bin/grep
[11:23:42] Looking for 'hmmpress' - found /home/frederick/anaconda3/envs/prokka/bin/hmmpress
[11:23:42] Determined hmmpress version is 003004 from '# HMMER 3.4 (Aug 2023); http://hmmer.org/'
[11:23:42] Looking for 'hmmscan' - found /home/frederick/anaconda3/envs/prokka/bin/hmmscan
[11:23:42] Determined hmmscan version is 003004 from '# HMMER 3.4 (Aug 2023); http://hmmer.org/'
[11:23:42] Looking for 'java' - found /home/frederick/anaconda3/envs/prokka/bin/java
[11:23:42] Looking for 'makeblastdb' - found /home/frederick/anaconda3/envs/prokka/bin/makeblastdb
[11:23:42] Determined makeblastdb version is 002016 from 'makeblastdb: 2.16.0+'
[11:23:42] Looking for 'minced' - found /home/frederick/anaconda3/envs/prokka/bin/minced
[11:23:42] Determined minced version is 004002 from 'minced 0.4.2'
[11:23:42] Looking for 'parallel' - found /home/frederick/anaconda3/envs/prokka/bin/parallel
[11:23:43] Determined parallel version is 20250222 from 'GNU parallel 20250222'
[11:23:43] Looking for 'prodigal' - found /home/frederick/anaconda3/envs/prokka/bin/prodigal
[11:23:43] Determined prodigal version is 002006 from 'Prodigal V2.6.3: February, 2016'
[11:23:43] Looking for 'prokka-genbank_to_fasta_db' - found /home/frederick/anaconda3/envs/prokka/bin/prokka-genbank_to_fasta_db
[11:23:43] Looking for 'sed' - found /usr/bin/sed
[11:23:43] Looking for 'tbl2asn' - found /home/frederick/anaconda3/envs/prokka/bin/tbl2asn
[11:23:43] Determined tbl2asn version is 025007 from 'tbl2asn 25.7   arguments:'
[11:23:43] Using genetic code table 11.
[11:23:43] Loading and checking input file: mags/M1248619108.fna
[11:23:43] Wrote 226 contigs totalling 1413214 bp.
[11:23:43] Predicting tRNAs and tmRNAs
[11:23:43] Running: aragorn -l -gc11  -w prokka_output\/M1248619108\/M1248619108\.fna
[11:23:45] 1 tRNA-Arg [6984,7058] 35 (tcg)
[11:23:45] 2 tRNA-Arg [8118,8192] 35 (cct)
[11:23:45] 1 tRNA-Val [52,127] 34 (tac)
[11:23:45] 2 tRNA-Asp [135,211] 35 (gtc)
[11:23:45] 3 tRNA-Gly [224,298] 33 (gcc)
[11:23:45] 4 tRNA-Pyl [305,380] 37 (cta)
[11:23:45] 1 tmRNA [4530,4880] 93,125 ANENNLLAA**
[11:23:45] 1 tRNA-Ser c[791,880] 35 (gga)
[11:23:45] 1 tRNA-Glu [3972,4043] 34 (ctc)
[11:23:45] 2 tRNA-Gly [4055,4128] 33 (tcc)
[11:23:45] 3 tRNA-Val [4134,4209] 34 (tac)
[11:23:45] 4 tRNA-Asp [4218,4294] 35 (gtc)
[11:23:45] 5 tRNA-Thr [4310,4384] 33 (tgt)
[11:23:45] 6 tRNA-Tyr [4388,4472] 35 (gta)
[11:23:45] 7 tRNA-Leu [4492,4575] 35 (tag)
[11:23:45] 1 tRNA-Cys c[3782,3853] 33 (gca)
[11:23:45] 2 tRNA-Lys c[3874,3948] 35 (ctt)
[11:23:45] 3 tRNA-Met c[3955,4031] 35 (cat)
[11:23:45] 4 tRNA-Phe c[4046,4121] 34 (gaa)
[11:23:45] 5 tRNA-Ser c[4126,4214] 35 (tga)
[11:23:45] 6 tRNA-Gln c[4235,4310] 34 (ttg)
[11:23:45] 7 tRNA-Leu c[4405,4488] 35 (tag)
[11:23:45] 1 tRNA-Asn [3802,3874] 33 (gtt)
[11:23:45] 2 tRNA-Glu [3884,3957] 35 (ttc)
[11:23:45] 3 tRNA-Val [3963,4038] 34 (tac)
[11:23:45] 1 tRNA-Leu c[1532,1616] 35 (caa)
[11:23:45] 1 tRNA-Arg c[149,223] 35 (acg)
[11:23:45] Found 27 tRNAs
[11:23:45] Predicting Ribosomal RNAs
[11:23:45] Running Barrnap with 8 threads
[11:23:46] 1 gnl|Prokka|MCEMKNIG_114 16 5S ribosomal RNA
[11:23:46] 2 gnl|Prokka|MCEMKNIG_135 3689 5S ribosomal RNA
[11:23:46] Found 2 rRNAs
[11:23:46] Skipping ncRNA search, enable with --rfam if desired.
[11:23:46] Total of 28 tRNA + rRNA features
[11:23:46] Searching for CRISPR repeats
[11:23:46] Found 0 CRISPRs
[11:23:46] Predicting coding sequences
[11:23:46] Contigs total 1413214 bp, so using single mode
[11:23:46] Running: prodigal -i prokka_output\/M1248619108\/M1248619108\.fna -c -m -g 11 -p single -f sco -q
[11:23:49] Found 1234 CDS
[11:23:49] Connecting features back to sequences
[11:23:49] Not using genus-specific database. Try --usegenus to enable it.
[11:23:49] Annotating CDS, please be patient.
[11:23:49] Will use 8 CPUs for similarity searching.
[11:23:50] There are still 1234 unannotated CDS left (started with 1234)
[11:23:50] Will use blast to search against /home/frederick/anaconda3/envs/prokka/db/kingdom/Bacteria/IS with 8 CPUs
[11:23:50] Running: cat prokka_output\/M1248619108\/M1248619108\.IS\.tmp\.8928\.faa | parallel --gnu --plain -j 8 --block 23636 --recstart '>' --pipe blastp -query - -db /home/frederick/anaconda3/envs/prokka/db/kingdom/Bacteria/IS -evalue 1e-30 -qcov_hsp_perc 90 -num_threads 1 -num_descriptions 1 -num_alignments 1 -seg no > prokka_output\/M1248619108\/M1248619108\.IS\.tmp\.8928\.blast 2> /dev/null
[11:23:55] Deleting unwanted file: prokka_output/M1248619108/M1248619108.IS.tmp.8928.faa
[11:23:55] Deleting unwanted file: prokka_output/M1248619108/M1248619108.IS.tmp.8928.blast
[11:23:55] There are still 1233 unannotated CDS left (started with 1234)
[11:23:55] Will use blast to search against /home/frederick/anaconda3/envs/prokka/db/kingdom/Bacteria/AMR with 8 CPUs
[11:23:55] Running: cat prokka_output\/M1248619108\/M1248619108\.AMR\.tmp\.8928\.faa | parallel --gnu --plain -j 8 --block 23622 --recstart '>' --pipe blastp -query - -db /home/frederick/anaconda3/envs/prokka/db/kingdom/Bacteria/AMR -evalue 1e-300 -qcov_hsp_perc 90 -num_threads 1 -num_descriptions 1 -num_alignments 1 -seg no > prokka_output\/M1248619108\/M1248619108\.AMR\.tmp\.8928\.blast 2> /dev/null
[11:23:59] Deleting unwanted file: prokka_output/M1248619108/M1248619108.AMR.tmp.8928.faa
[11:23:59] Deleting unwanted file: prokka_output/M1248619108/M1248619108.AMR.tmp.8928.blast
[11:24:00] There are still 1232 unannotated CDS left (started with 1234)
[11:24:00] Will use blast to search against /home/frederick/anaconda3/envs/prokka/db/kingdom/Bacteria/sprot with 8 CPUs
[11:24:00] Running: cat prokka_output\/M1248619108\/M1248619108\.sprot\.tmp\.8928\.faa | parallel --gnu --plain -j 8 --block 23557 --recstart '>' --pipe blastp -query - -db /home/frederick/anaconda3/envs/prokka/db/kingdom/Bacteria/sprot -evalue 1e-09 -qcov_hsp_perc 80 -num_threads 1 -num_descriptions 1 -num_alignments 1 -seg no > prokka_output\/M1248619108\/M1248619108\.sprot\.tmp\.8928\.blast 2> /dev/null
[11:24:22] Modify product: UPF0758 protein YsxA => hypothetical protein
[11:24:22] Modify product: Probable cell division protein WhiA => putative cell division protein WhiA
[11:24:22] Modify product: Uncharacterized protein Spy1614 => putative protein
[11:24:22] Modify product: Uncharacterized protein SA1069 => putative protein
[11:24:22] Modify product: Probable nicotinate-nucleotide pyrophosphorylase [carboxylating] => putative nicotinate-nucleotide pyrophosphorylase [carboxylating]
[11:24:22] Modify product: Calcium-transporting ATPase lmo0841 => Calcium-transporting ATPase
[11:24:22] Modify product: UPF0073 inner membrane protein YqfA => hypothetical protein
[11:24:22] Modify product: UPF0701 protein YicC => hypothetical protein
[11:24:22] Modify product: Bifunctional protein FolD => Bifunctional protein FolD protein
[11:24:22] Modify product: Probable ABC transporter ATP-binding/permease protein HI_0664 => putative ABC transporter ATP-binding/permease protein
[11:24:22] Modify product: Putative multidrug export ATP-binding/permease protein SAV1866 => Putative multidrug export ATP-binding/permease protein
[11:24:22] Modify product: Uncharacterized protein HP_1423 => putative protein
[11:24:22] Modify product: Probable bacterial non-heme ferritin => putative bacterial non-heme ferritin
[11:24:22] Modify product: Uncharacterized ABC transporter ATP-binding protein YbiT => putative ABC transporter ATP-binding protein YbiT
[11:24:22] Modify product: Probable tRNA sulfurtransferase => putative tRNA sulfurtransferase
[11:24:22] Modify product: Uncharacterized ABC transporter ATP-binding protein YheS => putative ABC transporter ATP-binding protein YheS
[11:24:22] Modify product: Fatty acid-binding protein TM_1468 => Fatty acid-binding protein
[11:24:22] Modify product: Putative multidrug export ATP-binding/permease protein SAV1866 => Putative multidrug export ATP-binding/permease protein
[11:24:22] Modify product: Probable cobalt-factor III C(17)-methyltransferase => putative cobalt-factor III C(17)-methyltransferase
[11:24:22] Modify product: Putative lipid kinase SP_1045 => Putative lipid kinase
[11:24:22] Modify product: Probable transcriptional regulatory protein aq_1575 => putative transcriptional regulatory protein
[11:24:22] Modify product: Putative metallophosphoesterase MG207 homolog => Putative metallophosphoesterase MG207 
[11:24:22] Modify product: Probable transcription repressor NiaR => putative transcription repressor NiaR
[11:24:22] Modify product: Putative multidrug export ATP-binding/permease protein SAV1866 => Putative multidrug export ATP-binding/permease protein
[11:24:22] Modify product: Probable M18 family aminopeptidase 2 => putative M18 family aminopeptidase 2
[11:24:22] Modify product: UPF0053 protein HI_0107 => hypothetical protein
[11:24:22] Modify product: Uncharacterized ABC transporter ATP-binding protein TM_0288 => putative ABC transporter ATP-binding protein
[11:24:22] Modify product: GTP cyclohydrolase 1 type 2 homolog => GTP cyclohydrolase 1 type 2 
[11:24:22] Modify product: UPF0126 inner membrane protein YadS => hypothetical protein
[11:24:22] Modify product: Uncharacterized RNA methyltransferase SP_1029 => putative RNA methyltransferase
[11:24:22] Modify product: Uncharacterized protein YqeY => putative protein YqeY
[11:24:22] Modify product: Probable nicotinate-nucleotide adenylyltransferase => putative nicotinate-nucleotide adenylyltransferase
[11:24:22] Modify product: Probable cysteine desulfurase => putative cysteine desulfurase
[11:24:22] Modify product: UPF0051 protein SA0778 => hypothetical protein
[11:24:22] Modify product: Probable dual-specificity RNA methyltransferase RlmN => putative dual-specificity RNA methyltransferase RlmN
[11:24:22] Modify product: Uncharacterized protein Spy1535 => putative protein
[11:24:22] Modify product: DegV domain-containing protein MW1315 => DegV domain-containing protein
[11:24:22] Modify product: Nucleoid-associated protein Cthe_2143 => Nucleoid-associated protein
[11:24:22] Modify product: Uncharacterized metal-dependent hydrolase YcfH => putative metal-dependent hydrolase YcfH
[11:24:22] Modify product: UPF0324 inner membrane protein YeiH => hypothetical protein
[11:24:22] Modify product: Rqc2 homolog RqcH => Rqc2 RqcH
[11:24:22] Modify product: Uncharacterized protein YjdJ => putative protein YjdJ
[11:24:23] Modify product: Probable ribosomal protein YlxQ => putative ribosomal protein YlxQ
[11:24:23] Modify product: Uncharacterized isomerase YddE => putative isomerase YddE
[11:24:23] Modify product: Uncharacterized ABC transporter ATP-binding protein YknY => putative ABC transporter ATP-binding protein YknY
[11:24:23] Modify product: Uncharacterized protein HI_0933 => putative protein
[11:24:23] Modify product: UPF0371 protein DIP2346 => hypothetical protein
[11:24:23] Modify product: Uncharacterized protein Rv1488 => putative protein
[11:24:23] Modify product: Transcriptional repressor SmtB homolog => Transcriptional repressor SmtB 
[11:24:23] Modify product: UPF0337 protein SA1452 => hypothetical protein
[11:24:23] Modify product: UPF0145 protein YbjQ => hypothetical protein
[11:24:23] Modify product: Dihydroorotate dehydrogenase B (NAD(+)), electron transfer subunit homolog => Dihydroorotate dehydrogenase B (NAD(+)), electron transfer subunit 
[11:24:23] Modify product: UPF0297 protein EF_1202 => hypothetical protein
[11:24:23] Modify product: Probable heme-iron transport system permease protein IsdF => putative heme-iron transport system permease protein IsdF
[11:24:23] Modify product: Probable NADH oxidase => putative NADH oxidase
[11:24:23] Modify product: Peptidoglycan-N-acetylglucosamine deacetylase BC_3618 => Peptidoglycan-N-acetylglucosamine deacetylase
[11:24:23] Modify product: Uncharacterized protein Rv2927c => putative protein
[11:24:23] Modify product: Uncharacterized RNA methyltransferase SP_1029 => putative RNA methyltransferase
[11:24:23] Modify product: Uncharacterized ABC transporter ATP-binding protein YbiT => putative ABC transporter ATP-binding protein YbiT
[11:24:23] Cleaned 59 /product names
[11:24:23] Deleting unwanted file: prokka_output/M1248619108/M1248619108.sprot.tmp.8928.faa
[11:24:23] Deleting unwanted file: prokka_output/M1248619108/M1248619108.sprot.tmp.8928.blast
[11:24:23] There are still 552 unannotated CDS left (started with 1234)
[11:24:23] Will use hmmer3 to search against /home/frederick/anaconda3/envs/prokka/db/hmm/HAMAP.hmm with 8 CPUs
[11:24:23] Running: cat prokka_output\/M1248619108\/M1248619108\.HAMAP\.hmm\.tmp\.8928\.faa | parallel --gnu --plain -j 8 --block 9463 --recstart '>' --pipe hmmscan --noali --notextw --acc -E 1e-09 --cpu 1 /home/frederick/anaconda3/envs/prokka/db/hmm/HAMAP.hmm /dev/stdin > prokka_output\/M1248619108\/M1248619108\.HAMAP\.hmm\.tmp\.8928\.hmmer3 2> /dev/null
[11:24:29] Modify product: Uncharacterized Nudix hydrolase NudL => putative Nudix hydrolase NudL
[11:24:29] Cleaned 1 /product names
[11:24:29] Deleting unwanted file: prokka_output/M1248619108/M1248619108.HAMAP.hmm.tmp.8928.faa
[11:24:29] Deleting unwanted file: prokka_output/M1248619108/M1248619108.HAMAP.hmm.tmp.8928.hmmer3
[11:24:29] Labelling remaining 476 proteins as 'hypothetical protein'
[11:24:29] Possible /pseudo 'Protein translocase subunit SecA' at gnl|Prokka|MCEMKNIG_25 position 3620
[11:24:29] Possible /pseudo 'putative protein' at gnl|Prokka|MCEMKNIG_29 position 7108
[11:24:29] Possible /pseudo 'Putative fluoride ion transporter CrcB' at gnl|Prokka|MCEMKNIG_64 position 612
[11:24:29] Possible /pseudo 'D-alanine--D-alanyl carrier protein ligase' at gnl|Prokka|MCEMKNIG_126 position 1909
[11:24:29] Found 642 unique /gene codes.
[11:24:29] Fixed 2 duplicate /gene - artP_1 artP_2
[11:24:29] Fixed 2 duplicate /gene - hmo_1 hmo_2
[11:24:29] Fixed 2 duplicate /gene - rluD_1 rluD_2
[11:24:29] Fixed 2 duplicate /gene - dnaA_1 dnaA_2
[11:24:29] Fixed 2 duplicate /gene - artM_1 artM_2
[11:24:29] Fixed 2 duplicate /gene - sasA_1 sasA_2
[11:24:29] Fixed 2 duplicate /gene - msbA_1 msbA_2
[11:24:29] Fixed 5 duplicate /gene - lytC_1 lytC_2 lytC_3 lytC_4 lytC_5
[11:24:29] Fixed 2 duplicate /gene - sigM_1 sigM_2
[11:24:29] Fixed 2 duplicate /gene - secA_1 secA_2
[11:24:29] Fixed 2 duplicate /gene - dapA_1 dapA_2
[11:24:29] Fixed 2 duplicate /gene - crcB_1 crcB_2
[11:24:29] Fixed 2 duplicate /gene - smc_1 smc_2
[11:24:29] Fixed 2 duplicate /gene - rsxB_1 rsxB_2
[11:24:29] Fixed 2 duplicate /gene - dltA_1 dltA_2
[11:24:29] Fixed 2 duplicate /gene - gloB_1 gloB_2
[11:24:29] Fixed 2 duplicate /gene - mreB_1 mreB_2
[11:24:29] Fixed 2 duplicate /gene - rhaR_1 rhaR_2
[11:24:29] Fixed 4 duplicate /gene - mepA_1 mepA_2 mepA_3 mepA_4
[11:24:29] Fixed 2 duplicate /gene - ykoD_1 ykoD_2
[11:24:29] Fixed 2 duplicate /gene - artQ_1 artQ_2
[11:24:29] Fixed 2 duplicate /gene - mnmE_1 mnmE_2
[11:24:29] Fixed 2 duplicate /gene - moaA_1 moaA_2
[11:24:29] Fixed 2 duplicate /gene - addA_1 addA_2
[11:24:29] Fixed 2 duplicate /gene - lnrL_1 lnrL_2
[11:24:29] Fixed 2 duplicate /gene - asd_1 asd_2
[11:24:29] Fixed 2 duplicate /gene - lolD_1 lolD_2
[11:24:29] Fixed 2 duplicate /gene - xerC_1 xerC_2
[11:24:29] Fixed 2 duplicate /gene - cpdA_1 cpdA_2
[11:24:29] Fixed 2 duplicate /gene - btuD_1 btuD_2
[11:24:29] Fixed 2 duplicate /gene - murE_1 murE_2
[11:24:29] Fixed 2 duplicate /gene - carA_1 carA_2
[11:24:29] Fixed 3 duplicate /gene - brnQ_1 brnQ_2 brnQ_3
[11:24:29] Fixed 2 duplicate /gene - pepD_1 pepD_2
[11:24:29] Fixed 2 duplicate /gene - mtgA_1 mtgA_2
[11:24:29] Fixed 2 duplicate /gene - fabG_1 fabG_2
[11:24:29] Fixed 2 duplicate /gene - ybiT_1 ybiT_2
[11:24:29] Fixed 2 duplicate /gene - hpt_1 hpt_2
[11:24:29] Fixed 2 duplicate /gene - cobD_1 cobD_2
[11:24:29] Fixed 2 duplicate /gene - polC_1 polC_2
[11:24:29] Fixed 2 duplicate /gene - acpP_1 acpP_2
[11:24:29] Fixed 2 duplicate /gene - prpC_1 prpC_2
[11:24:29] Fixed 2 duplicate /gene - prsA_1 prsA_2
[11:24:29] Fixed 2 duplicate /gene - cysG_1 cysG_2
[11:24:29] Fixed 2 duplicate /gene - ugtP_1 ugtP_2
[11:24:29] Fixed 2 duplicate /gene - pspA_1 pspA_2
[11:24:29] Fixed 46 colliding /gene names.
[11:24:29] Adding /locus_tag identifiers
[11:24:29] Assigned 1263 locus_tags to CDS and RNA features.
[11:24:29] Writing outputs to prokka_output/M1248619108/
[11:24:31] Generating annotation statistics file
[11:24:31] Generating Genbank and Sequin files
[11:24:31] Running: tbl2asn -V b -a r10k -l paired-ends -M n -N 1 -y 'Annotated using prokka 1.14.6 from https://github.com/tseemann/prokka' -Z prokka_output\/M1248619108\/M1248619108\.err -i prokka_output\/M1248619108\/M1248619108\.fsa 2> /dev/null
[11:24:42] Deleting unwanted file: prokka_output/M1248619108/errorsummary.val
[11:24:42] Deleting unwanted file: prokka_output/M1248619108/M1248619108.dr
[11:24:42] Deleting unwanted file: prokka_output/M1248619108/M1248619108.fixedproducts
[11:24:42] Deleting unwanted file: prokka_output/M1248619108/M1248619108.ecn
[11:24:42] Deleting unwanted file: prokka_output/M1248619108/M1248619108.val
[11:24:42] Repairing broken .GBK output that tbl2asn produces...
[11:24:42] Running: sed 's/COORDINATES: profile/COORDINATES:profile/' < prokka_output\/M1248619108\/M1248619108\.gbf > prokka_output\/M1248619108\/M1248619108\.gbk
[11:24:43] Deleting unwanted file: prokka_output/M1248619108/M1248619108.gbf
[11:24:43] Output files:
[11:24:43] prokka_output/M1248619108/M1248619108.err
[11:24:43] prokka_output/M1248619108/M1248619108.faa
[11:24:43] prokka_output/M1248619108/M1248619108.ffn
[11:24:43] prokka_output/M1248619108/M1248619108.fna
[11:24:43] prokka_output/M1248619108/M1248619108.fsa
[11:24:43] prokka_output/M1248619108/M1248619108.gbk
[11:24:43] prokka_output/M1248619108/M1248619108.gff
[11:24:43] prokka_output/M1248619108/M1248619108.log
[11:24:43] prokka_output/M1248619108/M1248619108.sqn
[11:24:43] prokka_output/M1248619108/M1248619108.tbl
[11:24:43] prokka_output/M1248619108/M1248619108.tsv
[11:24:43] prokka_output/M1248619108/M1248619108.txt
[11:24:43] Annotation finished successfully.
[11:24:43] Walltime used: 1.02 minutes
[11:24:43] If you use this result please cite the Prokka paper:
[11:24:43] Seemann T (2014) Prokka: rapid prokaryotic genome annotation. Bioinformatics. 30(14):2068-9.
[11:24:43] Type 'prokka --citation' for more details.
[11:24:43] Share and enjoy!
