[11:42:28] This is prokka 1.14.6
[11:42:28] Written by Torsten Seemann <torsten.seemann@gmail.com>
[11:42:28] Homepage is https://github.com/tseemann/prokka
[11:42:28] Local time is Tue Apr  1 11:42:28 2025
[11:42:28] You are frederick
[11:42:28] Operating system is linux
[11:42:28] You have BioPerl 1.7.8
[11:42:28] System has 12 cores.
[11:42:28] Will use maximum of 8 cores.
[11:42:28] Annotating as >>> Bacteria <<<
[11:42:28] Generating locus_tag from 'mags/M1809960828.fna' contents.
[11:42:28] Setting --locustag JNKBDPAB from MD5 374bd9abd80d00cbc58ec21a17f3f67a
[11:42:28] Enabling options to ensure Genbank/ENA/DDJB submission compliance.
[11:42:28] Re-using existing --outdir prokka_output/M1809960828
[11:42:28] Using filename prefix: M1809960828.XXX
[11:42:28] Setting HMMER_NCPU=1
[11:42:28] Writing log to: prokka_output/M1809960828/M1809960828.log
[11:42:28] Command: /home/frederick/anaconda3/envs/prokka/bin/prokka mags/M1809960828.fna --outdir prokka_output/M1809960828 --prefix M1809960828 --compliant --force
[11:42:28] Appending to PATH: /home/frederick/anaconda3/envs/prokka/bin
[11:42:28] Looking for 'aragorn' - found /home/frederick/anaconda3/envs/prokka/bin/aragorn
[11:42:28] Determined aragorn version is 001002 from 'ARAGORN v1.2.41 Dean Laslett'
[11:42:28] Looking for 'barrnap' - found /home/frederick/anaconda3/envs/prokka/bin/barrnap
[11:42:28] Determined barrnap version is 000009 from 'barrnap 0.9'
[11:42:28] Looking for 'blastp' - found /home/frederick/anaconda3/envs/prokka/bin/blastp
[11:42:28] Determined blastp version is 002016 from 'blastp: 2.16.0+'
[11:42:28] Looking for 'cmpress' - found /home/frederick/anaconda3/envs/prokka/bin/cmpress
[11:42:28] Determined cmpress version is 001001 from '# INFERNAL 1.1.5 (Sep 2023)'
[11:42:28] Looking for 'cmscan' - found /home/frederick/anaconda3/envs/prokka/bin/cmscan
[11:42:28] Determined cmscan version is 001001 from '# INFERNAL 1.1.5 (Sep 2023)'
[11:42:28] Looking for 'egrep' - found /usr/bin/egrep
[11:42:28] Looking for 'find' - found /usr/bin/find
[11:42:28] Looking for 'grep' - found /usr/bin/grep
[11:42:28] Looking for 'hmmpress' - found /home/frederick/anaconda3/envs/prokka/bin/hmmpress
[11:42:28] Determined hmmpress version is 003004 from '# HMMER 3.4 (Aug 2023); http://hmmer.org/'
[11:42:28] Looking for 'hmmscan' - found /home/frederick/anaconda3/envs/prokka/bin/hmmscan
[11:42:28] Determined hmmscan version is 003004 from '# HMMER 3.4 (Aug 2023); http://hmmer.org/'
[11:42:28] Looking for 'java' - found /home/frederick/anaconda3/envs/prokka/bin/java
[11:42:28] Looking for 'makeblastdb' - found /home/frederick/anaconda3/envs/prokka/bin/makeblastdb
[11:42:28] Determined makeblastdb version is 002016 from 'makeblastdb: 2.16.0+'
[11:42:28] Looking for 'minced' - found /home/frederick/anaconda3/envs/prokka/bin/minced
[11:42:28] Determined minced version is 004002 from 'minced 0.4.2'
[11:42:28] Looking for 'parallel' - found /home/frederick/anaconda3/envs/prokka/bin/parallel
[11:42:28] Determined parallel version is 20250222 from 'GNU parallel 20250222'
[11:42:28] Looking for 'prodigal' - found /home/frederick/anaconda3/envs/prokka/bin/prodigal
[11:42:28] Determined prodigal version is 002006 from 'Prodigal V2.6.3: February, 2016'
[11:42:28] Looking for 'prokka-genbank_to_fasta_db' - found /home/frederick/anaconda3/envs/prokka/bin/prokka-genbank_to_fasta_db
[11:42:29] Looking for 'sed' - found /usr/bin/sed
[11:42:29] Looking for 'tbl2asn' - found /home/frederick/anaconda3/envs/prokka/bin/tbl2asn
[11:42:29] Determined tbl2asn version is 025007 from 'tbl2asn 25.7   arguments:'
[11:42:29] Using genetic code table 11.
[11:42:29] Loading and checking input file: mags/M1809960828.fna
[11:42:29] Wrote 307 contigs totalling 932579 bp.
[11:42:29] Predicting tRNAs and tmRNAs
[11:42:29] Running: aragorn -l -gc11  -w prokka_output\/M1809960828\/M1809960828\.fna
[11:42:29] 1 tRNA-Arg [557,631] 35 (tcg)
[11:42:29] 2 tRNA-Arg [1691,1765] 35 (cct)
[11:42:29] 1 tRNA-Ser c[1373,1462] 35 (gga)
[11:42:29] 1 tRNA-Leu [2936,3020] 35 (caa)
[11:42:30] Found 4 tRNAs
[11:42:30] Predicting Ribosomal RNAs
[11:42:30] Running Barrnap with 8 threads
[11:42:30] 1 gnl|Prokka|JNKBDPAB_136 2750 5S ribosomal RNA (partial)
[11:42:30] Found 1 rRNAs
[11:42:30] Skipping ncRNA search, enable with --rfam if desired.
[11:42:30] Total of 5 tRNA + rRNA features
[11:42:30] Searching for CRISPR repeats
[11:42:30] Found 0 CRISPRs
[11:42:30] Predicting coding sequences
[11:42:30] Contigs total 932579 bp, so using single mode
[11:42:30] Running: prodigal -i prokka_output\/M1809960828\/M1809960828\.fna -c -m -g 11 -p single -f sco -q
[11:42:32] Found 807 CDS
[11:42:32] Connecting features back to sequences
[11:42:32] Not using genus-specific database. Try --usegenus to enable it.
[11:42:32] Annotating CDS, please be patient.
[11:42:32] Will use 8 CPUs for similarity searching.
[11:42:32] There are still 807 unannotated CDS left (started with 807)
[11:42:32] Will use blast to search against /home/frederick/anaconda3/envs/prokka/db/kingdom/Bacteria/IS with 8 CPUs
[11:42:32] Running: cat prokka_output\/M1809960828\/M1809960828\.IS\.tmp\.32834\.faa | parallel --gnu --plain -j 8 --block 13686 --recstart '>' --pipe blastp -query - -db /home/frederick/anaconda3/envs/prokka/db/kingdom/Bacteria/IS -evalue 1e-30 -qcov_hsp_perc 90 -num_threads 1 -num_descriptions 1 -num_alignments 1 -seg no > prokka_output\/M1809960828\/M1809960828\.IS\.tmp\.32834\.blast 2> /dev/null
[11:42:35] Deleting unwanted file: prokka_output/M1809960828/M1809960828.IS.tmp.32834.faa
[11:42:35] Deleting unwanted file: prokka_output/M1809960828/M1809960828.IS.tmp.32834.blast
[11:42:35] There are still 807 unannotated CDS left (started with 807)
[11:42:35] Will use blast to search against /home/frederick/anaconda3/envs/prokka/db/kingdom/Bacteria/AMR with 8 CPUs
[11:42:35] Running: cat prokka_output\/M1809960828\/M1809960828\.AMR\.tmp\.32834\.faa | parallel --gnu --plain -j 8 --block 13686 --recstart '>' --pipe blastp -query - -db /home/frederick/anaconda3/envs/prokka/db/kingdom/Bacteria/AMR -evalue 1e-300 -qcov_hsp_perc 90 -num_threads 1 -num_descriptions 1 -num_alignments 1 -seg no > prokka_output\/M1809960828\/M1809960828\.AMR\.tmp\.32834\.blast 2> /dev/null
[11:42:37] Deleting unwanted file: prokka_output/M1809960828/M1809960828.AMR.tmp.32834.faa
[11:42:37] Deleting unwanted file: prokka_output/M1809960828/M1809960828.AMR.tmp.32834.blast
[11:42:37] There are still 806 unannotated CDS left (started with 807)
[11:42:37] Will use blast to search against /home/frederick/anaconda3/envs/prokka/db/kingdom/Bacteria/sprot with 8 CPUs
[11:42:37] Running: cat prokka_output\/M1809960828\/M1809960828\.sprot\.tmp\.32834\.faa | parallel --gnu --plain -j 8 --block 13623 --recstart '>' --pipe blastp -query - -db /home/frederick/anaconda3/envs/prokka/db/kingdom/Bacteria/sprot -evalue 1e-09 -qcov_hsp_perc 80 -num_threads 1 -num_descriptions 1 -num_alignments 1 -seg no > prokka_output\/M1809960828\/M1809960828\.sprot\.tmp\.32834\.blast 2> /dev/null
[11:42:48] Modify product: UPF0102 protein RPA0323 => hypothetical protein
[11:42:48] Modify product: Putative lipid kinase SP_1045 => Putative lipid kinase
[11:42:48] Modify product: UPF0297 protein EF_1202 => hypothetical protein
[11:42:48] Modify product: UPF0053 protein Rv2366c => hypothetical protein
[11:42:48] Modify product: Probable cobalt-factor III C(17)-methyltransferase => putative cobalt-factor III C(17)-methyltransferase
[11:42:48] Modify product: Probable tRNA sulfurtransferase => putative tRNA sulfurtransferase
[11:42:48] Modify product: UPF0145 protein YbjQ => hypothetical protein
[11:42:48] Modify product: Uncharacterized protein YqeY => putative protein YqeY
[11:42:48] Modify product: Uncharacterized ABC transporter ATP-binding protein YknY => putative ABC transporter ATP-binding protein YknY
[11:42:48] Modify product: Probable siderophore transport system permease protein YfhA => putative siderophore transport system permease protein YfhA
[11:42:48] Modify product: Probable ribosomal protein YlxQ => putative ribosomal protein YlxQ
[11:42:48] Modify product: Probable transcriptional regulatory protein DVU_2259 => putative transcriptional regulatory protein
[11:42:49] Modify product: Uncharacterized metal-dependent hydrolase YcfH => putative metal-dependent hydrolase YcfH
[11:42:49] Modify product: Probable bacterial non-heme ferritin => putative bacterial non-heme ferritin
[11:42:49] Modify product: Probable pyridine nucleotide-disulfide oxidoreductase RclA => putative pyridine nucleotide-disulfide oxidoreductase RclA
[11:42:49] Modify product: Probable ABC transporter ATP-binding/permease protein HI_0664 => putative ABC transporter ATP-binding/permease protein
[11:42:49] Modify product: Putative multidrug export ATP-binding/permease protein SAV1866 => Putative multidrug export ATP-binding/permease protein
[11:42:49] Modify product: UPF0051 protein SA0778 => hypothetical protein
[11:42:49] Modify product: Uncharacterized protein Rv2927c => putative protein
[11:42:49] Modify product: Probable cell division protein WhiA => putative cell division protein WhiA
[11:42:49] Modify product: 23S rRNA 5-hydroxycytidine C2501 synthase => 23S rRNA 5-hydroxycytidine synthase
[11:42:49] Modify product: Probable phosphatase Rv3661 => putative phosphatase
[11:42:49] Modify product: Uncharacterized protein Spy1535 => putative protein
[11:42:49] Modify product: Dihydroorotate dehydrogenase B (NAD(+)), electron transfer subunit homolog => Dihydroorotate dehydrogenase B (NAD(+)), electron transfer subunit 
[11:42:49] Modify product: Uncharacterized ABC transporter ATP-binding protein Rv1273c => putative ABC transporter ATP-binding protein
[11:42:49] Modify product: TelA-like protein SA1238 => TelA-like protein
[11:42:49] Modify product: UPF0758 protein YsxA => hypothetical protein
[11:42:49] Modify product: Uncharacterized protein Spy1614 => putative protein
[11:42:49] Modify product: Probable glucosamine-6-phosphate deaminase 2 => putative glucosamine-6-phosphate deaminase 2
[11:42:49] Modify product: Probable protein kinase UbiB => putative protein kinase UbiB
[11:42:49] Modify product: UPF0701 protein YicC => hypothetical protein
[11:42:49] Modify product: DegV domain-containing protein MW1315 => DegV domain-containing protein
[11:42:49] Modify product: Nucleoid-associated protein Cthe_2143 => Nucleoid-associated protein
[11:42:49] Modify product: GTP cyclohydrolase 1 type 2 homolog => GTP cyclohydrolase 1 type 2 
[11:42:49] Modify product: Putative metallophosphoesterase MG207 homolog => Putative metallophosphoesterase MG207 
[11:42:49] Modify product: Nucleotidase CA_C3379 => Nucleotidase
[11:42:49] Cleaned 36 /product names
[11:42:49] Deleting unwanted file: prokka_output/M1809960828/M1809960828.sprot.tmp.32834.faa
[11:42:49] Deleting unwanted file: prokka_output/M1809960828/M1809960828.sprot.tmp.32834.blast
[11:42:49] There are still 364 unannotated CDS left (started with 807)
[11:42:49] Will use hmmer3 to search against /home/frederick/anaconda3/envs/prokka/db/hmm/HAMAP.hmm with 8 CPUs
[11:42:49] Running: cat prokka_output\/M1809960828\/M1809960828\.HAMAP\.hmm\.tmp\.32834\.faa | parallel --gnu --plain -j 8 --block 5678 --recstart '>' --pipe hmmscan --noali --notextw --acc -E 1e-09 --cpu 1 /home/frederick/anaconda3/envs/prokka/db/hmm/HAMAP.hmm /dev/stdin > prokka_output\/M1809960828\/M1809960828\.HAMAP\.hmm\.tmp\.32834\.hmmer3 2> /dev/null
[11:42:53] Deleting unwanted file: prokka_output/M1809960828/M1809960828.HAMAP.hmm.tmp.32834.faa
[11:42:53] Deleting unwanted file: prokka_output/M1809960828/M1809960828.HAMAP.hmm.tmp.32834.hmmer3
[11:42:53] Labelling remaining 317 proteins as 'hypothetical protein'
[11:42:53] Possible /pseudo 'Ktr system potassium uptake protein A' at gnl|Prokka|JNKBDPAB_93 position 300
[11:42:53] Possible /pseudo 'Protein YhgF' at gnl|Prokka|JNKBDPAB_141 position 799
[11:42:53] Found 421 unique /gene codes.
[11:42:53] Fixed 2 duplicate /gene - hpt_1 hpt_2
[11:42:53] Fixed 2 duplicate /gene - murE_1 murE_2
[11:42:53] Fixed 2 duplicate /gene - acpP_1 acpP_2
[11:42:53] Fixed 3 duplicate /gene - mepA_1 mepA_2 mepA_3
[11:42:53] Fixed 2 duplicate /gene - pepD_1 pepD_2
[11:42:53] Fixed 2 duplicate /gene - yhgF_1 yhgF_2
[11:42:53] Fixed 2 duplicate /gene - cysG_1 cysG_2
[11:42:53] Fixed 2 duplicate /gene - btuD_1 btuD_2
[11:42:53] Fixed 3 duplicate /gene - lytC_1 lytC_2 lytC_3
[11:42:53] Fixed 2 duplicate /gene - lnrL_1 lnrL_2
[11:42:53] Fixed 2 duplicate /gene - lysN_1 lysN_2
[11:42:53] Fixed 2 duplicate /gene - pta_1 pta_2
[11:42:53] Fixed 2 duplicate /gene - regX3_1 regX3_2
[11:42:53] Fixed 2 duplicate /gene - hmo_1 hmo_2
[11:42:53] Fixed 2 duplicate /gene - dnaC_1 dnaC_2
[11:42:53] Fixed 2 duplicate /gene - ktrA_1 ktrA_2
[11:42:53] Fixed 2 duplicate /gene - mreB_1 mreB_2
[11:42:53] Fixed 17 colliding /gene names.
[11:42:53] Adding /locus_tag identifiers
[11:42:53] Assigned 812 locus_tags to CDS and RNA features.
[11:42:53] Writing outputs to prokka_output/M1809960828/
[11:42:54] Generating annotation statistics file
[11:42:54] Generating Genbank and Sequin files
[11:42:54] Running: tbl2asn -V b -a r10k -l paired-ends -M n -N 1 -y 'Annotated using prokka 1.14.6 from https://github.com/tseemann/prokka' -Z prokka_output\/M1809960828\/M1809960828\.err -i prokka_output\/M1809960828\/M1809960828\.fsa 2> /dev/null
[11:42:59] Deleting unwanted file: prokka_output/M1809960828/errorsummary.val
[11:42:59] Deleting unwanted file: prokka_output/M1809960828/M1809960828.dr
[11:42:59] Deleting unwanted file: prokka_output/M1809960828/M1809960828.fixedproducts
[11:42:59] Deleting unwanted file: prokka_output/M1809960828/M1809960828.ecn
[11:42:59] Deleting unwanted file: prokka_output/M1809960828/M1809960828.val
[11:42:59] Repairing broken .GBK output that tbl2asn produces...
[11:42:59] Running: sed 's/COORDINATES: profile/COORDINATES:profile/' < prokka_output\/M1809960828\/M1809960828\.gbf > prokka_output\/M1809960828\/M1809960828\.gbk
[11:43:00] Deleting unwanted file: prokka_output/M1809960828/M1809960828.gbf
[11:43:00] Output files:
[11:43:00] prokka_output/M1809960828/M1809960828.err
[11:43:00] prokka_output/M1809960828/M1809960828.faa
[11:43:00] prokka_output/M1809960828/M1809960828.ffn
[11:43:00] prokka_output/M1809960828/M1809960828.fna
[11:43:00] prokka_output/M1809960828/M1809960828.fsa
[11:43:00] prokka_output/M1809960828/M1809960828.gbk
[11:43:00] prokka_output/M1809960828/M1809960828.gff
[11:43:00] prokka_output/M1809960828/M1809960828.log
[11:43:00] prokka_output/M1809960828/M1809960828.sqn
[11:43:00] prokka_output/M1809960828/M1809960828.tbl
[11:43:00] prokka_output/M1809960828/M1809960828.tsv
[11:43:00] prokka_output/M1809960828/M1809960828.txt
[11:43:00] Annotation finished successfully.
[11:43:00] Walltime used: 0.53 minutes
[11:43:00] If you use this result please cite the Prokka paper:
[11:43:00] Seemann T (2014) Prokka: rapid prokaryotic genome annotation. Bioinformatics. 30(14):2068-9.
[11:43:00] Type 'prokka --citation' for more details.
[11:43:00] Thank you, come again.
