[11:45:06] This is prokka 1.14.6
[11:45:06] Written by Torsten Seemann <torsten.seemann@gmail.com>
[11:45:06] Homepage is https://github.com/tseemann/prokka
[11:45:06] Local time is Tue Apr  1 11:45:06 2025
[11:45:06] You are frederick
[11:45:06] Operating system is linux
[11:45:06] You have BioPerl 1.7.8
[11:45:06] System has 12 cores.
[11:45:06] Will use maximum of 8 cores.
[11:45:06] Annotating as >>> Bacteria <<<
[11:45:06] Generating locus_tag from 'mags/M1880016536.fna' contents.
[11:45:07] Setting --locustag JDHLPIAI from MD5 3d1592a2b3826293b046129540bb998e
[11:45:07] Enabling options to ensure Genbank/ENA/DDJB submission compliance.
[11:45:07] Re-using existing --outdir prokka_output/M1880016536
[11:45:07] Using filename prefix: M1880016536.XXX
[11:45:07] Setting HMMER_NCPU=1
[11:45:07] Writing log to: prokka_output/M1880016536/M1880016536.log
[11:45:07] Command: /home/frederick/anaconda3/envs/prokka/bin/prokka mags/M1880016536.fna --outdir prokka_output/M1880016536 --prefix M1880016536 --compliant --force
[11:45:07] Appending to PATH: /home/frederick/anaconda3/envs/prokka/bin
[11:45:07] Looking for 'aragorn' - found /home/frederick/anaconda3/envs/prokka/bin/aragorn
[11:45:07] Determined aragorn version is 001002 from 'ARAGORN v1.2.41 Dean Laslett'
[11:45:07] Looking for 'barrnap' - found /home/frederick/anaconda3/envs/prokka/bin/barrnap
[11:45:07] Determined barrnap version is 000009 from 'barrnap 0.9'
[11:45:07] Looking for 'blastp' - found /home/frederick/anaconda3/envs/prokka/bin/blastp
[11:45:07] Determined blastp version is 002016 from 'blastp: 2.16.0+'
[11:45:07] Looking for 'cmpress' - found /home/frederick/anaconda3/envs/prokka/bin/cmpress
[11:45:07] Determined cmpress version is 001001 from '# INFERNAL 1.1.5 (Sep 2023)'
[11:45:07] Looking for 'cmscan' - found /home/frederick/anaconda3/envs/prokka/bin/cmscan
[11:45:07] Determined cmscan version is 001001 from '# INFERNAL 1.1.5 (Sep 2023)'
[11:45:07] Looking for 'egrep' - found /usr/bin/egrep
[11:45:07] Looking for 'find' - found /usr/bin/find
[11:45:07] Looking for 'grep' - found /usr/bin/grep
[11:45:07] Looking for 'hmmpress' - found /home/frederick/anaconda3/envs/prokka/bin/hmmpress
[11:45:07] Determined hmmpress version is 003004 from '# HMMER 3.4 (Aug 2023); http://hmmer.org/'
[11:45:07] Looking for 'hmmscan' - found /home/frederick/anaconda3/envs/prokka/bin/hmmscan
[11:45:07] Determined hmmscan version is 003004 from '# HMMER 3.4 (Aug 2023); http://hmmer.org/'
[11:45:07] Looking for 'java' - found /home/frederick/anaconda3/envs/prokka/bin/java
[11:45:07] Looking for 'makeblastdb' - found /home/frederick/anaconda3/envs/prokka/bin/makeblastdb
[11:45:07] Determined makeblastdb version is 002016 from 'makeblastdb: 2.16.0+'
[11:45:07] Looking for 'minced' - found /home/frederick/anaconda3/envs/prokka/bin/minced
[11:45:07] Determined minced version is 004002 from 'minced 0.4.2'
[11:45:07] Looking for 'parallel' - found /home/frederick/anaconda3/envs/prokka/bin/parallel
[11:45:07] Determined parallel version is 20250222 from 'GNU parallel 20250222'
[11:45:07] Looking for 'prodigal' - found /home/frederick/anaconda3/envs/prokka/bin/prodigal
[11:45:07] Determined prodigal version is 002006 from 'Prodigal V2.6.3: February, 2016'
[11:45:07] Looking for 'prokka-genbank_to_fasta_db' - found /home/frederick/anaconda3/envs/prokka/bin/prokka-genbank_to_fasta_db
[11:45:07] Looking for 'sed' - found /usr/bin/sed
[11:45:07] Looking for 'tbl2asn' - found /home/frederick/anaconda3/envs/prokka/bin/tbl2asn
[11:45:07] Determined tbl2asn version is 025007 from 'tbl2asn 25.7   arguments:'
[11:45:07] Using genetic code table 11.
[11:45:07] Loading and checking input file: mags/M1880016536.fna
[11:45:07] Wrote 20 contigs totalling 1099769 bp.
[11:45:07] Predicting tRNAs and tmRNAs
[11:45:07] Running: aragorn -l -gc11  -w prokka_output\/M1880016536\/M1880016536\.fna
[11:45:08] 1 tRNA-Leu c[113566,113650] 35 (caa)
[11:45:08] 1 tmRNA c[109605,109955] 93,125 ANENNLLAA**
[11:45:08] Found 2 tRNAs
[11:45:08] Predicting Ribosomal RNAs
[11:45:08] Running Barrnap with 8 threads
[11:45:09] 1 gnl|Prokka|JDHLPIAI_14 31557 5S ribosomal RNA (partial)
[11:45:09] Found 1 rRNAs
[11:45:09] Skipping ncRNA search, enable with --rfam if desired.
[11:45:09] Total of 2 tRNA + rRNA features
[11:45:09] Searching for CRISPR repeats
[11:45:09] Found 0 CRISPRs
[11:45:09] Predicting coding sequences
[11:45:09] Contigs total 1099769 bp, so using single mode
[11:45:09] Running: prodigal -i prokka_output\/M1880016536\/M1880016536\.fna -c -m -g 11 -p single -f sco -q
[11:45:11] Found 945 CDS
[11:45:11] Connecting features back to sequences
[11:45:11] Not using genus-specific database. Try --usegenus to enable it.
[11:45:11] Annotating CDS, please be patient.
[11:45:11] Will use 8 CPUs for similarity searching.
[11:45:11] There are still 945 unannotated CDS left (started with 945)
[11:45:11] Will use blast to search against /home/frederick/anaconda3/envs/prokka/db/kingdom/Bacteria/IS with 8 CPUs
[11:45:11] Running: cat prokka_output\/M1880016536\/M1880016536\.IS\.tmp\.36424\.faa | parallel --gnu --plain -j 8 --block 20571 --recstart '>' --pipe blastp -query - -db /home/frederick/anaconda3/envs/prokka/db/kingdom/Bacteria/IS -evalue 1e-30 -qcov_hsp_perc 90 -num_threads 1 -num_descriptions 1 -num_alignments 1 -seg no > prokka_output\/M1880016536\/M1880016536\.IS\.tmp\.36424\.blast 2> /dev/null
[11:45:15] Deleting unwanted file: prokka_output/M1880016536/M1880016536.IS.tmp.36424.faa
[11:45:15] Deleting unwanted file: prokka_output/M1880016536/M1880016536.IS.tmp.36424.blast
[11:45:15] There are still 943 unannotated CDS left (started with 945)
[11:45:15] Will use blast to search against /home/frederick/anaconda3/envs/prokka/db/kingdom/Bacteria/AMR with 8 CPUs
[11:45:15] Running: cat prokka_output\/M1880016536\/M1880016536\.AMR\.tmp\.36424\.faa | parallel --gnu --plain -j 8 --block 20543 --recstart '>' --pipe blastp -query - -db /home/frederick/anaconda3/envs/prokka/db/kingdom/Bacteria/AMR -evalue 1e-300 -qcov_hsp_perc 90 -num_threads 1 -num_descriptions 1 -num_alignments 1 -seg no > prokka_output\/M1880016536\/M1880016536\.AMR\.tmp\.36424\.blast 2> /dev/null
[11:45:18] Deleting unwanted file: prokka_output/M1880016536/M1880016536.AMR.tmp.36424.faa
[11:45:18] Deleting unwanted file: prokka_output/M1880016536/M1880016536.AMR.tmp.36424.blast
[11:45:18] There are still 942 unannotated CDS left (started with 945)
[11:45:18] Will use blast to search against /home/frederick/anaconda3/envs/prokka/db/kingdom/Bacteria/sprot with 8 CPUs
[11:45:18] Running: cat prokka_output\/M1880016536\/M1880016536\.sprot\.tmp\.36424\.faa | parallel --gnu --plain -j 8 --block 20477 --recstart '>' --pipe blastp -query - -db /home/frederick/anaconda3/envs/prokka/db/kingdom/Bacteria/sprot -evalue 1e-09 -qcov_hsp_perc 80 -num_threads 1 -num_descriptions 1 -num_alignments 1 -seg no > prokka_output\/M1880016536\/M1880016536\.sprot\.tmp\.36424\.blast 2> /dev/null
[11:45:33] Modify product: Probable nicotinate-nucleotide adenylyltransferase => putative nicotinate-nucleotide adenylyltransferase
[11:45:33] Modify product: Probable cystine transporter YijE => putative cystine transporter YijE
[11:45:33] Modify product: Uncharacterized protein HP_1423 => putative protein
[11:45:33] Modify product: UPF0051 protein SA0778 => hypothetical protein
[11:45:33] Modify product: Probable cysteine desulfurase => putative cysteine desulfurase
[11:45:33] Modify product: Probable phosphatase Rv3661 => putative phosphatase
[11:45:33] Modify product: Nucleotidase CA_C3379 => Nucleotidase
[11:45:33] Modify product: UPF0324 inner membrane protein YeiH => hypothetical protein
[11:45:33] Modify product: Rqc2 homolog RqcH => Rqc2 RqcH
[11:45:33] Modify product: Uncharacterized protein YjdJ => putative protein YjdJ
[11:45:33] Modify product: Probable ribosomal protein YlxQ => putative ribosomal protein YlxQ
[11:45:33] Modify product: Uncharacterized zinc protease Rv2782c => putative zinc protease
[11:45:33] Modify product: Probable transcription repressor NiaR => putative transcription repressor NiaR
[11:45:33] Modify product: Putative multidrug export ATP-binding/permease protein SAV1866 => Putative multidrug export ATP-binding/permease protein
[11:45:33] Modify product: Probable NADH oxidase => putative NADH oxidase
[11:45:33] Modify product: Calcium-transporting ATPase lmo0841 => Calcium-transporting ATPase
[11:45:33] Modify product: UPF0758 protein YsxA => hypothetical protein
[11:45:33] Modify product: Uncharacterized ABC transporter ATP-binding protein YknY => putative ABC transporter ATP-binding protein YknY
[11:45:33] Modify product: Bifunctional protein FolD => Bifunctional protein FolD protein
[11:45:33] Modify product: Probable heme-iron transport system permease protein IsdF => putative heme-iron transport system permease protein IsdF
[11:45:33] Modify product: Probable nicotinate-nucleotide pyrophosphorylase [carboxylating] => putative nicotinate-nucleotide pyrophosphorylase [carboxylating]
[11:45:33] Modify product: Probable M18 family aminopeptidase 2 => putative M18 family aminopeptidase 2
[11:45:33] Modify product: TelA-like protein SA1238 => TelA-like protein
[11:45:33] Modify product: Multidrug efflux system ATP-binding protein Rv1218c => Multidrug efflux system ATP-binding protein
[11:45:33] Modify product: Putative multidrug export ATP-binding/permease protein SAV1866 => Putative multidrug export ATP-binding/permease protein
[11:45:33] Modify product: Uncharacterized ABC transporter ATP-binding protein TM_0288 => putative ABC transporter ATP-binding protein
[11:45:33] Modify product: UPF0701 protein YicC => hypothetical protein
[11:45:33] Modify product: Probable dual-specificity RNA methyltransferase RlmN => putative dual-specificity RNA methyltransferase RlmN
[11:45:33] Modify product: Probable lipid II flippase MurJ => putative lipid II flippase MurJ
[11:45:33] Modify product: Peptidoglycan-N-acetylglucosamine deacetylase BC_3618 => Peptidoglycan-N-acetylglucosamine deacetylase
[11:45:33] Modify product: Uncharacterized protein Spy1614 => putative protein
[11:45:33] Modify product: Uncharacterized protein SA1069 => putative protein
[11:45:33] Modify product: Uncharacterized protein Rv2927c => putative protein
[11:45:33] Modify product: Uncharacterized protein Spy1535 => putative protein
[11:45:33] Modify product: UPF0073 inner membrane protein YqfA => hypothetical protein
[11:45:33] Modify product: Uncharacterized protein HI_0933 => putative protein
[11:45:33] Modify product: Dihydroorotate dehydrogenase B (NAD(+)), electron transfer subunit homolog => Dihydroorotate dehydrogenase B (NAD(+)), electron transfer subunit 
[11:45:33] Modify product: Probable pyridine nucleotide-disulfide oxidoreductase RclA => putative pyridine nucleotide-disulfide oxidoreductase RclA
[11:45:33] Modify product: Probable tryptophan transport protein => putative tryptophan transport protein
[11:45:33] Modify product: Multidrug efflux system ATP-binding protein Rv1218c => Multidrug efflux system ATP-binding protein
[11:45:33] Modify product: GTP cyclohydrolase 1 type 2 homolog => GTP cyclohydrolase 1 type 2 
[11:45:33] Modify product: Uncharacterized ABC transporter ATP-binding protein YbiT => putative ABC transporter ATP-binding protein YbiT
[11:45:33] Modify product: DegV domain-containing protein MW1315 => DegV domain-containing protein
[11:45:33] Modify product: Uncharacterized metal-dependent hydrolase YcfH => putative metal-dependent hydrolase YcfH
[11:45:33] Modify product: UPF0297 protein EF_1202 => hypothetical protein
[11:45:33] Modify product: Uncharacterized ABC transporter ATP-binding protein TM_0288 => putative ABC transporter ATP-binding protein
[11:45:33] Modify product: UPF0145 protein YbjQ => hypothetical protein
[11:45:33] Modify product: Uncharacterized ABC transporter ATP-binding protein TM_0288 => putative ABC transporter ATP-binding protein
[11:45:33] Modify product: UPF0053 protein HI_0107 => hypothetical protein
[11:45:33] Modify product: Uncharacterized protein YqeN => putative protein YqeN
[11:45:33] Modify product: Uncharacterized protein Rv1488 => putative protein
[11:45:33] Modify product: UPF0371 protein DIP2346 => hypothetical protein
[11:45:33] Modify product: Probable phosphatase YcdX => putative phosphatase YcdX
[11:45:33] Modify product: Probable cell division protein WhiA => putative cell division protein WhiA
[11:45:33] Modify product: UPF0102 protein RPA0323 => hypothetical protein
[11:45:33] Modify product: Probable glucosamine-6-phosphate deaminase 2 => putative glucosamine-6-phosphate deaminase 2
[11:45:33] Cleaned 56 /product names
[11:45:33] Deleting unwanted file: prokka_output/M1880016536/M1880016536.sprot.tmp.36424.faa
[11:45:33] Deleting unwanted file: prokka_output/M1880016536/M1880016536.sprot.tmp.36424.blast
[11:45:34] There are still 433 unannotated CDS left (started with 945)
[11:45:34] Will use hmmer3 to search against /home/frederick/anaconda3/envs/prokka/db/hmm/HAMAP.hmm with 8 CPUs
[11:45:34] Running: cat prokka_output\/M1880016536\/M1880016536\.HAMAP\.hmm\.tmp\.36424\.faa | parallel --gnu --plain -j 8 --block 9092 --recstart '>' --pipe hmmscan --noali --notextw --acc -E 1e-09 --cpu 1 /home/frederick/anaconda3/envs/prokka/db/hmm/HAMAP.hmm /dev/stdin > prokka_output\/M1880016536\/M1880016536\.HAMAP\.hmm\.tmp\.36424\.hmmer3 2> /dev/null
[11:45:38] Modify product: Uncharacterized Nudix hydrolase NudL => putative Nudix hydrolase NudL
[11:45:38] Cleaned 1 /product names
[11:45:38] Deleting unwanted file: prokka_output/M1880016536/M1880016536.HAMAP.hmm.tmp.36424.faa
[11:45:38] Deleting unwanted file: prokka_output/M1880016536/M1880016536.HAMAP.hmm.tmp.36424.hmmer3
[11:45:38] Labelling remaining 374 proteins as 'hypothetical protein'
[11:45:38] Possible /pseudo 'Putative fluoride ion transporter CrcB' at gnl|Prokka|JDHLPIAI_1 position 138365
[11:45:38] Possible /pseudo 'putative protein' at gnl|Prokka|JDHLPIAI_13 position 11825
[11:45:38] Found 484 unique /gene codes.
[11:45:38] Fixed 3 duplicate /gene - brnQ_1 brnQ_2 brnQ_3
[11:45:38] Fixed 2 duplicate /gene - gap_1 gap_2
[11:45:38] Fixed 2 duplicate /gene - lolD_1 lolD_2
[11:45:38] Fixed 2 duplicate /gene - cysG_1 cysG_2
[11:45:38] Fixed 2 duplicate /gene - artQ_1 artQ_2
[11:45:38] Fixed 2 duplicate /gene - smc_1 smc_2
[11:45:38] Fixed 2 duplicate /gene - prpC_1 prpC_2
[11:45:38] Fixed 2 duplicate /gene - rhaR_1 rhaR_2
[11:45:38] Fixed 3 duplicate /gene - ykoD_1 ykoD_2 ykoD_3
[11:45:38] Fixed 2 duplicate /gene - msbA_1 msbA_2
[11:45:38] Fixed 5 duplicate /gene - lytC_1 lytC_2 lytC_3 lytC_4 lytC_5
[11:45:38] Fixed 2 duplicate /gene - comEC_1 comEC_2
[11:45:38] Fixed 2 duplicate /gene - artP_1 artP_2
[11:45:38] Fixed 2 duplicate /gene - artM_1 artM_2
[11:45:38] Fixed 2 duplicate /gene - btuD_1 btuD_2
[11:45:38] Fixed 2 duplicate /gene - tuaG_1 tuaG_2
[11:45:38] Fixed 2 duplicate /gene - alaS_1 alaS_2
[11:45:38] Fixed 2 duplicate /gene - phoP_1 phoP_2
[11:45:38] Fixed 2 duplicate /gene - rluD_1 rluD_2
[11:45:38] Fixed 5 duplicate /gene - mepA_1 mepA_2 mepA_3 mepA_4 mepA_5
[11:45:38] Fixed 2 duplicate /gene - ecsA_1 ecsA_2
[11:45:38] Fixed 2 duplicate /gene - ecfT_1 ecfT_2
[11:45:38] Fixed 2 duplicate /gene - polC_1 polC_2
[11:45:38] Fixed 2 duplicate /gene - crcB_1 crcB_2
[11:45:38] Fixed 3 duplicate /gene - sasA_1 sasA_2 sasA_3
[11:45:38] Fixed 2 duplicate /gene - hmo_1 hmo_2
[11:45:38] Fixed 2 duplicate /gene - murJ_1 murJ_2
[11:45:38] Fixed 2 duplicate /gene - sigM_1 sigM_2
[11:45:38] Fixed 28 colliding /gene names.
[11:45:38] Adding /locus_tag identifiers
[11:45:38] Assigned 948 locus_tags to CDS and RNA features.
[11:45:38] Writing outputs to prokka_output/M1880016536/
[11:45:39] Generating annotation statistics file
[11:45:39] Generating Genbank and Sequin files
[11:45:39] Running: tbl2asn -V b -a r10k -l paired-ends -M n -N 1 -y 'Annotated using prokka 1.14.6 from https://github.com/tseemann/prokka' -Z prokka_output\/M1880016536\/M1880016536\.err -i prokka_output\/M1880016536\/M1880016536\.fsa 2> /dev/null
[11:45:45] Deleting unwanted file: prokka_output/M1880016536/errorsummary.val
[11:45:45] Deleting unwanted file: prokka_output/M1880016536/M1880016536.dr
[11:45:45] Deleting unwanted file: prokka_output/M1880016536/M1880016536.fixedproducts
[11:45:45] Deleting unwanted file: prokka_output/M1880016536/M1880016536.ecn
[11:45:45] Deleting unwanted file: prokka_output/M1880016536/M1880016536.val
[11:45:45] Repairing broken .GBK output that tbl2asn produces...
[11:45:45] Running: sed 's/COORDINATES: profile/COORDINATES:profile/' < prokka_output\/M1880016536\/M1880016536\.gbf > prokka_output\/M1880016536\/M1880016536\.gbk
[11:45:46] Deleting unwanted file: prokka_output/M1880016536/M1880016536.gbf
[11:45:46] Output files:
[11:45:46] prokka_output/M1880016536/M1880016536.err
[11:45:46] prokka_output/M1880016536/M1880016536.faa
[11:45:46] prokka_output/M1880016536/M1880016536.ffn
[11:45:46] prokka_output/M1880016536/M1880016536.fna
[11:45:46] prokka_output/M1880016536/M1880016536.fsa
[11:45:46] prokka_output/M1880016536/M1880016536.gbk
[11:45:46] prokka_output/M1880016536/M1880016536.gff
[11:45:46] prokka_output/M1880016536/M1880016536.log
[11:45:46] prokka_output/M1880016536/M1880016536.sqn
[11:45:46] prokka_output/M1880016536/M1880016536.tbl
[11:45:46] prokka_output/M1880016536/M1880016536.tsv
[11:45:46] prokka_output/M1880016536/M1880016536.txt
[11:45:46] Annotation finished successfully.
[11:45:46] Walltime used: 0.67 minutes
[11:45:46] If you use this result please cite the Prokka paper:
[11:45:46] Seemann T (2014) Prokka: rapid prokaryotic genome annotation. Bioinformatics. 30(14):2068-9.
[11:45:46] Type 'prokka --citation' for more details.
[11:45:46] Thank you, come again.
