[11:44:03] This is prokka 1.14.6
[11:44:03] Written by Torsten Seemann <torsten.seemann@gmail.com>
[11:44:03] Homepage is https://github.com/tseemann/prokka
[11:44:03] Local time is Tue Apr  1 11:44:03 2025
[11:44:03] You are frederick
[11:44:03] Operating system is linux
[11:44:03] You have BioPerl 1.7.8
[11:44:03] System has 12 cores.
[11:44:03] Will use maximum of 8 cores.
[11:44:03] Annotating as >>> Bacteria <<<
[11:44:03] Generating locus_tag from 'mags/M1834217658.fna' contents.
[11:44:03] Setting --locustag BGOMHBMC from MD5 b0861b6c9da093c47b79161afdf5ce1f
[11:44:03] Enabling options to ensure Genbank/ENA/DDJB submission compliance.
[11:44:03] Re-using existing --outdir prokka_output/M1834217658
[11:44:03] Using filename prefix: M1834217658.XXX
[11:44:03] Setting HMMER_NCPU=1
[11:44:03] Writing log to: prokka_output/M1834217658/M1834217658.log
[11:44:03] Command: /home/frederick/anaconda3/envs/prokka/bin/prokka mags/M1834217658.fna --outdir prokka_output/M1834217658 --prefix M1834217658 --compliant --force
[11:44:03] Appending to PATH: /home/frederick/anaconda3/envs/prokka/bin
[11:44:03] Looking for 'aragorn' - found /home/frederick/anaconda3/envs/prokka/bin/aragorn
[11:44:03] Determined aragorn version is 001002 from 'ARAGORN v1.2.41 Dean Laslett'
[11:44:03] Looking for 'barrnap' - found /home/frederick/anaconda3/envs/prokka/bin/barrnap
[11:44:03] Determined barrnap version is 000009 from 'barrnap 0.9'
[11:44:03] Looking for 'blastp' - found /home/frederick/anaconda3/envs/prokka/bin/blastp
[11:44:03] Determined blastp version is 002016 from 'blastp: 2.16.0+'
[11:44:03] Looking for 'cmpress' - found /home/frederick/anaconda3/envs/prokka/bin/cmpress
[11:44:03] Determined cmpress version is 001001 from '# INFERNAL 1.1.5 (Sep 2023)'
[11:44:03] Looking for 'cmscan' - found /home/frederick/anaconda3/envs/prokka/bin/cmscan
[11:44:03] Determined cmscan version is 001001 from '# INFERNAL 1.1.5 (Sep 2023)'
[11:44:03] Looking for 'egrep' - found /usr/bin/egrep
[11:44:03] Looking for 'find' - found /usr/bin/find
[11:44:03] Looking for 'grep' - found /usr/bin/grep
[11:44:03] Looking for 'hmmpress' - found /home/frederick/anaconda3/envs/prokka/bin/hmmpress
[11:44:03] Determined hmmpress version is 003004 from '# HMMER 3.4 (Aug 2023); http://hmmer.org/'
[11:44:03] Looking for 'hmmscan' - found /home/frederick/anaconda3/envs/prokka/bin/hmmscan
[11:44:03] Determined hmmscan version is 003004 from '# HMMER 3.4 (Aug 2023); http://hmmer.org/'
[11:44:03] Looking for 'java' - found /home/frederick/anaconda3/envs/prokka/bin/java
[11:44:03] Looking for 'makeblastdb' - found /home/frederick/anaconda3/envs/prokka/bin/makeblastdb
[11:44:04] Determined makeblastdb version is 002016 from 'makeblastdb: 2.16.0+'
[11:44:04] Looking for 'minced' - found /home/frederick/anaconda3/envs/prokka/bin/minced
[11:44:04] Determined minced version is 004002 from 'minced 0.4.2'
[11:44:04] Looking for 'parallel' - found /home/frederick/anaconda3/envs/prokka/bin/parallel
[11:44:04] Determined parallel version is 20250222 from 'GNU parallel 20250222'
[11:44:04] Looking for 'prodigal' - found /home/frederick/anaconda3/envs/prokka/bin/prodigal
[11:44:04] Determined prodigal version is 002006 from 'Prodigal V2.6.3: February, 2016'
[11:44:04] Looking for 'prokka-genbank_to_fasta_db' - found /home/frederick/anaconda3/envs/prokka/bin/prokka-genbank_to_fasta_db
[11:44:04] Looking for 'sed' - found /usr/bin/sed
[11:44:04] Looking for 'tbl2asn' - found /home/frederick/anaconda3/envs/prokka/bin/tbl2asn
[11:44:04] Determined tbl2asn version is 025007 from 'tbl2asn 25.7   arguments:'
[11:44:04] Using genetic code table 11.
[11:44:04] Loading and checking input file: mags/M1834217658.fna
[11:44:04] Wrote 42 contigs totalling 1822747 bp.
[11:44:04] Predicting tRNAs and tmRNAs
[11:44:04] Running: aragorn -l -gc11  -w prokka_output\/M1834217658\/M1834217658\.fna
[11:44:05] 1 tmRNA [233610,233960] 93,125 ANENNLLAA**
[11:44:05] 1 tRNA-Val [52,127] 34 (tac)
[11:44:05] 2 tRNA-Asp [135,211] 35 (gtc)
[11:44:05] 3 tRNA-Gly [224,298] 33 (gcc)
[11:44:05] 4 tRNA-Pyl [305,380] 37 (cta)
[11:44:05] 1 tRNA-Leu [23450,23534] 35 (caa)
[11:44:05] 1 tRNA-Arg [22317,22391] 35 (tcg)
[11:44:05] 2 tRNA-Arg [23451,23525] 35 (cct)
[11:44:05] 1 tRNA-Ser c[12239,12328] 35 (gga)
[11:44:05] 1 tRNA-Arg [12174,12248] 35 (acg)
[11:44:05] 1 tRNA-Asn [21299,21371] 33 (gtt)
[11:44:05] 2 tRNA-Glu [21381,21454] 35 (ttc)
[11:44:05] 1 tRNA-Gly c[51,124] 33 (tcc)
[11:44:05] 2 tRNA-Glu c[136,207] 34 (ctc)
[11:44:05] Found 14 tRNAs
[11:44:05] Predicting Ribosomal RNAs
[11:44:05] Running Barrnap with 8 threads
[11:44:06] 1 gnl|Prokka|BGOMHBMC_11 2 5S ribosomal RNA (partial)
[11:44:06] 2 gnl|Prokka|BGOMHBMC_18 16 5S ribosomal RNA
[11:44:06] 3 gnl|Prokka|BGOMHBMC_28 21186 5S ribosomal RNA
[11:44:06] Found 3 rRNAs
[11:44:06] Skipping ncRNA search, enable with --rfam if desired.
[11:44:06] Total of 16 tRNA + rRNA features
[11:44:06] Searching for CRISPR repeats
[11:44:06] CRISPR1 gnl|Prokka|BGOMHBMC_3 19721 with 19 spacers
[11:44:06] CRISPR2 gnl|Prokka|BGOMHBMC_4 46617 with 21 spacers
[11:44:07] Found 2 CRISPRs
[11:44:07] Predicting coding sequences
[11:44:07] Contigs total 1822747 bp, so using single mode
[11:44:07] Running: prodigal -i prokka_output\/M1834217658\/M1834217658\.fna -c -m -g 11 -p single -f sco -q
[11:44:09] Found 1622 CDS
[11:44:09] Connecting features back to sequences
[11:44:09] Not using genus-specific database. Try --usegenus to enable it.
[11:44:09] Annotating CDS, please be patient.
[11:44:09] Will use 8 CPUs for similarity searching.
[11:44:10] There are still 1622 unannotated CDS left (started with 1622)
[11:44:10] Will use blast to search against /home/frederick/anaconda3/envs/prokka/db/kingdom/Bacteria/IS with 8 CPUs
[11:44:10] Running: cat prokka_output\/M1834217658\/M1834217658\.IS\.tmp\.35084\.faa | parallel --gnu --plain -j 8 --block 33797 --recstart '>' --pipe blastp -query - -db /home/frederick/anaconda3/envs/prokka/db/kingdom/Bacteria/IS -evalue 1e-30 -qcov_hsp_perc 90 -num_threads 1 -num_descriptions 1 -num_alignments 1 -seg no > prokka_output\/M1834217658\/M1834217658\.IS\.tmp\.35084\.blast 2> /dev/null
[11:44:15] Deleting unwanted file: prokka_output/M1834217658/M1834217658.IS.tmp.35084.faa
[11:44:15] Deleting unwanted file: prokka_output/M1834217658/M1834217658.IS.tmp.35084.blast
[11:44:16] There are still 1610 unannotated CDS left (started with 1622)
[11:44:16] Will use blast to search against /home/frederick/anaconda3/envs/prokka/db/kingdom/Bacteria/AMR with 8 CPUs
[11:44:16] Running: cat prokka_output\/M1834217658\/M1834217658\.AMR\.tmp\.35084\.faa | parallel --gnu --plain -j 8 --block 33609 --recstart '>' --pipe blastp -query - -db /home/frederick/anaconda3/envs/prokka/db/kingdom/Bacteria/AMR -evalue 1e-300 -qcov_hsp_perc 90 -num_threads 1 -num_descriptions 1 -num_alignments 1 -seg no > prokka_output\/M1834217658\/M1834217658\.AMR\.tmp\.35084\.blast 2> /dev/null
[11:44:20] Deleting unwanted file: prokka_output/M1834217658/M1834217658.AMR.tmp.35084.faa
[11:44:20] Deleting unwanted file: prokka_output/M1834217658/M1834217658.AMR.tmp.35084.blast
[11:44:21] There are still 1609 unannotated CDS left (started with 1622)
[11:44:21] Will use blast to search against /home/frederick/anaconda3/envs/prokka/db/kingdom/Bacteria/sprot with 8 CPUs
[11:44:21] Running: cat prokka_output\/M1834217658\/M1834217658\.sprot\.tmp\.35084\.faa | parallel --gnu --plain -j 8 --block 33543 --recstart '>' --pipe blastp -query - -db /home/frederick/anaconda3/envs/prokka/db/kingdom/Bacteria/sprot -evalue 1e-09 -qcov_hsp_perc 80 -num_threads 1 -num_descriptions 1 -num_alignments 1 -seg no > prokka_output\/M1834217658\/M1834217658\.sprot\.tmp\.35084\.blast 2> /dev/null
[11:44:43] Modify product: Probable cobalt-factor III C(17)-methyltransferase => putative cobalt-factor III C(17)-methyltransferase
[11:44:43] Modify product: Uncharacterized ABC transporter ATP-binding protein Rv0986 => putative ABC transporter ATP-binding protein
[11:44:43] Modify product: Uncharacterized ABC transporter ATP-binding protein YbiT => putative ABC transporter ATP-binding protein YbiT
[11:44:43] Modify product: Probable tRNA sulfurtransferase => putative tRNA sulfurtransferase
[11:44:43] Modify product: Uncharacterized protein YqeY => putative protein YqeY
[11:44:43] Modify product: Uncharacterized protein Spy1535 => putative protein
[11:44:43] Modify product: Uncharacterized protein Rv2927c => putative protein
[11:44:43] Modify product: Uncharacterized protein SA1069 => putative protein
[11:44:43] Modify product: Uncharacterized protein Spy1614 => putative protein
[11:44:43] Modify product: Peptidoglycan-N-acetylglucosamine deacetylase BC_3618 => Peptidoglycan-N-acetylglucosamine deacetylase
[11:44:43] Modify product: Bifunctional protein FolD => Bifunctional protein FolD protein
[11:44:43] Modify product: Probable heme-iron transport system permease protein IsdF => putative heme-iron transport system permease protein IsdF
[11:44:43] Modify product: Dihydroorotate dehydrogenase B (NAD(+)), electron transfer subunit homolog => Dihydroorotate dehydrogenase B (NAD(+)), electron transfer subunit 
[11:44:43] Modify product: Uncharacterized protein HI_0933 => putative protein
[11:44:43] Modify product: Probable lipid II flippase MurJ => putative lipid II flippase MurJ
[11:44:43] Modify product: UPF0371 protein DIP2346 => hypothetical protein
[11:44:43] Modify product: Uncharacterized protein Rv1488 => putative protein
[11:44:43] Modify product: Probable nicotinate-nucleotide pyrophosphorylase [carboxylating] => putative nicotinate-nucleotide pyrophosphorylase [carboxylating]
[11:44:43] Modify product: Probable M18 family aminopeptidase 2 => putative M18 family aminopeptidase 2
[11:44:43] Modify product: Uncharacterized protein YjdJ => putative protein YjdJ
[11:44:43] Modify product: Rqc2 homolog RqcH => Rqc2 RqcH
[11:44:43] Modify product: UPF0324 inner membrane protein YeiH => hypothetical protein
[11:44:43] Modify product: Uncharacterized ABC transporter ATP-binding protein YknY => putative ABC transporter ATP-binding protein YknY
[11:44:43] Modify product: Probable ribosomal protein YlxQ => putative ribosomal protein YlxQ
[11:44:43] Modify product: Uncharacterized protein YqeN => putative protein YqeN
[11:44:43] Modify product: Probable tryptophan transport protein => putative tryptophan transport protein
[11:44:43] Modify product: Multidrug efflux system ATP-binding protein Rv1218c => Multidrug efflux system ATP-binding protein
[11:44:43] Modify product: GTP cyclohydrolase 1 type 2 homolog => GTP cyclohydrolase 1 type 2 
[11:44:43] Modify product: Uncharacterized ABC transporter ATP-binding protein TM_0288 => putative ABC transporter ATP-binding protein
[11:44:43] Modify product: Probable dual-specificity RNA methyltransferase RlmN => putative dual-specificity RNA methyltransferase RlmN
[11:44:43] Modify product: UPF0701 protein YicC => hypothetical protein
[11:44:43] Modify product: Uncharacterized ABC transporter ATP-binding protein YbiT => putative ABC transporter ATP-binding protein YbiT
[11:44:43] Modify product: TelA-like protein SA1238 => TelA-like protein
[11:44:43] Modify product: Uncharacterized zinc protease Rv2782c => putative zinc protease
[11:44:43] Modify product: Fatty acid-binding protein TM_1468 => Fatty acid-binding protein
[11:44:44] Modify product: Probable pyridine nucleotide-disulfide oxidoreductase RclA => putative pyridine nucleotide-disulfide oxidoreductase RclA
[11:44:44] Modify product: Uncharacterized ABC transporter ATP-binding protein YheS => putative ABC transporter ATP-binding protein YheS
[11:44:44] Modify product: UPF0126 inner membrane protein YadS => hypothetical protein
[11:44:44] Modify product: Putative metallophosphoesterase MG207 homolog => Putative metallophosphoesterase MG207 
[11:44:44] Modify product: UPF0337 protein SA1452 => hypothetical protein
[11:44:44] Modify product: UPF0758 protein YsxA => hypothetical protein
[11:44:44] Modify product: Calcium-transporting ATPase lmo0841 => Calcium-transporting ATPase
[11:44:44] Modify product: Probable NADH oxidase => putative NADH oxidase
[11:44:44] Modify product: UPF0053 protein HI_0107 => hypothetical protein
[11:44:44] Modify product: UPF0145 protein YbjQ => hypothetical protein
[11:44:44] Modify product: UPF0297 protein EF_1202 => hypothetical protein
[11:44:44] Modify product: UPF0102 protein RPA0323 => hypothetical protein
[11:44:44] Modify product: Probable transcriptional regulatory protein aq_1575 => putative transcriptional regulatory protein
[11:44:44] Modify product: DegV domain-containing protein SA1258 => DegV domain-containing protein
[11:44:44] Modify product: Putative lipid kinase SP_1045 => Putative lipid kinase
[11:44:44] Modify product: Uncharacterized metal-dependent hydrolase YcfH => putative metal-dependent hydrolase YcfH
[11:44:44] Modify product: UPF0073 inner membrane protein YqfA => hypothetical protein
[11:44:44] Modify product: Uncharacterized protein HP_1423 => putative protein
[11:44:44] Modify product: Probable protein kinase UbiB => putative protein kinase UbiB
[11:44:44] Modify product: Probable glucosamine-6-phosphate deaminase 2 => putative glucosamine-6-phosphate deaminase 2
[11:44:44] Modify product: Probable cystine transporter YijE => putative cystine transporter YijE
[11:44:44] Modify product: Probable nicotinate-nucleotide adenylyltransferase => putative nicotinate-nucleotide adenylyltransferase
[11:44:44] Modify product: Transcriptional repressor SmtB homolog => Transcriptional repressor SmtB 
[11:44:44] Modify product: Probable bacterial non-heme ferritin => putative bacterial non-heme ferritin
[11:44:44] Modify product: DegV domain-containing protein MW1315 => DegV domain-containing protein
[11:44:44] Modify product: Probable ABC transporter ATP-binding/permease protein HI_0664 => putative ABC transporter ATP-binding/permease protein
[11:44:44] Modify product: Putative multidrug export ATP-binding/permease protein SAV1866 => Putative multidrug export ATP-binding/permease protein
[11:44:44] Modify product: Putative multidrug export ATP-binding/permease protein SAV1866 => Putative multidrug export ATP-binding/permease protein
[11:44:44] Modify product: Nucleoid-associated protein Cthe_2143 => Nucleoid-associated protein
[11:44:44] Modify product: UPF0051 protein SA0778 => hypothetical protein
[11:44:44] Modify product: Probable cysteine desulfurase => putative cysteine desulfurase
[11:44:44] Modify product: Probable phosphatase Rv3661 => putative phosphatase
[11:44:44] Modify product: Nucleotidase CA_C3379 => Nucleotidase
[11:44:44] Modify product: Uncharacterized ABC transporter ATP-binding protein TM_0288 => putative ABC transporter ATP-binding protein
[11:44:44] Modify product: Probable cell division protein WhiA => putative cell division protein WhiA
[11:44:44] Modify product: Probable transcription repressor NiaR => putative transcription repressor NiaR
[11:44:44] Modify product: Putative multidrug export ATP-binding/permease protein SAV1866 => Putative multidrug export ATP-binding/permease protein
[11:44:44] Cleaned 72 /product names
[11:44:44] Deleting unwanted file: prokka_output/M1834217658/M1834217658.sprot.tmp.35084.faa
[11:44:44] Deleting unwanted file: prokka_output/M1834217658/M1834217658.sprot.tmp.35084.blast
[11:44:44] There are still 758 unannotated CDS left (started with 1622)
[11:44:44] Will use hmmer3 to search against /home/frederick/anaconda3/envs/prokka/db/hmm/HAMAP.hmm with 8 CPUs
[11:44:44] Running: cat prokka_output\/M1834217658\/M1834217658\.HAMAP\.hmm\.tmp\.35084\.faa | parallel --gnu --plain -j 8 --block 14925 --recstart '>' --pipe hmmscan --noali --notextw --acc -E 1e-09 --cpu 1 /home/frederick/anaconda3/envs/prokka/db/hmm/HAMAP.hmm /dev/stdin > prokka_output\/M1834217658\/M1834217658\.HAMAP\.hmm\.tmp\.35084\.hmmer3 2> /dev/null
[11:44:51] Modify product: Uncharacterized Nudix hydrolase NudL => putative Nudix hydrolase NudL
[11:44:51] Cleaned 1 /product names
[11:44:51] Deleting unwanted file: prokka_output/M1834217658/M1834217658.HAMAP.hmm.tmp.35084.faa
[11:44:51] Deleting unwanted file: prokka_output/M1834217658/M1834217658.HAMAP.hmm.tmp.35084.hmmer3
[11:44:51] Labelling remaining 666 proteins as 'hypothetical protein'
[11:44:51] Possible /pseudo 'putative protein' at gnl|Prokka|BGOMHBMC_1 position 67885
[11:44:51] Possible /pseudo 'Polyisoprenyl-teichoic acid--peptidoglycan teichoic acid transferase TagU' at gnl|Prokka|BGOMHBMC_20 position 1298
[11:44:51] Possible /pseudo 'Putative fluoride ion transporter CrcB' at gnl|Prokka|BGOMHBMC_32 position 14128
[11:44:51] Possible /pseudo 'IS3 family transposase ISEfa10' at gnl|Prokka|BGOMHBMC_35 position 809
[11:44:51] Found 786 unique /gene codes.
[11:44:51] Fixed 2 duplicate /gene - murE_1 murE_2
[11:44:51] Fixed 2 duplicate /gene - artP_1 artP_2
[11:44:51] Fixed 2 duplicate /gene - dapA_1 dapA_2
[11:44:51] Fixed 2 duplicate /gene - prsA_1 prsA_2
[11:44:51] Fixed 2 duplicate /gene - smc_1 smc_2
[11:44:51] Fixed 3 duplicate /gene - sasA_1 sasA_2 sasA_3
[11:44:51] Fixed 2 duplicate /gene - ruvB_1 ruvB_2
[11:44:51] Fixed 2 duplicate /gene - moaA_1 moaA_2
[11:44:51] Fixed 2 duplicate /gene - msbA_1 msbA_2
[11:44:51] Fixed 2 duplicate /gene - pepD_1 pepD_2
[11:44:51] Fixed 2 duplicate /gene - secA_1 secA_2
[11:44:51] Fixed 2 duplicate /gene - rhaR_1 rhaR_2
[11:44:51] Fixed 2 duplicate /gene - phoP_1 phoP_2
[11:44:51] Fixed 2 duplicate /gene - btuD_1 btuD_2
[11:44:51] Fixed 2 duplicate /gene - gap_1 gap_2
[11:44:51] Fixed 5 duplicate /gene - mepA_1 mepA_2 mepA_3 mepA_4 mepA_5
[11:44:51] Fixed 2 duplicate /gene - fldA_1 fldA_2
[11:44:51] Fixed 2 duplicate /gene - sstT_1 sstT_2
[11:44:51] Fixed 2 duplicate /gene - rspR_1 rspR_2
[11:44:51] Fixed 2 duplicate /gene - ftsH_1 ftsH_2
[11:44:51] Fixed 2 duplicate /gene - cobD_1 cobD_2
[11:44:51] Fixed 2 duplicate /gene - dnaA_1 dnaA_2
[11:44:51] Fixed 2 duplicate /gene - artQ_1 artQ_2
[11:44:51] Fixed 3 duplicate /gene - alsT_1 alsT_2 alsT_3
[11:44:51] Fixed 2 duplicate /gene - cpdA_1 cpdA_2
[11:44:51] Fixed 2 duplicate /gene - lexA_1 lexA_2
[11:44:51] Fixed 2 duplicate /gene - pspA_1 pspA_2
[11:44:51] Fixed 2 duplicate /gene - carD_1 carD_2
[11:44:51] Fixed 2 duplicate /gene - crcB_1 crcB_2
[11:44:51] Fixed 4 duplicate /gene - brnQ_1 brnQ_2 brnQ_3 brnQ_4
[11:44:51] Fixed 6 duplicate /gene - lytC_1 lytC_2 lytC_3 lytC_4 lytC_5 lytC_6
[11:44:51] Fixed 2 duplicate /gene - cysG_1 cysG_2
[11:44:51] Fixed 2 duplicate /gene - lysN_1 lysN_2
[11:44:51] Fixed 2 duplicate /gene - hmo_1 hmo_2
[11:44:51] Fixed 2 duplicate /gene - clsA_1 clsA_2
[11:44:51] Fixed 2 duplicate /gene - asd_1 asd_2
[11:44:51] Fixed 2 duplicate /gene - rsxB_1 rsxB_2
[11:44:51] Fixed 2 duplicate /gene - alaS_1 alaS_2
[11:44:51] Fixed 2 duplicate /gene - mtgA_1 mtgA_2
[11:44:51] Fixed 2 duplicate /gene - alr1_1 alr1_2
[11:44:51] Fixed 3 duplicate /gene - bcrA_1 bcrA_2 bcrA_3
[11:44:51] Fixed 2 duplicate /gene - tuaG_1 tuaG_2
[11:44:51] Fixed 2 duplicate /gene - bioB_1 bioB_2
[11:44:51] Fixed 2 duplicate /gene - polC_1 polC_2
[11:44:51] Fixed 2 duplicate /gene - artM_1 artM_2
[11:44:51] Fixed 2 duplicate /gene - COQ5_1 COQ5_2
[11:44:51] Fixed 2 duplicate /gene - fusA_1 fusA_2
[11:44:51] Fixed 2 duplicate /gene - lolD_1 lolD_2
[11:44:51] Fixed 2 duplicate /gene - ugtP_1 ugtP_2
[11:44:51] Fixed 2 duplicate /gene - tagU_1 tagU_2
[11:44:51] Fixed 2 duplicate /gene - rlmL_1 rlmL_2
[11:44:51] Fixed 2 duplicate /gene - carE_1 carE_2
[11:44:51] Fixed 2 duplicate /gene - carA_1 carA_2
[11:44:51] Fixed 2 duplicate /gene - rluD_1 rluD_2
[11:44:51] Fixed 2 duplicate /gene - ybiT_1 ybiT_2
[11:44:51] Fixed 2 duplicate /gene - hadC_1 hadC_2
[11:44:51] Fixed 2 duplicate /gene - macB_1 macB_2
[11:44:51] Fixed 3 duplicate /gene - gloB_1 gloB_2 gloB_3
[11:44:51] Fixed 2 duplicate /gene - sigM_1 sigM_2
[11:44:51] Fixed 2 duplicate /gene - lnrL_1 lnrL_2
[11:44:51] Fixed 2 duplicate /gene - acpP_1 acpP_2
[11:44:51] Fixed 2 duplicate /gene - uvrB_1 uvrB_2
[11:44:51] Fixed 2 duplicate /gene - ykoD_1 ykoD_2
[11:44:51] Fixed 2 duplicate /gene - mnmE_1 mnmE_2
[11:44:51] Fixed 2 duplicate /gene - carC_1 carC_2
[11:44:51] Fixed 2 duplicate /gene - fabG_1 fabG_2
[11:44:51] Fixed 2 duplicate /gene - mreB_1 mreB_2
[11:44:51] Fixed 2 duplicate /gene - hpt_1 hpt_2
[11:44:51] Fixed 68 colliding /gene names.
[11:44:51] Adding /locus_tag identifiers
[11:44:51] Assigned 1639 locus_tags to CDS and RNA features.
[11:44:51] Writing outputs to prokka_output/M1834217658/
[11:44:53] Generating annotation statistics file
[11:44:53] Generating Genbank and Sequin files
[11:44:53] Running: tbl2asn -V b -a r10k -l paired-ends -M n -N 1 -y 'Annotated using prokka 1.14.6 from https://github.com/tseemann/prokka' -Z prokka_output\/M1834217658\/M1834217658\.err -i prokka_output\/M1834217658\/M1834217658\.fsa 2> /dev/null
[11:45:04] Deleting unwanted file: prokka_output/M1834217658/errorsummary.val
[11:45:04] Deleting unwanted file: prokka_output/M1834217658/M1834217658.dr
[11:45:04] Deleting unwanted file: prokka_output/M1834217658/M1834217658.fixedproducts
[11:45:04] Deleting unwanted file: prokka_output/M1834217658/M1834217658.ecn
[11:45:04] Deleting unwanted file: prokka_output/M1834217658/M1834217658.val
[11:45:04] Repairing broken .GBK output that tbl2asn produces...
[11:45:04] Running: sed 's/COORDINATES: profile/COORDINATES:profile/' < prokka_output\/M1834217658\/M1834217658\.gbf > prokka_output\/M1834217658\/M1834217658\.gbk
[11:45:06] Deleting unwanted file: prokka_output/M1834217658/M1834217658.gbf
[11:45:06] Output files:
[11:45:06] prokka_output/M1834217658/M1834217658.err
[11:45:06] prokka_output/M1834217658/M1834217658.faa
[11:45:06] prokka_output/M1834217658/M1834217658.ffn
[11:45:06] prokka_output/M1834217658/M1834217658.fna
[11:45:06] prokka_output/M1834217658/M1834217658.fsa
[11:45:06] prokka_output/M1834217658/M1834217658.gbk
[11:45:06] prokka_output/M1834217658/M1834217658.gff
[11:45:06] prokka_output/M1834217658/M1834217658.log
[11:45:06] prokka_output/M1834217658/M1834217658.sqn
[11:45:06] prokka_output/M1834217658/M1834217658.tbl
[11:45:06] prokka_output/M1834217658/M1834217658.tsv
[11:45:06] prokka_output/M1834217658/M1834217658.txt
[11:45:06] Annotation finished successfully.
[11:45:06] Walltime used: 1.05 minutes
[11:45:06] If you use this result please cite the Prokka paper:
[11:45:06] Seemann T (2014) Prokka: rapid prokaryotic genome annotation. Bioinformatics. 30(14):2068-9.
[11:45:06] Type 'prokka --citation' for more details.
[11:45:06] Share and enjoy!
