[11:34:17] This is prokka 1.14.6
[11:34:17] Written by Torsten Seemann <torsten.seemann@gmail.com>
[11:34:17] Homepage is https://github.com/tseemann/prokka
[11:34:17] Local time is Tue Apr  1 11:34:17 2025
[11:34:17] You are frederick
[11:34:17] Operating system is linux
[11:34:17] You have BioPerl 1.7.8
[11:34:17] System has 12 cores.
[11:34:17] Will use maximum of 8 cores.
[11:34:17] Annotating as >>> Bacteria <<<
[11:34:17] Generating locus_tag from 'mags/M1640524367.fna' contents.
[11:34:17] Setting --locustag PHAIDCFJ from MD5 91a2dcf3ae78d1abef5676d31a43f883
[11:34:17] Enabling options to ensure Genbank/ENA/DDJB submission compliance.
[11:34:17] Re-using existing --outdir prokka_output/M1640524367
[11:34:17] Using filename prefix: M1640524367.XXX
[11:34:17] Setting HMMER_NCPU=1
[11:34:17] Writing log to: prokka_output/M1640524367/M1640524367.log
[11:34:17] Command: /home/frederick/anaconda3/envs/prokka/bin/prokka mags/M1640524367.fna --outdir prokka_output/M1640524367 --prefix M1640524367 --compliant --force
[11:34:17] Appending to PATH: /home/frederick/anaconda3/envs/prokka/bin
[11:34:17] Looking for 'aragorn' - found /home/frederick/anaconda3/envs/prokka/bin/aragorn
[11:34:17] Determined aragorn version is 001002 from 'ARAGORN v1.2.41 Dean Laslett'
[11:34:17] Looking for 'barrnap' - found /home/frederick/anaconda3/envs/prokka/bin/barrnap
[11:34:17] Determined barrnap version is 000009 from 'barrnap 0.9'
[11:34:17] Looking for 'blastp' - found /home/frederick/anaconda3/envs/prokka/bin/blastp
[11:34:17] Determined blastp version is 002016 from 'blastp: 2.16.0+'
[11:34:17] Looking for 'cmpress' - found /home/frederick/anaconda3/envs/prokka/bin/cmpress
[11:34:17] Determined cmpress version is 001001 from '# INFERNAL 1.1.5 (Sep 2023)'
[11:34:17] Looking for 'cmscan' - found /home/frederick/anaconda3/envs/prokka/bin/cmscan
[11:34:17] Determined cmscan version is 001001 from '# INFERNAL 1.1.5 (Sep 2023)'
[11:34:17] Looking for 'egrep' - found /usr/bin/egrep
[11:34:17] Looking for 'find' - found /usr/bin/find
[11:34:17] Looking for 'grep' - found /usr/bin/grep
[11:34:17] Looking for 'hmmpress' - found /home/frederick/anaconda3/envs/prokka/bin/hmmpress
[11:34:17] Determined hmmpress version is 003004 from '# HMMER 3.4 (Aug 2023); http://hmmer.org/'
[11:34:17] Looking for 'hmmscan' - found /home/frederick/anaconda3/envs/prokka/bin/hmmscan
[11:34:17] Determined hmmscan version is 003004 from '# HMMER 3.4 (Aug 2023); http://hmmer.org/'
[11:34:17] Looking for 'java' - found /home/frederick/anaconda3/envs/prokka/bin/java
[11:34:17] Looking for 'makeblastdb' - found /home/frederick/anaconda3/envs/prokka/bin/makeblastdb
[11:34:17] Determined makeblastdb version is 002016 from 'makeblastdb: 2.16.0+'
[11:34:17] Looking for 'minced' - found /home/frederick/anaconda3/envs/prokka/bin/minced
[11:34:17] Determined minced version is 004002 from 'minced 0.4.2'
[11:34:17] Looking for 'parallel' - found /home/frederick/anaconda3/envs/prokka/bin/parallel
[11:34:18] Determined parallel version is 20250222 from 'GNU parallel 20250222'
[11:34:18] Looking for 'prodigal' - found /home/frederick/anaconda3/envs/prokka/bin/prodigal
[11:34:18] Determined prodigal version is 002006 from 'Prodigal V2.6.3: February, 2016'
[11:34:18] Looking for 'prokka-genbank_to_fasta_db' - found /home/frederick/anaconda3/envs/prokka/bin/prokka-genbank_to_fasta_db
[11:34:18] Looking for 'sed' - found /usr/bin/sed
[11:34:18] Looking for 'tbl2asn' - found /home/frederick/anaconda3/envs/prokka/bin/tbl2asn
[11:34:18] Determined tbl2asn version is 025007 from 'tbl2asn 25.7   arguments:'
[11:34:18] Using genetic code table 11.
[11:34:18] Loading and checking input file: mags/M1640524367.fna
[11:34:18] Wrote 31 contigs totalling 1685038 bp.
[11:34:18] Predicting tRNAs and tmRNAs
[11:34:18] Running: aragorn -l -gc11  -w prokka_output\/M1640524367\/M1640524367\.fna
[11:34:19] 1 tRNA-Leu [38837,38921] 35 (caa)
[11:34:19] 1 tRNA-Val [52,127] 34 (tac)
[11:34:19] 2 tRNA-Asp [135,211] 35 (gtc)
[11:34:19] 3 tRNA-Gly [224,298] 33 (gcc)
[11:34:19] 4 tRNA-Pyl [305,380] 37 (cta)
[11:34:19] 1 tmRNA c[8241,8591] 93,125 ANENNLLAA**
[11:34:19] 1 tRNA-Asn [50526,50598] 33 (gtt)
[11:34:19] 2 tRNA-Glu [50609,50683] 34 (ttc)
[11:34:19] 3 tRNA-Val [50687,50762] 34 (tac)
[11:34:19] 1 tRNA-Arg c[28477,28551] 35 (acg)
[11:34:19] 1 tRNA-Arg [12722,12796] 35 (tcg)
[11:34:19] 2 tRNA-Arg [13856,13930] 35 (cct)
[11:34:19] 1 tRNA-Gly c[51,124] 33 (tcc)
[11:34:19] 2 tRNA-Glu c[136,207] 34 (ctc)
[11:34:19] 1 tRNA-Cys c[10915,10986] 33 (gca)
[11:34:19] 2 tRNA-Lys c[11010,11084] 35 (ctt)
[11:34:19] 3 tRNA-Met c[11091,11167] 35 (cat)
[11:34:19] 4 tRNA-Phe c[11182,11257] 34 (gaa)
[11:34:19] 5 tRNA-Ser c[11262,11350] 35 (tga)
[11:34:19] 6 tRNA-Gln c[11373,11448] 34 (ttg)
[11:34:19] 7 tRNA-Leu c[11543,11626] 35 (tag)
[11:34:19] 1 tRNA-Ser c[575,664] 35 (gga)
[11:34:19] Found 22 tRNAs
[11:34:19] Predicting Ribosomal RNAs
[11:34:19] Running Barrnap with 8 threads
[11:34:20] 1 gnl|Prokka|PHAIDCFJ_16 50413 5S ribosomal RNA
[11:34:20] 2 gnl|Prokka|PHAIDCFJ_20 34647 5S ribosomal RNA (partial)
[11:34:20] 3 gnl|Prokka|PHAIDCFJ_27 12840 5S ribosomal RNA (partial)
[11:34:20] Found 3 rRNAs
[11:34:20] Skipping ncRNA search, enable with --rfam if desired.
[11:34:20] Total of 24 tRNA + rRNA features
[11:34:20] Searching for CRISPR repeats
[11:34:20] CRISPR1 gnl|Prokka|PHAIDCFJ_3 80907 with 7 spacers
[11:34:20] Found 1 CRISPRs
[11:34:20] Predicting coding sequences
[11:34:20] Contigs total 1685038 bp, so using single mode
[11:34:20] Running: prodigal -i prokka_output\/M1640524367\/M1640524367\.fna -c -m -g 11 -p single -f sco -q
[11:34:23] Found 1494 CDS
[11:34:23] Connecting features back to sequences
[11:34:23] Not using genus-specific database. Try --usegenus to enable it.
[11:34:23] Annotating CDS, please be patient.
[11:34:23] Will use 8 CPUs for similarity searching.
[11:34:23] There are still 1494 unannotated CDS left (started with 1494)
[11:34:23] Will use blast to search against /home/frederick/anaconda3/envs/prokka/db/kingdom/Bacteria/IS with 8 CPUs
[11:34:23] Running: cat prokka_output\/M1640524367\/M1640524367\.IS\.tmp\.21825\.faa | parallel --gnu --plain -j 8 --block 31083 --recstart '>' --pipe blastp -query - -db /home/frederick/anaconda3/envs/prokka/db/kingdom/Bacteria/IS -evalue 1e-30 -qcov_hsp_perc 90 -num_threads 1 -num_descriptions 1 -num_alignments 1 -seg no > prokka_output\/M1640524367\/M1640524367\.IS\.tmp\.21825\.blast 2> /dev/null
[11:34:28] Deleting unwanted file: prokka_output/M1640524367/M1640524367.IS.tmp.21825.faa
[11:34:28] Deleting unwanted file: prokka_output/M1640524367/M1640524367.IS.tmp.21825.blast
[11:34:29] There are still 1488 unannotated CDS left (started with 1494)
[11:34:29] Will use blast to search against /home/frederick/anaconda3/envs/prokka/db/kingdom/Bacteria/AMR with 8 CPUs
[11:34:29] Running: cat prokka_output\/M1640524367\/M1640524367\.AMR\.tmp\.21825\.faa | parallel --gnu --plain -j 8 --block 30964 --recstart '>' --pipe blastp -query - -db /home/frederick/anaconda3/envs/prokka/db/kingdom/Bacteria/AMR -evalue 1e-300 -qcov_hsp_perc 90 -num_threads 1 -num_descriptions 1 -num_alignments 1 -seg no > prokka_output\/M1640524367\/M1640524367\.AMR\.tmp\.21825\.blast 2> /dev/null
[11:34:33] Deleting unwanted file: prokka_output/M1640524367/M1640524367.AMR.tmp.21825.faa
[11:34:33] Deleting unwanted file: prokka_output/M1640524367/M1640524367.AMR.tmp.21825.blast
[11:34:33] There are still 1487 unannotated CDS left (started with 1494)
[11:34:33] Will use blast to search against /home/frederick/anaconda3/envs/prokka/db/kingdom/Bacteria/sprot with 8 CPUs
[11:34:33] Running: cat prokka_output\/M1640524367\/M1640524367\.sprot\.tmp\.21825\.faa | parallel --gnu --plain -j 8 --block 30899 --recstart '>' --pipe blastp -query - -db /home/frederick/anaconda3/envs/prokka/db/kingdom/Bacteria/sprot -evalue 1e-09 -qcov_hsp_perc 80 -num_threads 1 -num_descriptions 1 -num_alignments 1 -seg no > prokka_output\/M1640524367\/M1640524367\.sprot\.tmp\.21825\.blast 2> /dev/null
[11:34:54] Modify product: Probable cystine transporter YijE => putative cystine transporter YijE
[11:34:54] Modify product: Probable nicotinate-nucleotide adenylyltransferase => putative nicotinate-nucleotide adenylyltransferase
[11:34:54] Modify product: UPF0758 protein YsxA => hypothetical protein
[11:34:54] Modify product: Calcium-transporting ATPase lmo0841 => Calcium-transporting ATPase
[11:34:54] Modify product: Probable NADH oxidase => putative NADH oxidase
[11:34:54] Modify product: Putative multidrug export ATP-binding/permease protein SAV1866 => Putative multidrug export ATP-binding/permease protein
[11:34:54] Modify product: Probable transcription repressor NiaR => putative transcription repressor NiaR
[11:34:54] Modify product: UPF0297 protein EF_1202 => hypothetical protein
[11:34:54] Modify product: Uncharacterized PIN and TRAM-domain containing protein YacL => putative PIN and TRAM-domain containing protein YacL
[11:34:54] Modify product: UPF0337 protein SA1452 => hypothetical protein
[11:34:54] Modify product: UPF0051 protein SA0778 => hypothetical protein
[11:34:54] Modify product: Probable cysteine desulfurase => putative cysteine desulfurase
[11:34:54] Modify product: Probable phosphatase Rv3661 => putative phosphatase
[11:34:54] Modify product: Probable ribosomal protein YlxQ => putative ribosomal protein YlxQ
[11:34:54] Modify product: Putative lipid kinase SP_1045 => Putative lipid kinase
[11:34:54] Modify product: Probable cobalt-factor III C(17)-methyltransferase => putative cobalt-factor III C(17)-methyltransferase
[11:34:54] Modify product: Uncharacterized ABC transporter ATP-binding protein Rv0986 => putative ABC transporter ATP-binding protein
[11:34:54] Modify product: Probable tryptophan transport protein => putative tryptophan transport protein
[11:34:54] Modify product: Multidrug efflux system ATP-binding protein Rv1218c => Multidrug efflux system ATP-binding protein
[11:34:54] Modify product: GTP cyclohydrolase 1 type 2 homolog => GTP cyclohydrolase 1 type 2 
[11:34:54] Modify product: Uncharacterized ABC transporter ATP-binding protein TM_0288 => putative ABC transporter ATP-binding protein
[11:34:54] Modify product: Probable protein kinase UbiB => putative protein kinase UbiB
[11:34:54] Modify product: Uncharacterized ABC transporter ATP-binding protein YknY => putative ABC transporter ATP-binding protein YknY
[11:34:54] Modify product: Uncharacterized ABC transporter ATP-binding protein YbiT => putative ABC transporter ATP-binding protein YbiT
[11:34:54] Modify product: Probable tRNA sulfurtransferase => putative tRNA sulfurtransferase
[11:34:54] Modify product: Fatty acid-binding protein TM_1468 => Fatty acid-binding protein
[11:34:54] Modify product: Uncharacterized zinc protease Rv2782c => putative zinc protease
[11:34:54] Modify product: TelA-like protein SA1238 => TelA-like protein
[11:34:54] Modify product: Uncharacterized ABC transporter ATP-binding protein YbiT => putative ABC transporter ATP-binding protein YbiT
[11:34:54] Modify product: DegV domain-containing protein MW1315 => DegV domain-containing protein
[11:34:54] Modify product: Uncharacterized protein HI_0933 => putative protein
[11:34:54] Modify product: Dihydroorotate dehydrogenase B (NAD(+)), electron transfer subunit homolog => Dihydroorotate dehydrogenase B (NAD(+)), electron transfer subunit 
[11:34:54] Modify product: Uncharacterized ABC transporter ATP-binding protein TM_0288 => putative ABC transporter ATP-binding protein
[11:34:54] Modify product: Uncharacterized ABC transporter ATP-binding protein TM_0288 => putative ABC transporter ATP-binding protein
[11:34:54] Modify product: Probable lipid II flippase MurJ => putative lipid II flippase MurJ
[11:34:54] Modify product: Uncharacterized metal-dependent hydrolase YcfH => putative metal-dependent hydrolase YcfH
[11:34:54] Modify product: UPF0073 inner membrane protein YqfA => hypothetical protein
[11:34:54] Modify product: Uncharacterized protein HP_1423 => putative protein
[11:34:54] Modify product: Bifunctional protein FolD => Bifunctional protein FolD protein
[11:34:54] Modify product: Nucleotidase CA_C3379 => Nucleotidase
[11:34:54] Modify product: UPF0701 protein YicC => hypothetical protein
[11:34:54] Modify product: Probable dual-specificity RNA methyltransferase RlmN => putative dual-specificity RNA methyltransferase RlmN
[11:34:54] Modify product: UPF0324 inner membrane protein YeiH => hypothetical protein
[11:34:54] Modify product: Rqc2 homolog RqcH => Rqc2 RqcH
[11:34:54] Modify product: Uncharacterized protein YjdJ => putative protein YjdJ
[11:34:54] Modify product: Probable bacterial non-heme ferritin => putative bacterial non-heme ferritin
[11:34:54] Modify product: Peptidoglycan-N-acetylglucosamine deacetylase BC_3618 => Peptidoglycan-N-acetylglucosamine deacetylase
[11:34:54] Modify product: Uncharacterized protein Spy1614 => putative protein
[11:34:54] Modify product: Uncharacterized protein SA1069 => putative protein
[11:34:54] Modify product: Uncharacterized protein Rv2927c => putative protein
[11:34:54] Modify product: Uncharacterized protein Spy1535 => putative protein
[11:34:54] Modify product: Uncharacterized protein YqeY => putative protein YqeY
[11:34:55] Modify product: Putative metallophosphoesterase MG207 homolog => Putative metallophosphoesterase MG207 
[11:34:55] Modify product: Probable transcriptional regulatory protein aq_1575 => putative transcriptional regulatory protein
[11:34:55] Modify product: DegV domain-containing protein SA1258 => DegV domain-containing protein
[11:34:55] Modify product: Uncharacterized protein Rv1488 => putative protein
[11:34:55] Modify product: UPF0371 protein DIP2346 => hypothetical protein
[11:34:55] Modify product: Uncharacterized oxidoreductase SA2266 => putative oxidoreductase
[11:34:55] Modify product: Probable M18 family aminopeptidase 2 => putative M18 family aminopeptidase 2
[11:34:55] Modify product: UPF0145 protein YbjQ => hypothetical protein
[11:34:55] Modify product: Uncharacterized ABC transporter ATP-binding protein TM_0288 => putative ABC transporter ATP-binding protein
[11:34:55] Modify product: Probable cell division protein WhiA => putative cell division protein WhiA
[11:34:55] Modify product: Putative multidrug export ATP-binding/permease protein SAV1866 => Putative multidrug export ATP-binding/permease protein
[11:34:55] Modify product: Probable ABC transporter ATP-binding/permease protein HI_0664 => putative ABC transporter ATP-binding/permease protein
[11:34:55] Modify product: Nucleoid-associated protein Cthe_2143 => Nucleoid-associated protein
[11:34:55] Modify product: Transcriptional repressor SmtB homolog => Transcriptional repressor SmtB 
[11:34:55] Modify product: Uncharacterized ABC transporter ATP-binding protein YheS => putative ABC transporter ATP-binding protein YheS
[11:34:55] Modify product: UPF0126 inner membrane protein YadS => hypothetical protein
[11:34:55] Modify product: Putative multidrug export ATP-binding/permease protein SAV1866 => Putative multidrug export ATP-binding/permease protein
[11:34:55] Modify product: UPF0053 protein HI_0107 => hypothetical protein
[11:34:55] Modify product: Probable heme-iron transport system permease protein IsdF => putative heme-iron transport system permease protein IsdF
[11:34:55] Modify product: Probable nicotinate-nucleotide pyrophosphorylase [carboxylating] => putative nicotinate-nucleotide pyrophosphorylase [carboxylating]
[11:34:55] Modify product: Uncharacterized protein YqeN => putative protein YqeN
[11:34:55] Cleaned 73 /product names
[11:34:55] Deleting unwanted file: prokka_output/M1640524367/M1640524367.sprot.tmp.21825.faa
[11:34:55] Deleting unwanted file: prokka_output/M1640524367/M1640524367.sprot.tmp.21825.blast
[11:34:55] There are still 651 unannotated CDS left (started with 1494)
[11:34:55] Will use hmmer3 to search against /home/frederick/anaconda3/envs/prokka/db/hmm/HAMAP.hmm with 8 CPUs
[11:34:55] Running: cat prokka_output\/M1640524367\/M1640524367\.HAMAP\.hmm\.tmp\.21825\.faa | parallel --gnu --plain -j 8 --block 12549 --recstart '>' --pipe hmmscan --noali --notextw --acc -E 1e-09 --cpu 1 /home/frederick/anaconda3/envs/prokka/db/hmm/HAMAP.hmm /dev/stdin > prokka_output\/M1640524367\/M1640524367\.HAMAP\.hmm\.tmp\.21825\.hmmer3 2> /dev/null
[11:35:01] Modify product: Uncharacterized Nudix hydrolase NudL => putative Nudix hydrolase NudL
[11:35:01] Cleaned 1 /product names
[11:35:01] Deleting unwanted file: prokka_output/M1640524367/M1640524367.HAMAP.hmm.tmp.21825.faa
[11:35:01] Deleting unwanted file: prokka_output/M1640524367/M1640524367.HAMAP.hmm.tmp.21825.hmmer3
[11:35:01] Labelling remaining 557 proteins as 'hypothetical protein'
[11:35:01] Possible /pseudo 'Putative fluoride ion transporter CrcB' at gnl|Prokka|PHAIDCFJ_1 position 14121
[11:35:01] Possible /pseudo 'Polyisoprenyl-teichoic acid--peptidoglycan teichoic acid transferase TagU' at gnl|Prokka|PHAIDCFJ_2 position 33515
[11:35:01] Possible /pseudo 'putative protein' at gnl|Prokka|PHAIDCFJ_11 position 35222
[11:35:01] Found 769 unique /gene codes.
[11:35:01] Fixed 2 duplicate /gene - mnmE_1 mnmE_2
[11:35:01] Fixed 3 duplicate /gene - alsT_1 alsT_2 alsT_3
[11:35:01] Fixed 2 duplicate /gene - phoP_1 phoP_2
[11:35:01] Fixed 2 duplicate /gene - yxdL_1 yxdL_2
[11:35:01] Fixed 2 duplicate /gene - polC_1 polC_2
[11:35:01] Fixed 2 duplicate /gene - artQ_1 artQ_2
[11:35:01] Fixed 3 duplicate /gene - gloB_1 gloB_2 gloB_3
[11:35:01] Fixed 3 duplicate /gene - rhaR_1 rhaR_2 rhaR_3
[11:35:01] Fixed 2 duplicate /gene - gap_1 gap_2
[11:35:01] Fixed 2 duplicate /gene - crcB_1 crcB_2
[11:35:01] Fixed 2 duplicate /gene - rlmL_1 rlmL_2
[11:35:01] Fixed 2 duplicate /gene - COQ5_1 COQ5_2
[11:35:01] Fixed 4 duplicate /gene - ecfT_1 ecfT_2 ecfT_3 ecfT_4
[11:35:01] Fixed 2 duplicate /gene - asd_1 asd_2
[11:35:01] Fixed 4 duplicate /gene - brnQ_1 brnQ_2 brnQ_3 brnQ_4
[11:35:01] Fixed 4 duplicate /gene - ykoD_1 ykoD_2 ykoD_3 ykoD_4
[11:35:01] Fixed 2 duplicate /gene - murE_1 murE_2
[11:35:01] Fixed 2 duplicate /gene - prsA_1 prsA_2
[11:35:01] Fixed 2 duplicate /gene - alaS_1 alaS_2
[11:35:01] Fixed 2 duplicate /gene - tagU_1 tagU_2
[11:35:01] Fixed 2 duplicate /gene - acpP_1 acpP_2
[11:35:01] Fixed 3 duplicate /gene - msbA_1 msbA_2 msbA_3
[11:35:01] Fixed 2 duplicate /gene - pepD_1 pepD_2
[11:35:01] Fixed 2 duplicate /gene - hmo_1 hmo_2
[11:35:01] Fixed 2 duplicate /gene - rluD_1 rluD_2
[11:35:01] Fixed 2 duplicate /gene - carE_1 carE_2
[11:35:01] Fixed 3 duplicate /gene - sasA_1 sasA_2 sasA_3
[11:35:01] Fixed 2 duplicate /gene - secA_1 secA_2
[11:35:01] Fixed 2 duplicate /gene - artM_1 artM_2
[11:35:01] Fixed 2 duplicate /gene - lysN_1 lysN_2
[11:35:01] Fixed 2 duplicate /gene - fabG_1 fabG_2
[11:35:01] Fixed 2 duplicate /gene - artP_1 artP_2
[11:35:01] Fixed 2 duplicate /gene - pspA_1 pspA_2
[11:35:01] Fixed 2 duplicate /gene - carA_1 carA_2
[11:35:01] Fixed 2 duplicate /gene - macB_1 macB_2
[11:35:01] Fixed 2 duplicate /gene - fusA_1 fusA_2
[11:35:01] Fixed 2 duplicate /gene - dapA_1 dapA_2
[11:35:01] Fixed 2 duplicate /gene - carC_1 carC_2
[11:35:01] Fixed 2 duplicate /gene - bioB_1 bioB_2
[11:35:01] Fixed 2 duplicate /gene - bcrA_1 bcrA_2
[11:35:01] Fixed 2 duplicate /gene - ybiT_1 ybiT_2
[11:35:01] Fixed 2 duplicate /gene - carD_1 carD_2
[11:35:01] Fixed 2 duplicate /gene - cysG_1 cysG_2
[11:35:01] Fixed 2 duplicate /gene - ugtP_1 ugtP_2
[11:35:01] Fixed 8 duplicate /gene - lytC_1 lytC_2 lytC_3 lytC_4 lytC_5 lytC_6 lytC_7 lytC_8
[11:35:01] Fixed 2 duplicate /gene - fldA_1 fldA_2
[11:35:01] Fixed 2 duplicate /gene - sstT_1 sstT_2
[11:35:01] Fixed 2 duplicate /gene - lnrL_1 lnrL_2
[11:35:01] Fixed 2 duplicate /gene - rlmCD_1 rlmCD_2
[11:35:01] Fixed 2 duplicate /gene - hadC_1 hadC_2
[11:35:01] Fixed 3 duplicate /gene - dnaA_1 dnaA_2 dnaA_3
[11:35:01] Fixed 2 duplicate /gene - tuaG_1 tuaG_2
[11:35:01] Fixed 6 duplicate /gene - mepA_1 mepA_2 mepA_3 mepA_4 mepA_5 mepA_6
[11:35:01] Fixed 2 duplicate /gene - cpdA_1 cpdA_2
[11:35:01] Fixed 2 duplicate /gene - glmU_1 glmU_2
[11:35:01] Fixed 2 duplicate /gene - rsxB_1 rsxB_2
[11:35:01] Fixed 2 duplicate /gene - hpt_1 hpt_2
[11:35:01] Fixed 2 duplicate /gene - clsA_1 clsA_2
[11:35:01] Fixed 2 duplicate /gene - rspR_1 rspR_2
[11:35:01] Fixed 2 duplicate /gene - murJ_1 murJ_2
[11:35:01] Fixed 2 duplicate /gene - moaA_1 moaA_2
[11:35:01] Fixed 2 duplicate /gene - mreB_1 mreB_2
[11:35:01] Fixed 2 duplicate /gene - btuD_1 btuD_2
[11:35:01] Fixed 2 duplicate /gene - mtgA_1 mtgA_2
[11:35:01] Fixed 64 colliding /gene names.
[11:35:01] Adding /locus_tag identifiers
[11:35:01] Assigned 1519 locus_tags to CDS and RNA features.
[11:35:01] Writing outputs to prokka_output/M1640524367/
[11:35:03] Generating annotation statistics file
[11:35:03] Generating Genbank and Sequin files
[11:35:03] Running: tbl2asn -V b -a r10k -l paired-ends -M n -N 1 -y 'Annotated using prokka 1.14.6 from https://github.com/tseemann/prokka' -Z prokka_output\/M1640524367\/M1640524367\.err -i prokka_output\/M1640524367\/M1640524367\.fsa 2> /dev/null
[11:35:12] Deleting unwanted file: prokka_output/M1640524367/errorsummary.val
[11:35:12] Deleting unwanted file: prokka_output/M1640524367/M1640524367.dr
[11:35:12] Deleting unwanted file: prokka_output/M1640524367/M1640524367.fixedproducts
[11:35:12] Deleting unwanted file: prokka_output/M1640524367/M1640524367.ecn
[11:35:12] Deleting unwanted file: prokka_output/M1640524367/M1640524367.val
[11:35:12] Repairing broken .GBK output that tbl2asn produces...
[11:35:12] Running: sed 's/COORDINATES: profile/COORDINATES:profile/' < prokka_output\/M1640524367\/M1640524367\.gbf > prokka_output\/M1640524367\/M1640524367\.gbk
[11:35:14] Deleting unwanted file: prokka_output/M1640524367/M1640524367.gbf
[11:35:14] Output files:
[11:35:14] prokka_output/M1640524367/M1640524367.err
[11:35:14] prokka_output/M1640524367/M1640524367.faa
[11:35:14] prokka_output/M1640524367/M1640524367.ffn
[11:35:14] prokka_output/M1640524367/M1640524367.fna
[11:35:14] prokka_output/M1640524367/M1640524367.fsa
[11:35:14] prokka_output/M1640524367/M1640524367.gbk
[11:35:14] prokka_output/M1640524367/M1640524367.gff
[11:35:14] prokka_output/M1640524367/M1640524367.log
[11:35:14] prokka_output/M1640524367/M1640524367.sqn
[11:35:14] prokka_output/M1640524367/M1640524367.tbl
[11:35:14] prokka_output/M1640524367/M1640524367.tsv
[11:35:14] prokka_output/M1640524367/M1640524367.txt
[11:35:14] Annotation finished successfully.
[11:35:14] Walltime used: 0.95 minutes
[11:35:14] If you use this result please cite the Prokka paper:
[11:35:14] Seemann T (2014) Prokka: rapid prokaryotic genome annotation. Bioinformatics. 30(14):2068-9.
[11:35:14] Type 'prokka --citation' for more details.
[11:35:14] Share and enjoy!
