[11:25:51] This is prokka 1.14.6
[11:25:51] Written by Torsten Seemann <torsten.seemann@gmail.com>
[11:25:51] Homepage is https://github.com/tseemann/prokka
[11:25:51] Local time is Tue Apr  1 11:25:51 2025
[11:25:51] You are frederick
[11:25:51] Operating system is linux
[11:25:51] You have BioPerl 1.7.8
[11:25:51] System has 12 cores.
[11:25:51] Will use maximum of 8 cores.
[11:25:51] Annotating as >>> Bacteria <<<
[11:25:51] Generating locus_tag from 'mags/M1276965216.fna' contents.
[11:25:51] Setting --locustag CKPCHOMJ from MD5 c49c1863ce49863dbaa6ff888a5ab42f
[11:25:51] Enabling options to ensure Genbank/ENA/DDJB submission compliance.
[11:25:51] Re-using existing --outdir prokka_output/M1276965216
[11:25:51] Using filename prefix: M1276965216.XXX
[11:25:51] Setting HMMER_NCPU=1
[11:25:51] Writing log to: prokka_output/M1276965216/M1276965216.log
[11:25:51] Command: /home/frederick/anaconda3/envs/prokka/bin/prokka mags/M1276965216.fna --outdir prokka_output/M1276965216 --prefix M1276965216 --compliant --force
[11:25:51] Appending to PATH: /home/frederick/anaconda3/envs/prokka/bin
[11:25:51] Looking for 'aragorn' - found /home/frederick/anaconda3/envs/prokka/bin/aragorn
[11:25:51] Determined aragorn version is 001002 from 'ARAGORN v1.2.41 Dean Laslett'
[11:25:51] Looking for 'barrnap' - found /home/frederick/anaconda3/envs/prokka/bin/barrnap
[11:25:51] Determined barrnap version is 000009 from 'barrnap 0.9'
[11:25:51] Looking for 'blastp' - found /home/frederick/anaconda3/envs/prokka/bin/blastp
[11:25:51] Determined blastp version is 002016 from 'blastp: 2.16.0+'
[11:25:51] Looking for 'cmpress' - found /home/frederick/anaconda3/envs/prokka/bin/cmpress
[11:25:51] Determined cmpress version is 001001 from '# INFERNAL 1.1.5 (Sep 2023)'
[11:25:51] Looking for 'cmscan' - found /home/frederick/anaconda3/envs/prokka/bin/cmscan
[11:25:51] Determined cmscan version is 001001 from '# INFERNAL 1.1.5 (Sep 2023)'
[11:25:51] Looking for 'egrep' - found /usr/bin/egrep
[11:25:51] Looking for 'find' - found /usr/bin/find
[11:25:51] Looking for 'grep' - found /usr/bin/grep
[11:25:51] Looking for 'hmmpress' - found /home/frederick/anaconda3/envs/prokka/bin/hmmpress
[11:25:51] Determined hmmpress version is 003004 from '# HMMER 3.4 (Aug 2023); http://hmmer.org/'
[11:25:51] Looking for 'hmmscan' - found /home/frederick/anaconda3/envs/prokka/bin/hmmscan
[11:25:51] Determined hmmscan version is 003004 from '# HMMER 3.4 (Aug 2023); http://hmmer.org/'
[11:25:51] Looking for 'java' - found /home/frederick/anaconda3/envs/prokka/bin/java
[11:25:51] Looking for 'makeblastdb' - found /home/frederick/anaconda3/envs/prokka/bin/makeblastdb
[11:25:51] Determined makeblastdb version is 002016 from 'makeblastdb: 2.16.0+'
[11:25:51] Looking for 'minced' - found /home/frederick/anaconda3/envs/prokka/bin/minced
[11:25:52] Determined minced version is 004002 from 'minced 0.4.2'
[11:25:52] Looking for 'parallel' - found /home/frederick/anaconda3/envs/prokka/bin/parallel
[11:25:52] Determined parallel version is 20250222 from 'GNU parallel 20250222'
[11:25:52] Looking for 'prodigal' - found /home/frederick/anaconda3/envs/prokka/bin/prodigal
[11:25:52] Determined prodigal version is 002006 from 'Prodigal V2.6.3: February, 2016'
[11:25:52] Looking for 'prokka-genbank_to_fasta_db' - found /home/frederick/anaconda3/envs/prokka/bin/prokka-genbank_to_fasta_db
[11:25:52] Looking for 'sed' - found /usr/bin/sed
[11:25:52] Looking for 'tbl2asn' - found /home/frederick/anaconda3/envs/prokka/bin/tbl2asn
[11:25:52] Determined tbl2asn version is 025007 from 'tbl2asn 25.7   arguments:'
[11:25:52] Using genetic code table 11.
[11:25:52] Loading and checking input file: mags/M1276965216.fna
[11:25:52] Wrote 180 contigs totalling 1659016 bp.
[11:25:52] Predicting tRNAs and tmRNAs
[11:25:52] Running: aragorn -l -gc11  -w prokka_output\/M1276965216\/M1276965216\.fna
[11:25:53] 1 tmRNA c[12250,12600] 93,125 ANENNLLAA**
[11:25:53] 1 tRNA-Arg c[1011,1085] 35 (tcg)
[11:25:53] 1 tRNA-Arg [26850,26924] 35 (acg)
[11:25:53] 1 tRNA-Ser c[378,467] 35 (gga)
[11:25:53] 1 tRNA-Glu c[38,111] 35 (ttc)
[11:25:53] 2 tRNA-Asn c[121,193] 33 (gtt)
[11:25:53] 1 tRNA-Arg [311,385] 35 (cct)
[11:25:53] 1 tRNA-Pyl c[11659,11734] 37 (cta)
[11:25:53] 2 tRNA-Gly c[11741,11815] 33 (gcc)
[11:25:53] 3 tRNA-Asp c[11828,11904] 35 (gtc)
[11:25:53] 4 tRNA-Val c[11912,11987] 34 (tac)
[11:25:53] 5 tRNA-Glu c[11993,12066] 35 (ttc)
[11:25:53] 6 tRNA-Met c[12088,12163] 34 (cat)
[11:25:53] 7 tRNA-Asn c[12172,12246] 33 (gtt)
[11:25:53] 1 tRNA-Gly c[40,113] 33 (tcc)
[11:25:53] 2 tRNA-Glu c[125,196] 34 (ctc)
[11:25:54] 1 tRNA-Cys c[2849,2920] 33 (gca)
[11:25:54] 2 tRNA-Lys c[2941,3015] 35 (ctt)
[11:25:54] 3 tRNA-Met c[3022,3098] 35 (cat)
[11:25:54] 4 tRNA-Phe c[3113,3188] 34 (gaa)
[11:25:54] 5 tRNA-Ser c[3193,3281] 35 (tga)
[11:25:54] 6 tRNA-Gln c[3302,3377] 34 (ttg)
[11:25:54] 7 tRNA-Leu c[3472,3555] 35 (tag)
[11:25:54] 1 tRNA-Leu c[404,488] 35 (caa)
[11:25:54] Found 24 tRNAs
[11:25:54] Predicting Ribosomal RNAs
[11:25:54] Running Barrnap with 8 threads
[11:25:54] 1 gnl|Prokka|CKPCHOMJ_121 4204 5S ribosomal RNA (partial)
[11:25:54] 2 gnl|Prokka|CKPCHOMJ_13 202 5S ribosomal RNA
[11:25:54] Found 2 rRNAs
[11:25:54] Skipping ncRNA search, enable with --rfam if desired.
[11:25:54] Total of 25 tRNA + rRNA features
[11:25:54] Searching for CRISPR repeats
[11:25:54] Found 0 CRISPRs
[11:25:54] Predicting coding sequences
[11:25:54] Contigs total 1659016 bp, so using single mode
[11:25:54] Running: prodigal -i prokka_output\/M1276965216\/M1276965216\.fna -c -m -g 11 -p single -f sco -q
[11:25:59] Found 1439 CDS
[11:25:59] Connecting features back to sequences
[11:25:59] Not using genus-specific database. Try --usegenus to enable it.
[11:25:59] Annotating CDS, please be patient.
[11:25:59] Will use 8 CPUs for similarity searching.
[11:25:59] There are still 1439 unannotated CDS left (started with 1439)
[11:25:59] Will use blast to search against /home/frederick/anaconda3/envs/prokka/db/kingdom/Bacteria/IS with 8 CPUs
[11:25:59] Running: cat prokka_output\/M1276965216\/M1276965216\.IS\.tmp\.11385\.faa | parallel --gnu --plain -j 8 --block 28729 --recstart '>' --pipe blastp -query - -db /home/frederick/anaconda3/envs/prokka/db/kingdom/Bacteria/IS -evalue 1e-30 -qcov_hsp_perc 90 -num_threads 1 -num_descriptions 1 -num_alignments 1 -seg no > prokka_output\/M1276965216\/M1276965216\.IS\.tmp\.11385\.blast 2> /dev/null
[11:26:04] Deleting unwanted file: prokka_output/M1276965216/M1276965216.IS.tmp.11385.faa
[11:26:04] Deleting unwanted file: prokka_output/M1276965216/M1276965216.IS.tmp.11385.blast
[11:26:04] There are still 1436 unannotated CDS left (started with 1439)
[11:26:04] Will use blast to search against /home/frederick/anaconda3/envs/prokka/db/kingdom/Bacteria/AMR with 8 CPUs
[11:26:04] Running: cat prokka_output\/M1276965216\/M1276965216\.AMR\.tmp\.11385\.faa | parallel --gnu --plain -j 8 --block 28692 --recstart '>' --pipe blastp -query - -db /home/frederick/anaconda3/envs/prokka/db/kingdom/Bacteria/AMR -evalue 1e-300 -qcov_hsp_perc 90 -num_threads 1 -num_descriptions 1 -num_alignments 1 -seg no > prokka_output\/M1276965216\/M1276965216\.AMR\.tmp\.11385\.blast 2> /dev/null
[11:26:08] Deleting unwanted file: prokka_output/M1276965216/M1276965216.AMR.tmp.11385.faa
[11:26:08] Deleting unwanted file: prokka_output/M1276965216/M1276965216.AMR.tmp.11385.blast
[11:26:09] There are still 1435 unannotated CDS left (started with 1439)
[11:26:09] Will use blast to search against /home/frederick/anaconda3/envs/prokka/db/kingdom/Bacteria/sprot with 8 CPUs
[11:26:09] Running: cat prokka_output\/M1276965216\/M1276965216\.sprot\.tmp\.11385\.faa | parallel --gnu --plain -j 8 --block 28627 --recstart '>' --pipe blastp -query - -db /home/frederick/anaconda3/envs/prokka/db/kingdom/Bacteria/sprot -evalue 1e-09 -qcov_hsp_perc 80 -num_threads 1 -num_descriptions 1 -num_alignments 1 -seg no > prokka_output\/M1276965216\/M1276965216\.sprot\.tmp\.11385\.blast 2> /dev/null
[11:26:26] Modify product: UPF0073 inner membrane protein YqfA => hypothetical protein
[11:26:26] Modify product: Uncharacterized metal-dependent hydrolase YcfH => putative metal-dependent hydrolase YcfH
[11:26:26] Modify product: Probable bacterial non-heme ferritin => putative bacterial non-heme ferritin
[11:26:26] Modify product: Uncharacterized ABC transporter ATP-binding protein Rv0986 => putative ABC transporter ATP-binding protein
[11:26:26] Modify product: Putative multidrug export ATP-binding/permease protein SAV1866 => Putative multidrug export ATP-binding/permease protein
[11:26:26] Modify product: Putative multidrug export ATP-binding/permease protein SAV1866 => Putative multidrug export ATP-binding/permease protein
[11:26:26] Modify product: Uncharacterized ABC transporter ATP-binding protein YheS => putative ABC transporter ATP-binding protein YheS
[11:26:26] Modify product: UPF0126 inner membrane protein YadS => hypothetical protein
[11:26:26] Modify product: Probable transcriptional regulatory protein HI_0315 => putative transcriptional regulatory protein
[11:26:26] Modify product: Uncharacterized ABC transporter ATP-binding protein YbiT => putative ABC transporter ATP-binding protein YbiT
[11:26:26] Modify product: Probable protein kinase UbiB => putative protein kinase UbiB
[11:26:26] Modify product: Nucleotidase CA_C3379 => Nucleotidase
[11:26:26] Modify product: Probable glucosamine-6-phosphate deaminase 2 => putative glucosamine-6-phosphate deaminase 2
[11:26:26] Modify product: Uncharacterized oxidoreductase SA2266 => putative oxidoreductase
[11:26:26] Modify product: Uncharacterized protein HP_1423 => putative protein
[11:26:26] Modify product: Uncharacterized PIN and TRAM-domain containing protein YacL => putative PIN and TRAM-domain containing protein YacL
[11:26:26] Modify product: Probable ribosomal protein YlxQ => putative ribosomal protein YlxQ
[11:26:26] Modify product: UPF0337 protein SA1452 => hypothetical protein
[11:26:26] Modify product: Uncharacterized ABC transporter ATP-binding protein TM_0288 => putative ABC transporter ATP-binding protein
[11:26:26] Modify product: Bifunctional protein FolD => Bifunctional protein FolD protein
[11:26:26] Modify product: Probable heme-iron transport system permease protein IsdF => putative heme-iron transport system permease protein IsdF
[11:26:26] Modify product: Uncharacterized ABC transporter ATP-binding protein TM_0288 => putative ABC transporter ATP-binding protein
[11:26:26] Modify product: Uncharacterized RNA methyltransferase SP_1029 => putative RNA methyltransferase
[11:26:26] Modify product: TelA-like protein SA1238 => TelA-like protein
[11:26:26] Modify product: Probable dual-specificity RNA methyltransferase RlmN => putative dual-specificity RNA methyltransferase RlmN
[11:26:27] Modify product: UPF0701 protein YicC => hypothetical protein
[11:26:27] Modify product: Probable nicotinate-nucleotide pyrophosphorylase [carboxylating] => putative nicotinate-nucleotide pyrophosphorylase [carboxylating]
[11:26:27] Modify product: Probable ABC transporter ATP-binding/permease protein HI_0664 => putative ABC transporter ATP-binding/permease protein
[11:26:27] Modify product: Putative multidrug export ATP-binding/permease protein SAV1866 => Putative multidrug export ATP-binding/permease protein
[11:26:27] Modify product: Probable transcription repressor NiaR => putative transcription repressor NiaR
[11:26:27] Modify product: Putative multidrug export ATP-binding/permease protein SAV1866 => Putative multidrug export ATP-binding/permease protein
[11:26:27] Modify product: Probable NADH oxidase => putative NADH oxidase
[11:26:27] Modify product: DegV domain-containing protein MW1315 => DegV domain-containing protein
[11:26:27] Modify product: UPF0324 inner membrane protein YeiH => hypothetical protein
[11:26:27] Modify product: Probable cell division protein WhiA => putative cell division protein WhiA
[11:26:27] Modify product: Uncharacterized zinc protease Rv2782c => putative zinc protease
[11:26:27] Modify product: Uncharacterized protein HI_0933 => putative protein
[11:26:27] Modify product: Peptidoglycan-N-acetylglucosamine deacetylase BC_3618 => Peptidoglycan-N-acetylglucosamine deacetylase
[11:26:27] Modify product: GTP cyclohydrolase 1 type 2 homolog => GTP cyclohydrolase 1 type 2 
[11:26:27] Modify product: Multidrug efflux system ATP-binding protein Rv1218c => Multidrug efflux system ATP-binding protein
[11:26:27] Modify product: Probable M18 family aminopeptidase 2 => putative M18 family aminopeptidase 2
[11:26:27] Modify product: Probable cobalt-factor III C(17)-methyltransferase => putative cobalt-factor III C(17)-methyltransferase
[11:26:27] Modify product: UPF0051 protein SA0778 => hypothetical protein
[11:26:27] Modify product: Probable cysteine desulfurase => putative cysteine desulfurase
[11:26:27] Modify product: Probable lipid II flippase MurJ => putative lipid II flippase MurJ
[11:26:27] Modify product: Uncharacterized protein YqeY => putative protein YqeY
[11:26:27] Modify product: Probable tRNA sulfurtransferase => putative tRNA sulfurtransferase
[11:26:27] Modify product: Uncharacterized ABC transporter ATP-binding protein YknY => putative ABC transporter ATP-binding protein YknY
[11:26:27] Modify product: Probable nicotinate-nucleotide adenylyltransferase => putative nicotinate-nucleotide adenylyltransferase
[11:26:27] Modify product: UPF0053 protein HI_0107 => hypothetical protein
[11:26:27] Modify product: UPF0145 protein YbjQ => hypothetical protein
[11:26:27] Modify product: Uncharacterized protein YqeN => putative protein YqeN
[11:26:27] Modify product: Uncharacterized ABC transporter ATP-binding protein YbiT => putative ABC transporter ATP-binding protein YbiT
[11:26:27] Modify product: UPF0297 protein EF_1202 => hypothetical protein
[11:26:27] Modify product: Uncharacterized protein Rv2927c => putative protein
[11:26:27] Modify product: DegV domain-containing protein SA1258 => DegV domain-containing protein
[11:26:27] Modify product: Putative metallophosphoesterase MG207 homolog => Putative metallophosphoesterase MG207 
[11:26:27] Modify product: UPF0758 protein YsxA => hypothetical protein
[11:26:27] Modify product: Calcium-transporting ATPase lmo0841 => Calcium-transporting ATPase
[11:26:27] Modify product: Uncharacterized protein SA1069 => putative protein
[11:26:27] Modify product: Uncharacterized protein Spy1614 => putative protein
[11:26:27] Modify product: Uncharacterized ABC transporter ATP-binding protein Rv0986 => putative ABC transporter ATP-binding protein
[11:26:27] Modify product: Nucleoid-associated protein Cthe_2143 => Nucleoid-associated protein
[11:26:27] Modify product: Uncharacterized ABC transporter ATP-binding protein TM_0288 => putative ABC transporter ATP-binding protein
[11:26:27] Modify product: Transcriptional repressor SmtB homolog => Transcriptional repressor SmtB 
[11:26:27] Modify product: Dihydroorotate dehydrogenase B (NAD(+)), electron transfer subunit homolog => Dihydroorotate dehydrogenase B (NAD(+)), electron transfer subunit 
[11:26:27] Modify product: Probable cystine transporter YijE => putative cystine transporter YijE
[11:26:27] Modify product: Rqc2 homolog RqcH => Rqc2 RqcH
[11:26:27] Modify product: Probable phosphatase Rv3661 => putative phosphatase
[11:26:27] Modify product: UPF0371 protein DIP2346 => hypothetical protein
[11:26:27] Modify product: Multidrug efflux system ATP-binding protein Rv1218c => Multidrug efflux system ATP-binding protein
[11:26:27] Modify product: Uncharacterized ABC transporter ATP-binding protein Rv1273c => putative ABC transporter ATP-binding protein
[11:26:27] Modify product: GTP-binding protein TypA/BipA homolog => GTP-binding protein TypA/BipA 
[11:26:27] Cleaned 73 /product names
[11:26:27] Deleting unwanted file: prokka_output/M1276965216/M1276965216.sprot.tmp.11385.faa
[11:26:27] Deleting unwanted file: prokka_output/M1276965216/M1276965216.sprot.tmp.11385.blast
[11:26:27] There are still 647 unannotated CDS left (started with 1439)
[11:26:27] Will use hmmer3 to search against /home/frederick/anaconda3/envs/prokka/db/hmm/HAMAP.hmm with 8 CPUs
[11:26:27] Running: cat prokka_output\/M1276965216\/M1276965216\.HAMAP\.hmm\.tmp\.11385\.faa | parallel --gnu --plain -j 8 --block 11873 --recstart '>' --pipe hmmscan --noali --notextw --acc -E 1e-09 --cpu 1 /home/frederick/anaconda3/envs/prokka/db/hmm/HAMAP.hmm /dev/stdin > prokka_output\/M1276965216\/M1276965216\.HAMAP\.hmm\.tmp\.11385\.hmmer3 2> /dev/null
[11:26:35] Modify product: Uncharacterized Nudix hydrolase NudL => putative Nudix hydrolase NudL
[11:26:35] Cleaned 1 /product names
[11:26:35] Deleting unwanted file: prokka_output/M1276965216/M1276965216.HAMAP.hmm.tmp.11385.faa
[11:26:35] Deleting unwanted file: prokka_output/M1276965216/M1276965216.HAMAP.hmm.tmp.11385.hmmer3
[11:26:35] Labelling remaining 561 proteins as 'hypothetical protein'
[11:26:35] Possible /pseudo 'Putative multidrug export ATP-binding/permease protein' at gnl|Prokka|CKPCHOMJ_7 position 11238
[11:26:35] Possible /pseudo 'N-acetylmuramoyl-L-alanine amidase LytC' at gnl|Prokka|CKPCHOMJ_11 position 17201
[11:26:35] Possible /pseudo 'Elongation factor Tu' at gnl|Prokka|CKPCHOMJ_12 position 25262
[11:26:35] Possible /pseudo 'putative protein' at gnl|Prokka|CKPCHOMJ_58 position 4555
[11:26:35] Possible /pseudo 'Polyisoprenyl-teichoic acid--peptidoglycan teichoic acid transferase TagU' at gnl|Prokka|CKPCHOMJ_92 position 1342
[11:26:35] Found 722 unique /gene codes.
[11:26:35] Fixed 2 duplicate /gene - rspR_1 rspR_2
[11:26:35] Fixed 2 duplicate /gene - carD_1 carD_2
[11:26:35] Fixed 2 duplicate /gene - tagU_1 tagU_2
[11:26:35] Fixed 3 duplicate /gene - rhaR_1 rhaR_2 rhaR_3
[11:26:35] Fixed 2 duplicate /gene - rsxB_1 rsxB_2
[11:26:35] Fixed 2 duplicate /gene - artQ_1 artQ_2
[11:26:35] Fixed 2 duplicate /gene - tuf_1 tuf_2
[11:26:35] Fixed 2 duplicate /gene - bioB_1 bioB_2
[11:26:35] Fixed 2 duplicate /gene - artP_1 artP_2
[11:26:35] Fixed 2 duplicate /gene - rluD_1 rluD_2
[11:26:35] Fixed 2 duplicate /gene - pspA_1 pspA_2
[11:26:35] Fixed 2 duplicate /gene - carA_1 carA_2
[11:26:35] Fixed 2 duplicate /gene - sigM_1 sigM_2
[11:26:35] Fixed 2 duplicate /gene - prsA_1 prsA_2
[11:26:35] Fixed 2 duplicate /gene - sasA_1 sasA_2
[11:26:35] Fixed 2 duplicate /gene - glgC_1 glgC_2
[11:26:35] Fixed 2 duplicate /gene - asd_1 asd_2
[11:26:35] Fixed 2 duplicate /gene - gap_1 gap_2
[11:26:35] Fixed 2 duplicate /gene - dapA_1 dapA_2
[11:26:35] Fixed 2 duplicate /gene - acpP_1 acpP_2
[11:26:35] Fixed 2 duplicate /gene - hpt_1 hpt_2
[11:26:35] Fixed 2 duplicate /gene - ugtP_1 ugtP_2
[11:26:35] Fixed 2 duplicate /gene - tuaG_1 tuaG_2
[11:26:35] Fixed 5 duplicate /gene - ykoD_1 ykoD_2 ykoD_3 ykoD_4 ykoD_5
[11:26:35] Fixed 2 duplicate /gene - fusA_1 fusA_2
[11:26:35] Fixed 2 duplicate /gene - carE_1 carE_2
[11:26:35] Fixed 2 duplicate /gene - ybiT_1 ybiT_2
[11:26:35] Fixed 2 duplicate /gene - hadC_1 hadC_2
[11:26:35] Fixed 2 duplicate /gene - carC_1 carC_2
[11:26:35] Fixed 2 duplicate /gene - ruvB_1 ruvB_2
[11:26:35] Fixed 4 duplicate /gene - mepA_1 mepA_2 mepA_3 mepA_4
[11:26:35] Fixed 2 duplicate /gene - mreB_1 mreB_2
[11:26:35] Fixed 2 duplicate /gene - rlmL_1 rlmL_2
[11:26:35] Fixed 2 duplicate /gene - murJ_1 murJ_2
[11:26:35] Fixed 3 duplicate /gene - alsT_1 alsT_2 alsT_3
[11:26:35] Fixed 2 duplicate /gene - mnmE_1 mnmE_2
[11:26:35] Fixed 2 duplicate /gene - moaA_1 moaA_2
[11:26:35] Fixed 4 duplicate /gene - brnQ_1 brnQ_2 brnQ_3 brnQ_4
[11:26:35] Fixed 2 duplicate /gene - cpdA_1 cpdA_2
[11:26:35] Fixed 2 duplicate /gene - artM_1 artM_2
[11:26:35] Fixed 2 duplicate /gene - fldA_1 fldA_2
[11:26:35] Fixed 2 duplicate /gene - dnaA_1 dnaA_2
[11:26:35] Fixed 2 duplicate /gene - alaS_1 alaS_2
[11:26:35] Fixed 2 duplicate /gene - secA_1 secA_2
[11:26:35] Fixed 2 duplicate /gene - sstT_1 sstT_2
[11:26:35] Fixed 2 duplicate /gene - lysN_1 lysN_2
[11:26:35] Fixed 2 duplicate /gene - macB_1 macB_2
[11:26:35] Fixed 2 duplicate /gene - cobD_1 cobD_2
[11:26:35] Fixed 2 duplicate /gene - glmU_1 glmU_2
[11:26:35] Fixed 2 duplicate /gene - cysG_1 cysG_2
[11:26:35] Fixed 2 duplicate /gene - fabG_1 fabG_2
[11:26:35] Fixed 2 duplicate /gene - COQ5_1 COQ5_2
[11:26:35] Fixed 3 duplicate /gene - msbA_1 msbA_2 msbA_3
[11:26:35] Fixed 2 duplicate /gene - murE_1 murE_2
[11:26:35] Fixed 2 duplicate /gene - phoP_1 phoP_2
[11:26:35] Fixed 2 duplicate /gene - lnrL_1 lnrL_2
[11:26:35] Fixed 7 duplicate /gene - lytC_1 lytC_2 lytC_3 lytC_4 lytC_5 lytC_6 lytC_7
[11:26:35] Fixed 4 duplicate /gene - ecfT_1 ecfT_2 ecfT_3 ecfT_4
[11:26:35] Fixed 58 colliding /gene names.
[11:26:35] Adding /locus_tag identifiers
[11:26:35] Assigned 1465 locus_tags to CDS and RNA features.
[11:26:35] Writing outputs to prokka_output/M1276965216/
[11:26:37] Generating annotation statistics file
[11:26:37] Generating Genbank and Sequin files
[11:26:37] Running: tbl2asn -V b -a r10k -l paired-ends -M n -N 1 -y 'Annotated using prokka 1.14.6 from https://github.com/tseemann/prokka' -Z prokka_output\/M1276965216\/M1276965216\.err -i prokka_output\/M1276965216\/M1276965216\.fsa 2> /dev/null
[11:26:45] Deleting unwanted file: prokka_output/M1276965216/errorsummary.val
[11:26:45] Deleting unwanted file: prokka_output/M1276965216/M1276965216.dr
[11:26:45] Deleting unwanted file: prokka_output/M1276965216/M1276965216.fixedproducts
[11:26:45] Deleting unwanted file: prokka_output/M1276965216/M1276965216.ecn
[11:26:45] Deleting unwanted file: prokka_output/M1276965216/M1276965216.val
[11:26:45] Repairing broken .GBK output that tbl2asn produces...
[11:26:45] Running: sed 's/COORDINATES: profile/COORDINATES:profile/' < prokka_output\/M1276965216\/M1276965216\.gbf > prokka_output\/M1276965216\/M1276965216\.gbk
[11:26:47] Deleting unwanted file: prokka_output/M1276965216/M1276965216.gbf
[11:26:47] Output files:
[11:26:47] prokka_output/M1276965216/M1276965216.err
[11:26:47] prokka_output/M1276965216/M1276965216.faa
[11:26:47] prokka_output/M1276965216/M1276965216.ffn
[11:26:47] prokka_output/M1276965216/M1276965216.fna
[11:26:47] prokka_output/M1276965216/M1276965216.fsa
[11:26:47] prokka_output/M1276965216/M1276965216.gbk
[11:26:47] prokka_output/M1276965216/M1276965216.gff
[11:26:47] prokka_output/M1276965216/M1276965216.log
[11:26:47] prokka_output/M1276965216/M1276965216.sqn
[11:26:47] prokka_output/M1276965216/M1276965216.tbl
[11:26:47] prokka_output/M1276965216/M1276965216.tsv
[11:26:47] prokka_output/M1276965216/M1276965216.txt
[11:26:47] Annotation finished successfully.
[11:26:47] Walltime used: 0.93 minutes
[11:26:47] If you use this result please cite the Prokka paper:
[11:26:47] Seemann T (2014) Prokka: rapid prokaryotic genome annotation. Bioinformatics. 30(14):2068-9.
[11:26:47] Type 'prokka --citation' for more details.
[11:26:47] Thank you, come again.
